[ 2015-12-02T21:51:19+08:00 ] 127.0.0.1 /favicon.ico
INFO: [ app_init ] --START--
INFO: Run Behavior\BuildLiteBehavior [ RunTime:0.000000s ]
INFO: [ app_init ] --END-- [ RunTime:0.000000s ]

[ 2015-12-02T21:51:19+08:00 ] 127.0.0.1 /favicon.ico
INFO: [ app_init ] --START--
INFO: Run Behavior\BuildLiteBehavior [ RunTime:0.000000s ]
INFO: [ app_init ] --END-- [ RunTime:0.000000s ]

[ 2015-12-02T21:51:41+08:00 ] 127.0.0.1 /Public/assets/js/jquery-2.0.3.min.map
INFO: [ app_init ] --START--
INFO: Run Behavior\BuildLiteBehavior [ RunTime:0.000000s ]
INFO: [ app_init ] --END-- [ RunTime:0.000000s ]
INFO: [ app_begin ] --START--
INFO: Run Behavior\ReadHtmlCacheBehavior [ RunTime:0.000000s ]
INFO: [ app_begin ] --END-- [ RunTime:0.000000s ]
ERR: 无法加载控制器:Public

[ 2015-12-02T21:51:56+08:00 ] 127.0.0.1 /Public/assets/js/jquery-2.0.3.min.map
INFO: [ app_init ] --START--
INFO: Run Behavior\BuildLiteBehavior [ RunTime:0.000000s ]
INFO: [ app_init ] --END-- [ RunTime:0.001000s ]
INFO: [ app_begin ] --START--
INFO: Run Behavior\ReadHtmlCacheBehavior [ RunTime:0.001000s ]
INFO: [ app_begin ] --END-- [ RunTime:0.001000s ]
ERR: 无法加载控制器:Public

[ 2015-12-02T21:52:26+08:00 ] 127.0.0.1 /Public/assets/js/jquery-2.0.3.min.map
INFO: [ app_init ] --START--
INFO: Run Behavior\BuildLiteBehavior [ RunTime:0.000000s ]
INFO: [ app_init ] --END-- [ RunTime:0.000000s ]
INFO: [ app_begin ] --START--
INFO: Run Behavior\ReadHtmlCacheBehavior [ RunTime:0.001000s ]
INFO: [ app_begin ] --END-- [ RunTime:0.001000s ]
ERR: 无法加载控制器:Public

[ 2015-12-02T21:54:10+08:00 ] 127.0.0.1 /Public/assets/js/jquery-2.0.3.min.map
INFO: [ app_init ] --START--
INFO: Run Behavior\BuildLiteBehavior [ RunTime:0.000000s ]
INFO: [ app_init ] --END-- [ RunTime:0.001000s ]
INFO: [ app_begin ] --START--
INFO: Run Behavior\ReadHtmlCacheBehavior [ RunTime:0.001000s ]
INFO: [ app_begin ] --END-- [ RunTime:0.001000s ]
ERR: 无法加载控制器:Public

[ 2015-12-02T21:54:39+08:00 ] 127.0.0.1 /Public/assets/js/jquery-2.0.3.min.map
INFO: [ app_init ] --START--
INFO: Run Behavior\BuildLiteBehavior [ RunTime:0.000000s ]
INFO: [ app_init ] --END-- [ RunTime:0.000000s ]
INFO: [ app_begin ] --START--
INFO: Run Behavior\ReadHtmlCacheBehavior [ RunTime:0.001000s ]
INFO: [ app_begin ] --END-- [ RunTime:0.001000s ]
ERR: 无法加载控制器:Public

[ 2015-12-02T21:54:44+08:00 ] 127.0.0.1 /Public/assets/js/jquery-2.0.3.min.map
INFO: [ app_init ] --START--
INFO: Run Behavior\BuildLiteBehavior [ RunTime:0.000000s ]
INFO: [ app_init ] --END-- [ RunTime:0.000000s ]
INFO: [ app_begin ] --START--
INFO: Run Behavior\ReadHtmlCacheBehavior [ RunTime:0.001000s ]
INFO: [ app_begin ] --END-- [ RunTime:0.001000s ]
ERR: 无法加载控制器:Public

[ 2015-12-02T21:55:17+08:00 ] 127.0.0.1 /Public/assets/js/jquery-2.0.3.min.map
INFO: [ app_init ] --START--
INFO: Run Behavior\BuildLiteBehavior [ RunTime:0.000000s ]
INFO: [ app_init ] --END-- [ RunTime:0.000000s ]
INFO: [ app_begin ] --START--
INFO: Run Behavior\ReadHtmlCacheBehavior [ RunTime:0.001000s ]
INFO: [ app_begin ] --END-- [ RunTime:0.001000s ]
ERR: 无法加载控制器:Public

[ 2015-12-02T21:55:32+08:00 ] 127.0.0.1 /Public/assets/js/jquery-2.0.3.min.map
INFO: [ app_init ] --START--
INFO: Run Behavior\BuildLiteBehavior [ RunTime:0.000000s ]
INFO: [ app_init ] --END-- [ RunTime:0.000000s ]
INFO: [ app_begin ] --START--
INFO: Run Behavior\ReadHtmlCacheBehavior [ RunTime:0.001000s ]
INFO: [ app_begin ] --END-- [ RunTime:0.001000s ]
ERR: 无法加载控制器:Public

[ 2015-12-02T21:55:46+08:00 ] 127.0.0.1 /Public/assets/js/jquery-2.0.3.min.map
INFO: [ app_init ] --START--
INFO: Run Behavior\BuildLiteBehavior [ RunTime:0.000000s ]
INFO: [ app_init ] --END-- [ RunTime:0.000000s ]
INFO: [ app_begin ] --START--
INFO: Run Behavior\ReadHtmlCacheBehavior [ RunTime:0.000000s ]
INFO: [ app_begin ] --END-- [ RunTime:0.000000s ]
ERR: 无法加载控制器:Public

[ 2015-12-02T21:56:00+08:00 ] 127.0.0.1 /Public/assets/js/jquery-2.0.3.min.map
INFO: [ app_init ] --START--
INFO: Run Behavior\BuildLiteBehavior [ RunTime:0.000000s ]
INFO: [ app_init ] --END-- [ RunTime:0.001000s ]
INFO: [ app_begin ] --START--
INFO: Run Behavior\ReadHtmlCacheBehavior [ RunTime:0.001000s ]
INFO: [ app_begin ] --END-- [ RunTime:0.001000s ]
ERR: 无法加载控制器:Public

[ 2015-12-02T21:56:28+08:00 ] 127.0.0.1 /Public/assets/js/jquery-2.0.3.min.map
INFO: [ app_init ] --START--
INFO: Run Behavior\BuildLiteBehavior [ RunTime:0.000000s ]
INFO: [ app_init ] --END-- [ RunTime:0.001000s ]
INFO: [ app_begin ] --START--
INFO: Run Behavior\ReadHtmlCacheBehavior [ RunTime:0.001000s ]
INFO: [ app_begin ] --END-- [ RunTime:0.001000s ]
ERR: 无法加载控制器:Public

[ 2015-12-02T21:56:52+08:00 ] 127.0.0.1 /Public/assets/js/jquery-2.0.3.min.map
INFO: [ app_init ] --START--
INFO: Run Behavior\BuildLiteBehavior [ RunTime:0.000000s ]
INFO: [ app_init ] --END-- [ RunTime:0.000000s ]
INFO: [ app_begin ] --START--
INFO: Run Behavior\ReadHtmlCacheBehavior [ RunTime:0.000000s ]
INFO: [ app_begin ] --END-- [ RunTime:0.000000s ]
ERR: 无法加载控制器:Public

[ 2015-12-02T21:57:01+08:00 ] 127.0.0.1 /Public/assets/js/jquery-2.0.3.min.map
INFO: [ app_init ] --START--
INFO: Run Behavior\BuildLiteBehavior [ RunTime:0.000000s ]
INFO: [ app_init ] --END-- [ RunTime:0.001000s ]
INFO: [ app_begin ] --START--
INFO: Run Behavior\ReadHtmlCacheBehavior [ RunTime:0.000000s ]
INFO: [ app_begin ] --END-- [ RunTime:0.001000s ]
ERR: 无法加载控制器:Public

[ 2015-12-02T21:57:09+08:00 ] 127.0.0.1 /Public/assets/js/jquery-2.0.3.min.map
INFO: [ app_init ] --START--
INFO: Run Behavior\BuildLiteBehavior [ RunTime:0.001000s ]
INFO: [ app_init ] --END-- [ RunTime:0.001000s ]
INFO: [ app_begin ] --START--
INFO: Run Behavior\ReadHtmlCacheBehavior [ RunTime:0.000000s ]
INFO: [ app_begin ] --END-- [ RunTime:0.000000s ]
ERR: 无法加载控制器:Public

[ 2015-12-02T21:57:16+08:00 ] 127.0.0.1 /Public/assets/js/jquery-2.0.3.min.map
INFO: [ app_init ] --START--
INFO: Run Behavior\BuildLiteBehavior [ RunTime:0.000000s ]
INFO: [ app_init ] --END-- [ RunTime:0.000000s ]
INFO: [ app_begin ] --START--
INFO: Run Behavior\ReadHtmlCacheBehavior [ RunTime:0.000000s ]
INFO: [ app_begin ] --END-- [ RunTime:0.000000s ]
ERR: 无法加载控制器:Public

[ 2015-12-02T21:57:35+08:00 ] 127.0.0.1 /Public/assets/js/jquery-2.0.3.min.map
INFO: [ app_init ] --START--
INFO: Run Behavior\BuildLiteBehavior [ RunTime:0.000000s ]
INFO: [ app_init ] --END-- [ RunTime:0.001001s ]
INFO: [ app_begin ] --START--
INFO: Run Behavior\ReadHtmlCacheBehavior [ RunTime:0.001000s ]
INFO: [ app_begin ] --END-- [ RunTime:0.001000s ]
ERR: 无法加载控制器:Public

[ 2015-12-02T21:57:43+08:00 ] 127.0.0.1 /Public/assets/js/jquery-2.0.3.min.map
INFO: [ app_init ] --START--
INFO: Run Behavior\BuildLiteBehavior [ RunTime:0.000000s ]
INFO: [ app_init ] --END-- [ RunTime:0.001000s ]
INFO: [ app_begin ] --START--
INFO: Run Behavior\ReadHtmlCacheBehavior [ RunTime:0.001000s ]
INFO: [ app_begin ] --END-- [ RunTime:0.001000s ]
ERR: 无法加载控制器:Public

[ 2015-12-02T21:57:50+08:00 ] 127.0.0.1 /Public/assets/js/jquery-2.0.3.min.map
INFO: [ app_init ] --START--
INFO: Run Behavior\BuildLiteBehavior [ RunTime:0.000000s ]
INFO: [ app_init ] --END-- [ RunTime:0.000000s ]
INFO: [ app_begin ] --START--
INFO: Run Behavior\ReadHtmlCacheBehavior [ RunTime:0.000000s ]
INFO: [ app_begin ] --END-- [ RunTime:0.000000s ]
ERR: 无法加载控制器:Public

[ 2015-12-02T21:58:00+08:00 ] 127.0.0.1 /Public/assets/js/jquery-2.0.3.min.map
INFO: [ app_init ] --START--
INFO: Run Behavior\BuildLiteBehavior [ RunTime:0.000000s ]
INFO: [ app_init ] --END-- [ RunTime:0.000000s ]
INFO: [ app_begin ] --START--
INFO: Run Behavior\ReadHtmlCacheBehavior [ RunTime:0.001000s ]
INFO: [ app_begin ] --END-- [ RunTime:0.001000s ]
ERR: 无法加载控制器:Public

[ 2015-12-02T21:58:09+08:00 ] 127.0.0.1 /Public/assets/js/jquery-2.0.3.min.map
INFO: [ app_init ] --START--
INFO: Run Behavior\BuildLiteBehavior [ RunTime:0.000000s ]
INFO: [ app_init ] --END-- [ RunTime:0.000000s ]
INFO: [ app_begin ] --START--
INFO: Run Behavior\ReadHtmlCacheBehavior [ RunTime:0.000000s ]
INFO: [ app_begin ] --END-- [ RunTime:0.000000s ]
ERR: 无法加载控制器:Public

[ 2015-12-02T21:58:18+08:00 ] 127.0.0.1 /Public/assets/js/jquery-2.0.3.min.map
INFO: [ app_init ] --START--
INFO: Run Behavior\BuildLiteBehavior [ RunTime:0.000000s ]
INFO: [ app_init ] --END-- [ RunTime:0.001000s ]
INFO: [ app_begin ] --START--
INFO: Run Behavior\ReadHtmlCacheBehavior [ RunTime:0.000000s ]
INFO: [ app_begin ] --END-- [ RunTime:0.001000s ]
ERR: 无法加载控制器:Public

[ 2015-12-02T21:58:27+08:00 ] 127.0.0.1 /Public/assets/js/jquery-2.0.3.min.map
INFO: [ app_init ] --START--
INFO: Run Behavior\BuildLiteBehavior [ RunTime:0.000000s ]
INFO: [ app_init ] --END-- [ RunTime:0.000000s ]
INFO: [ app_begin ] --START--
INFO: Run Behavior\ReadHtmlCacheBehavior [ RunTime:0.001000s ]
INFO: [ app_begin ] --END-- [ RunTime:0.001000s ]
ERR: 无法加载控制器:Public

[ 2015-12-02T22:04:13+08:00 ] 127.0.0.1 /Public/assets/js/jquery-2.0.3.min.map
INFO: [ app_init ] --START--
INFO: Run Behavior\BuildLiteBehavior [ RunTime:0.000000s ]
INFO: [ app_init ] --END-- [ RunTime:0.000000s ]
INFO: [ app_begin ] --START--
INFO: Run Behavior\ReadHtmlCacheBehavior [ RunTime:0.000000s ]
INFO: [ app_begin ] --END-- [ RunTime:0.000000s ]
ERR: 无法加载控制器:Public

[ 2015-12-02T22:10:22+08:00 ] 127.0.0.1 /Public/assets/js/jquery-2.0.3.min.map
INFO: [ app_init ] --START--
INFO: Run Behavior\BuildLiteBehavior [ RunTime:0.000000s ]
INFO: [ app_init ] --END-- [ RunTime:0.000000s ]
INFO: [ app_begin ] --START--
INFO: Run Behavior\ReadHtmlCacheBehavior [ RunTime:0.000000s ]
INFO: [ app_begin ] --END-- [ RunTime:0.000000s ]
ERR: 无法加载控制器:Public

[ 2015-12-02T22:10:23+08:00 ] 127.0.0.1 /Public/assets/js/jquery-2.0.3.min.map
INFO: [ app_init ] --START--
INFO: Run Behavior\BuildLiteBehavior [ RunTime:0.000000s ]
INFO: [ app_init ] --END-- [ RunTime:0.000000s ]
INFO: [ app_begin ] --START--
INFO: Run Behavior\ReadHtmlCacheBehavior [ RunTime:0.000000s ]
INFO: [ app_begin ] --END-- [ RunTime:0.001000s ]
ERR: 无法加载控制器:Public

[ 2015-12-02T22:10:46+08:00 ] 127.0.0.1 /Public/assets/js/jquery-2.0.3.min.map
INFO: [ app_init ] --START--
INFO: Run Behavior\BuildLiteBehavior [ RunTime:0.000000s ]
INFO: [ app_init ] --END-- [ RunTime:0.001000s ]
INFO: [ app_begin ] --START--
INFO: Run Behavior\ReadHtmlCacheBehavior [ RunTime:0.001000s ]
INFO: [ app_begin ] --END-- [ RunTime:0.001000s ]
ERR: 无法加载控制器:Public

[ 2015-12-02T22:15:46+08:00 ] 127.0.0.1 /
INFO: [ app_init ] --START--
INFO: Run Behavior\BuildLiteBehavior [ RunTime:0.000000s ]
INFO: [ app_init ] --END-- [ RunTime:0.001000s ]
INFO: [ app_begin ] --START--
INFO: Run Behavior\ReadHtmlCacheBehavior [ RunTime:0.001000s ]
INFO: [ app_begin ] --END-- [ RunTime:0.001000s ]
SQL: SHOW COLUMNS FROM `pt_type` [ RunTime:0.0110s ]
SQL: SELECT * FROM `pt_type`  [ RunTime:0.0010s ]
SQL: SHOW COLUMNS FROM `pt_links` [ RunTime:0.0480s ]
SQL: SELECT * FROM `pt_links` WHERE ( state=1 )  [ RunTime:0.0000s ]
SQL: SHOW COLUMNS FROM `pt_news` [ RunTime:0.0050s ]
SQL: SELECT * FROM `pt_news` WHERE ( pid =1 and state=2 ) ORDER BY id desc LIMIT 8   [ RunTime:0.0550s ]
SQL: SELECT * FROM `pt_news` WHERE ( pid =2 and state=2 ) ORDER BY id desc LIMIT 8   [ RunTime:0.0010s ]
SQL: SELECT * FROM `pt_news` WHERE ( pid =3 and state=2 ) ORDER BY id desc LIMIT 8   [ RunTime:0.0010s ]
SQL: SELECT * FROM `pt_news` WHERE ( pid =4 and state=2 ) ORDER BY id desc LIMIT 8   [ RunTime:0.0000s ]
SQL: SELECT * FROM `pt_news` WHERE ( pid =5 and state=2 ) ORDER BY id desc LIMIT 8   [ RunTime:0.0010s ]
SQL: SELECT * FROM `pt_news` WHERE ( pid =6 and state=2 ) ORDER BY id desc LIMIT 8   [ RunTime:0.0010s ]
SQL: SELECT * FROM `pt_news` WHERE ( pid =7 and state=2 ) ORDER BY id desc LIMIT 8   [ RunTime:0.0000s ]
INFO: [ view_parse ] --START--
INFO: [ template_filter ] --START--
INFO: Run Behavior\ContentReplaceBehavior [ RunTime:0.000000s ]
INFO: [ template_filter ] --END-- [ RunTime:0.000000s ]
NOTIC: [8] Use of undefined constant namepath - assumed 'namepath' D:\WWW\sister\Application\Runtime\Cache\Home\2a94b8bda04ff446dcedd42276fc99ee.php 第 68 行.
NOTIC: [8] Use of undefined constant namepath - assumed 'namepath' D:\WWW\sister\Application\Runtime\Cache\Home\2a94b8bda04ff446dcedd42276fc99ee.php 第 68 行.
INFO: Run Behavior\ParseTemplateBehavior [ RunTime:0.074004s ]
INFO: [ view_parse ] --END-- [ RunTime:0.074004s ]
INFO: [ view_filter ] --START--
INFO: Run Behavior\WriteHtmlCacheBehavior [ RunTime:0.001000s ]
INFO: [ view_filter ] --END-- [ RunTime:0.001000s ]
INFO: [ app_end ] --START--
INFO: Run Behavior\ShowPageTraceBehavior [ RunTime:0.001000s ]
INFO: [ app_end ] --END-- [ RunTime:0.001000s ]

[ 2015-12-02T22:15:46+08:00 ] 127.0.0.1 /favicon.ico
INFO: [ app_init ] --START--
INFO: Run Behavior\BuildLiteBehavior [ RunTime:0.000000s ]
INFO: [ app_init ] --END-- [ RunTime:0.000000s ]

[ 2015-12-02T22:15:46+08:00 ] 127.0.0.1 /favicon.ico
INFO: [ app_init ] --START--
INFO: Run Behavior\BuildLiteBehavior [ RunTime:0.000000s ]
INFO: [ app_init ] --END-- [ RunTime:0.001000s ]

[ 2015-12-02T22:16:30+08:00 ] 127.0.0.1 /Message/index.html
INFO: [ app_init ] --START--
INFO: Run Behavior\BuildLiteBehavior [ RunTime:0.000000s ]
INFO: [ app_init ] --END-- [ RunTime:0.001000s ]
INFO: [ app_begin ] --START--
INFO: Run Behavior\ReadHtmlCacheBehavior [ RunTime:0.001000s ]
INFO: [ app_begin ] --END-- [ RunTime:0.001000s ]
SQL: SHOW COLUMNS FROM `pt_type` [ RunTime:0.0050s ]
SQL: SELECT * FROM `pt_type`  [ RunTime:0.0000s ]
SQL: SHOW COLUMNS FROM `pt_links` [ RunTime:0.0050s ]
SQL: SELECT * FROM `pt_links` WHERE ( state=1 )  [ RunTime:0.0010s ]
INFO: [ view_parse ] --START--
INFO: [ template_filter ] --START--
INFO: Run Behavior\ContentReplaceBehavior [ RunTime:0.000000s ]
INFO: [ template_filter ] --END-- [ RunTime:0.000000s ]
INFO: Run Behavior\ParseTemplateBehavior [ RunTime:0.031001s ]
INFO: [ view_parse ] --END-- [ RunTime:0.031001s ]
INFO: [ view_filter ] --START--
INFO: Run Behavior\WriteHtmlCacheBehavior [ RunTime:0.000000s ]
INFO: [ view_filter ] --END-- [ RunTime:0.000000s ]
INFO: [ app_end ] --START--
INFO: Run Behavior\ShowPageTraceBehavior [ RunTime:0.001000s ]
INFO: [ app_end ] --END-- [ RunTime:0.001000s ]

[ 2015-12-02T22:16:30+08:00 ] 127.0.0.1 /Message/verify
INFO: [ app_init ] --START--
INFO: Run Behavior\BuildLiteBehavior [ RunTime:0.000000s ]
INFO: [ app_init ] --END-- [ RunTime:0.000000s ]
INFO: [ app_begin ] --START--
INFO: Run Behavior\ReadHtmlCacheBehavior [ RunTime:0.001000s ]
INFO: [ app_begin ] --END-- [ RunTime:0.001000s ]
SQL: SHOW COLUMNS FROM `pt_type` [ RunTime:0.0040s ]
SQL: SELECT * FROM `pt_type`  [ RunTime:0.0000s ]
SQL: SHOW COLUMNS FROM `pt_links` [ RunTime:0.0050s ]
SQL: SELECT * FROM `pt_links` WHERE ( state=1 )  [ RunTime:0.0000s ]
INFO: [ app_end ] --START--
INFO: Run Behavior\ShowPageTraceBehavior [ RunTime:0.000000s ]
INFO: [ app_end ] --END-- [ RunTime:0.000000s ]

[ 2015-12-02T22:16:33+08:00 ] 127.0.0.1 /
INFO: [ app_init ] --START--
INFO: Run Behavior\BuildLiteBehavior [ RunTime:0.000000s ]
INFO: [ app_init ] --END-- [ RunTime:0.001000s ]
INFO: [ app_begin ] --START--
INFO: Run Behavior\ReadHtmlCacheBehavior [ RunTime:0.001000s ]
INFO: [ app_begin ] --END-- [ RunTime:0.001000s ]
SQL: SHOW COLUMNS FROM `pt_type` [ RunTime:0.0030s ]
SQL: SELECT * FROM `pt_type`  [ RunTime:0.0000s ]
SQL: SHOW COLUMNS FROM `pt_links` [ RunTime:0.0040s ]
SQL: SELECT * FROM `pt_links` WHERE ( state=1 )  [ RunTime:0.0000s ]
SQL: SHOW COLUMNS FROM `pt_news` [ RunTime:0.0040s ]
SQL: SELECT * FROM `pt_news` WHERE ( pid =1 and state=2 ) ORDER BY id desc LIMIT 8   [ RunTime:0.0010s ]
SQL: SELECT * FROM `pt_news` WHERE ( pid =2 and state=2 ) ORDER BY id desc LIMIT 8   [ RunTime:0.0010s ]
SQL: SELECT * FROM `pt_news` WHERE ( pid =3 and state=2 ) ORDER BY id desc LIMIT 8   [ RunTime:0.0000s ]
SQL: SELECT * FROM `pt_news` WHERE ( pid =4 and state=2 ) ORDER BY id desc LIMIT 8   [ RunTime:0.0000s ]
SQL: SELECT * FROM `pt_news` WHERE ( pid =5 and state=2 ) ORDER BY id desc LIMIT 8   [ RunTime:0.0010s ]
SQL: SELECT * FROM `pt_news` WHERE ( pid =6 and state=2 ) ORDER BY id desc LIMIT 8   [ RunTime:0.0000s ]
SQL: SELECT * FROM `pt_news` WHERE ( pid =7 and state=2 ) ORDER BY id desc LIMIT 8   [ RunTime:0.0010s ]
INFO: [ view_parse ] --START--
INFO: [ template_filter ] --START--
INFO: Run Behavior\ContentReplaceBehavior [ RunTime:0.000000s ]
INFO: [ template_filter ] --END-- [ RunTime:0.000000s ]
NOTIC: [8] Use of undefined constant namepath - assumed 'namepath' D:\WWW\sister\Application\Runtime\Cache\Home\2a94b8bda04ff446dcedd42276fc99ee.php 第 68 行.
NOTIC: [8] Use of undefined constant namepath - assumed 'namepath' D:\WWW\sister\Application\Runtime\Cache\Home\2a94b8bda04ff446dcedd42276fc99ee.php 第 68 行.
INFO: Run Behavior\ParseTemplateBehavior [ RunTime:0.007000s ]
INFO: [ view_parse ] --END-- [ RunTime:0.007000s ]
INFO: [ view_filter ] --START--
INFO: Run Behavior\WriteHtmlCacheBehavior [ RunTime:0.001000s ]
INFO: [ view_filter ] --END-- [ RunTime:0.001000s ]
INFO: [ app_end ] --START--
INFO: Run Behavior\ShowPageTraceBehavior [ RunTime:0.000000s ]
INFO: [ app_end ] --END-- [ RunTime:0.000000s ]

[ 2015-12-02T22:16:35+08:00 ] 127.0.0.1 /Message/index.html
INFO: [ app_init ] --START--
INFO: Run Behavior\BuildLiteBehavior [ RunTime:0.000000s ]
INFO: [ app_init ] --END-- [ RunTime:0.001000s ]
INFO: [ app_begin ] --START--
INFO: Run Behavior\ReadHtmlCacheBehavior [ RunTime:0.001000s ]
INFO: [ app_begin ] --END-- [ RunTime:0.001000s ]
SQL: SHOW COLUMNS FROM `pt_type` [ RunTime:0.0060s ]
SQL: SELECT * FROM `pt_type`  [ RunTime:0.0000s ]
SQL: SHOW COLUMNS FROM `pt_links` [ RunTime:0.0040s ]
SQL: SELECT * FROM `pt_links` WHERE ( state=1 )  [ RunTime:0.0000s ]
INFO: [ view_parse ] --START--
INFO: [ template_filter ] --START--
INFO: Run Behavior\ContentReplaceBehavior [ RunTime:0.000000s ]
INFO: [ template_filter ] --END-- [ RunTime:0.000000s ]
INFO: Run Behavior\ParseTemplateBehavior [ RunTime:0.006000s ]
INFO: [ view_parse ] --END-- [ RunTime:0.006000s ]
INFO: [ view_filter ] --START--
INFO: Run Behavior\WriteHtmlCacheBehavior [ RunTime:0.001000s ]
INFO: [ view_filter ] --END-- [ RunTime:0.001000s ]
INFO: [ app_end ] --START--
INFO: Run Behavior\ShowPageTraceBehavior [ RunTime:0.000000s ]
INFO: [ app_end ] --END-- [ RunTime:0.000000s ]

[ 2015-12-02T22:16:35+08:00 ] 127.0.0.1 /Message/verify
INFO: [ app_init ] --START--
INFO: Run Behavior\BuildLiteBehavior [ RunTime:0.000000s ]
INFO: [ app_init ] --END-- [ RunTime:0.001000s ]
INFO: [ app_begin ] --START--
INFO: Run Behavior\ReadHtmlCacheBehavior [ RunTime:0.000000s ]
INFO: [ app_begin ] --END-- [ RunTime:0.000000s ]
SQL: SHOW COLUMNS FROM `pt_type` [ RunTime:0.0040s ]
SQL: SELECT * FROM `pt_type`  [ RunTime:0.0000s ]
SQL: SHOW COLUMNS FROM `pt_links` [ RunTime:0.0040s ]
SQL: SELECT * FROM `pt_links` WHERE ( state=1 )  [ RunTime:0.0020s ]
INFO: [ app_end ] --START--
INFO: Run Behavior\ShowPageTraceBehavior [ RunTime:0.001000s ]
INFO: [ app_end ] --END-- [ RunTime:0.001000s ]

[ 2015-12-02T22:16:37+08:00 ] 127.0.0.1 /
INFO: [ app_init ] --START--
INFO: Run Behavior\BuildLiteBehavior [ RunTime:0.000000s ]
INFO: [ app_init ] --END-- [ RunTime:0.001000s ]
INFO: [ app_begin ] --START--
INFO: Run Behavior\ReadHtmlCacheBehavior [ RunTime:0.001000s ]
INFO: [ app_begin ] --END-- [ RunTime:0.001000s ]
SQL: SHOW COLUMNS FROM `pt_type` [ RunTime:0.0030s ]
SQL: SELECT * FROM `pt_type`  [ RunTime:0.0000s ]
SQL: SHOW COLUMNS FROM `pt_links` [ RunTime:0.0030s ]
SQL: SELECT * FROM `pt_links` WHERE ( state=1 )  [ RunTime:0.0000s ]
SQL: SHOW COLUMNS FROM `pt_news` [ RunTime:0.0040s ]
SQL: SELECT * FROM `pt_news` WHERE ( pid =1 and state=2 ) ORDER BY id desc LIMIT 8   [ RunTime:0.0010s ]
SQL: SELECT * FROM `pt_news` WHERE ( pid =2 and state=2 ) ORDER BY id desc LIMIT 8   [ RunTime:0.0010s ]
SQL: SELECT * FROM `pt_news` WHERE ( pid =3 and state=2 ) ORDER BY id desc LIMIT 8   [ RunTime:0.0010s ]
SQL: SELECT * FROM `pt_news` WHERE ( pid =4 and state=2 ) ORDER BY id desc LIMIT 8   [ RunTime:0.0000s ]
SQL: SELECT * FROM `pt_news` WHERE ( pid =5 and state=2 ) ORDER BY id desc LIMIT 8   [ RunTime:0.0010s ]
SQL: SELECT * FROM `pt_news` WHERE ( pid =6 and state=2 ) ORDER BY id desc LIMIT 8   [ RunTime:0.0000s ]
SQL: SELECT * FROM `pt_news` WHERE ( pid =7 and state=2 ) ORDER BY id desc LIMIT 8   [ RunTime:0.0000s ]
INFO: [ view_parse ] --START--
INFO: [ template_filter ] --START--
INFO: Run Behavior\ContentReplaceBehavior [ RunTime:0.000000s ]
INFO: [ template_filter ] --END-- [ RunTime:0.000000s ]
NOTIC: [8] Use of undefined constant namepath - assumed 'namepath' D:\WWW\sister\Application\Runtime\Cache\Home\2a94b8bda04ff446dcedd42276fc99ee.php 第 68 行.
NOTIC: [8] Use of undefined constant namepath - assumed 'namepath' D:\WWW\sister\Application\Runtime\Cache\Home\2a94b8bda04ff446dcedd42276fc99ee.php 第 68 行.
INFO: Run Behavior\ParseTemplateBehavior [ RunTime:0.008000s ]
INFO: [ view_parse ] --END-- [ RunTime:0.008000s ]
INFO: [ view_filter ] --START--
INFO: Run Behavior\WriteHtmlCacheBehavior [ RunTime:0.000000s ]
INFO: [ view_filter ] --END-- [ RunTime:0.000000s ]
INFO: [ app_end ] --START--
INFO: Run Behavior\ShowPageTraceBehavior [ RunTime:0.001000s ]
INFO: [ app_end ] --END-- [ RunTime:0.001000s ]

[ 2015-12-02T22:21:22+08:00 ] 127.0.0.1 /
INFO: [ app_init ] --START--
INFO: Run Behavior\BuildLiteBehavior [ RunTime:0.000000s ]
INFO: [ app_init ] --END-- [ RunTime:0.000000s ]
INFO: [ app_begin ] --START--
INFO: Run Behavior\ReadHtmlCacheBehavior [ RunTime:0.001000s ]
INFO: [ app_begin ] --END-- [ RunTime:0.001000s ]
SQL: SHOW COLUMNS FROM `pt_type` [ RunTime:0.0040s ]
SQL: SELECT * FROM `pt_type`  [ RunTime:0.0000s ]
SQL: SHOW COLUMNS FROM `pt_links` [ RunTime:0.0040s ]
SQL: SELECT * FROM `pt_links` WHERE ( state=1 )  [ RunTime:0.0000s ]
SQL: SHOW COLUMNS FROM `pt_news` [ RunTime:0.0040s ]
SQL: SELECT * FROM `pt_news` WHERE ( pid =1 and state=2 ) ORDER BY id desc LIMIT 8   [ RunTime:0.0010s ]
SQL: SELECT * FROM `pt_news` WHERE ( pid =2 and state=2 ) ORDER BY id desc LIMIT 8   [ RunTime:0.0010s ]
SQL: SELECT * FROM `pt_news` WHERE ( pid =3 and state=2 ) ORDER BY id desc LIMIT 8   [ RunTime:0.0000s ]
SQL: SELECT * FROM `pt_news` WHERE ( pid =4 and state=2 ) ORDER BY id desc LIMIT 8   [ RunTime:0.0000s ]
SQL: SELECT * FROM `pt_news` WHERE ( pid =5 and state=2 ) ORDER BY id desc LIMIT 8   [ RunTime:0.0010s ]
SQL: SELECT * FROM `pt_news` WHERE ( pid =6 and state=2 ) ORDER BY id desc LIMIT 8   [ RunTime:0.0010s ]
SQL: SELECT * FROM `pt_news` WHERE ( pid =7 and state=2 ) ORDER BY id desc LIMIT 8   [ RunTime:0.0000s ]
INFO: [ view_parse ] --START--
INFO: [ template_filter ] --START--
INFO: Run Behavior\ContentReplaceBehavior [ RunTime:0.000000s ]
INFO: [ template_filter ] --END-- [ RunTime:0.000000s ]
NOTIC: [8] Use of undefined constant namepath - assumed 'namepath' D:\WWW\sister\Application\Runtime\Cache\Home\2a94b8bda04ff446dcedd42276fc99ee.php 第 68 行.
NOTIC: [8] Use of undefined constant namepath - assumed 'namepath' D:\WWW\sister\Application\Runtime\Cache\Home\2a94b8bda04ff446dcedd42276fc99ee.php 第 68 行.
INFO: Run Behavior\ParseTemplateBehavior [ RunTime:0.016001s ]
INFO: [ view_parse ] --END-- [ RunTime:0.016001s ]
INFO: [ view_filter ] --START--
INFO: Run Behavior\WriteHtmlCacheBehavior [ RunTime:0.001000s ]
INFO: [ view_filter ] --END-- [ RunTime:0.001000s ]
INFO: [ app_end ] --START--
INFO: Run Behavior\ShowPageTraceBehavior [ RunTime:0.000000s ]
INFO: [ app_end ] --END-- [ RunTime:0.000000s ]

[ 2015-12-02T22:21:29+08:00 ] 127.0.0.1 /
INFO: [ app_init ] --START--
INFO: Run Behavior\BuildLiteBehavior [ RunTime:0.000000s ]
INFO: [ app_init ] --END-- [ RunTime:0.001000s ]
INFO: [ app_begin ] --START--
INFO: Run Behavior\ReadHtmlCacheBehavior [ RunTime:0.000000s ]
INFO: [ app_begin ] --END-- [ RunTime:0.000000s ]
SQL: SHOW COLUMNS FROM `pt_type` [ RunTime:0.0030s ]
SQL: SELECT * FROM `pt_type`  [ RunTime:0.0000s ]
SQL: SHOW COLUMNS FROM `pt_links` [ RunTime:0.0030s ]
SQL: SELECT * FROM `pt_links` WHERE ( state=1 )  [ RunTime:0.0000s ]
SQL: SHOW COLUMNS FROM `pt_news` [ RunTime:0.0040s ]
SQL: SELECT * FROM `pt_news` WHERE ( pid =1 and state=2 ) ORDER BY id desc LIMIT 8   [ RunTime:0.0010s ]
SQL: SELECT * FROM `pt_news` WHERE ( pid =2 and state=2 ) ORDER BY id desc LIMIT 8   [ RunTime:0.0000s ]
SQL: SELECT * FROM `pt_news` WHERE ( pid =3 and state=2 ) ORDER BY id desc LIMIT 8   [ RunTime:0.0010s ]
SQL: SELECT * FROM `pt_news` WHERE ( pid =4 and state=2 ) ORDER BY id desc LIMIT 8   [ RunTime:0.0000s ]
SQL: SELECT * FROM `pt_news` WHERE ( pid =5 and state=2 ) ORDER BY id desc LIMIT 8   [ RunTime:0.0000s ]
SQL: SELECT * FROM `pt_news` WHERE ( pid =6 and state=2 ) ORDER BY id desc LIMIT 8   [ RunTime:0.0010s ]
SQL: SELECT * FROM `pt_news` WHERE ( pid =7 and state=2 ) ORDER BY id desc LIMIT 8   [ RunTime:0.0000s ]
INFO: [ view_parse ] --START--
INFO: [ template_filter ] --START--
INFO: Run Behavior\ContentReplaceBehavior [ RunTime:0.000000s ]
INFO: [ template_filter ] --END-- [ RunTime:0.000000s ]
NOTIC: [8] Use of undefined constant namepath - assumed 'namepath' D:\WWW\sister\Application\Runtime\Cache\Home\2a94b8bda04ff446dcedd42276fc99ee.php 第 68 行.
NOTIC: [8] Use of undefined constant namepath - assumed 'namepath' D:\WWW\sister\Application\Runtime\Cache\Home\2a94b8bda04ff446dcedd42276fc99ee.php 第 68 行.
INFO: Run Behavior\ParseTemplateBehavior [ RunTime:0.008001s ]
INFO: [ view_parse ] --END-- [ RunTime:0.008001s ]
INFO: [ view_filter ] --START--
INFO: Run Behavior\WriteHtmlCacheBehavior [ RunTime:0.000000s ]
INFO: [ view_filter ] --END-- [ RunTime:0.000000s ]
INFO: [ app_end ] --START--
INFO: Run Behavior\ShowPageTraceBehavior [ RunTime:0.000000s ]
INFO: [ app_end ] --END-- [ RunTime:0.000000s ]

[ 2015-12-02T22:23:09+08:00 ] 127.0.0.1 /Message/index.html
INFO: [ app_init ] --START--
INFO: Run Behavior\BuildLiteBehavior [ RunTime:0.000000s ]
INFO: [ app_init ] --END-- [ RunTime:0.002000s ]
INFO: [ app_begin ] --START--
INFO: Run Behavior\ReadHtmlCacheBehavior [ RunTime:0.001001s ]
INFO: [ app_begin ] --END-- [ RunTime:0.001001s ]
SQL: SHOW COLUMNS FROM `pt_type` [ RunTime:0.0510s ]
SQL: SELECT * FROM `pt_type`  [ RunTime:0.0000s ]
SQL: SHOW COLUMNS FROM `pt_links` [ RunTime:0.0050s ]
SQL: SELECT * FROM `pt_links` WHERE ( state=1 )  [ RunTime:0.0010s ]
INFO: [ view_parse ] --START--
INFO: [ template_filter ] --START--
INFO: Run Behavior\ContentReplaceBehavior [ RunTime:0.001000s ]
INFO: [ template_filter ] --END-- [ RunTime:0.001000s ]
INFO: Run Behavior\ParseTemplateBehavior [ RunTime:0.010000s ]
INFO: [ view_parse ] --END-- [ RunTime:0.010000s ]
INFO: [ view_filter ] --START--
INFO: Run Behavior\WriteHtmlCacheBehavior [ RunTime:0.001000s ]
INFO: [ view_filter ] --END-- [ RunTime:0.001000s ]
INFO: [ app_end ] --START--
INFO: Run Behavior\ShowPageTraceBehavior [ RunTime:0.000000s ]
INFO: [ app_end ] --END-- [ RunTime:0.000000s ]

[ 2015-12-02T22:23:09+08:00 ] 127.0.0.1 /Message/verify
INFO: [ app_init ] --START--
INFO: Run Behavior\BuildLiteBehavior [ RunTime:0.000000s ]
INFO: [ app_init ] --END-- [ RunTime:0.000000s ]
INFO: [ app_begin ] --START--
INFO: Run Behavior\ReadHtmlCacheBehavior [ RunTime:0.001000s ]
INFO: [ app_begin ] --END-- [ RunTime:0.001000s ]
SQL: SHOW COLUMNS FROM `pt_type` [ RunTime:0.0050s ]
SQL: SELECT * FROM `pt_type`  [ RunTime:0.0000s ]
SQL: SHOW COLUMNS FROM `pt_links` [ RunTime:0.0040s ]
SQL: SELECT * FROM `pt_links` WHERE ( state=1 )  [ RunTime:0.0000s ]
INFO: [ app_end ] --START--
INFO: Run Behavior\ShowPageTraceBehavior [ RunTime:0.000000s ]
INFO: [ app_end ] --END-- [ RunTime:0.000000s ]

[ 2015-12-02T22:23:12+08:00 ] 127.0.0.1 /Message/verify?d=Wed%20Dec%2002%202015%2022:23:11%20GMT+0800
INFO: [ app_init ] --START--
INFO: Run Behavior\BuildLiteBehavior [ RunTime:0.000000s ]
INFO: [ app_init ] --END-- [ RunTime:0.001000s ]
INFO: [ app_begin ] --START--
INFO: Run Behavior\ReadHtmlCacheBehavior [ RunTime:0.001000s ]
INFO: [ app_begin ] --END-- [ RunTime:0.001000s ]
SQL: SHOW COLUMNS FROM `pt_type` [ RunTime:0.0040s ]
SQL: SELECT * FROM `pt_type`  [ RunTime:0.0000s ]
SQL: SHOW COLUMNS FROM `pt_links` [ RunTime:0.0040s ]
SQL: SELECT * FROM `pt_links` WHERE ( state=1 )  [ RunTime:0.0000s ]
INFO: [ app_end ] --START--
INFO: Run Behavior\ShowPageTraceBehavior [ RunTime:0.001000s ]
INFO: [ app_end ] --END-- [ RunTime:0.001000s ]

[ 2015-12-02T22:23:12+08:00 ] 127.0.0.1 /Message/verify?d=Wed%20Dec%2002%202015%2022:23:12%20GMT+0800
INFO: [ app_init ] --START--
INFO: Run Behavior\BuildLiteBehavior [ RunTime:0.000000s ]
INFO: [ app_init ] --END-- [ RunTime:0.001000s ]
INFO: [ app_begin ] --START--
INFO: Run Behavior\ReadHtmlCacheBehavior [ RunTime:0.001000s ]
INFO: [ app_begin ] --END-- [ RunTime:0.001000s ]
SQL: SHOW COLUMNS FROM `pt_type` [ RunTime:0.0050s ]
SQL: SELECT * FROM `pt_type`  [ RunTime:0.0010s ]
SQL: SHOW COLUMNS FROM `pt_links` [ RunTime:0.0050s ]
SQL: SELECT * FROM `pt_links` WHERE ( state=1 )  [ RunTime:0.0000s ]
INFO: [ app_end ] --START--
INFO: Run Behavior\ShowPageTraceBehavior [ RunTime:0.000000s ]
INFO: [ app_end ] --END-- [ RunTime:0.000000s ]

[ 2015-12-02T22:23:17+08:00 ] 127.0.0.1 /
INFO: [ app_init ] --START--
INFO: Run Behavior\BuildLiteBehavior [ RunTime:0.000000s ]
INFO: [ app_init ] --END-- [ RunTime:0.000000s ]
INFO: [ app_begin ] --START--
INFO: Run Behavior\ReadHtmlCacheBehavior [ RunTime:0.001000s ]
INFO: [ app_begin ] --END-- [ RunTime:0.001000s ]
SQL: SHOW COLUMNS FROM `pt_type` [ RunTime:0.0030s ]
SQL: SELECT * FROM `pt_type`  [ RunTime:0.0000s ]
SQL: SHOW COLUMNS FROM `pt_links` [ RunTime:0.0030s ]
SQL: SELECT * FROM `pt_links` WHERE ( state=1 )  [ RunTime:0.0010s ]
SQL: SHOW COLUMNS FROM `pt_news` [ RunTime:0.0040s ]
SQL: SELECT * FROM `pt_news` WHERE ( pid =1 and state=2 ) ORDER BY id desc LIMIT 8   [ RunTime:0.0000s ]
SQL: SELECT * FROM `pt_news` WHERE ( pid =2 and state=2 ) ORDER BY id desc LIMIT 8   [ RunTime:0.0000s ]
SQL: SELECT * FROM `pt_news` WHERE ( pid =3 and state=2 ) ORDER BY id desc LIMIT 8   [ RunTime:0.0010s ]
SQL: SELECT * FROM `pt_news` WHERE ( pid =4 and state=2 ) ORDER BY id desc LIMIT 8   [ RunTime:0.0000s ]
SQL: SELECT * FROM `pt_news` WHERE ( pid =5 and state=2 ) ORDER BY id desc LIMIT 8   [ RunTime:0.0000s ]
SQL: SELECT * FROM `pt_news` WHERE ( pid =6 and state=2 ) ORDER BY id desc LIMIT 8   [ RunTime:0.0010s ]
SQL: SELECT * FROM `pt_news` WHERE ( pid =7 and state=2 ) ORDER BY id desc LIMIT 8   [ RunTime:0.0000s ]
INFO: [ view_parse ] --START--
INFO: [ template_filter ] --START--
INFO: Run Behavior\ContentReplaceBehavior [ RunTime:0.000000s ]
INFO: [ template_filter ] --END-- [ RunTime:0.000000s ]
NOTIC: [8] Use of undefined constant namepath - assumed 'namepath' D:\WWW\sister\Application\Runtime\Cache\Home\2a94b8bda04ff446dcedd42276fc99ee.php 第 68 行.
NOTIC: [8] Use of undefined constant namepath - assumed 'namepath' D:\WWW\sister\Application\Runtime\Cache\Home\2a94b8bda04ff446dcedd42276fc99ee.php 第 68 行.
INFO: Run Behavior\ParseTemplateBehavior [ RunTime:0.010000s ]
INFO: [ view_parse ] --END-- [ RunTime:0.010000s ]
INFO: [ view_filter ] --START--
INFO: Run Behavior\WriteHtmlCacheBehavior [ RunTime:0.001001s ]
INFO: [ view_filter ] --END-- [ RunTime:0.001001s ]
INFO: [ app_end ] --START--
INFO: Run Behavior\ShowPageTraceBehavior [ RunTime:0.000000s ]
INFO: [ app_end ] --END-- [ RunTime:0.000000s ]

[ 2015-12-02T22:23:18+08:00 ] 127.0.0.1 /
INFO: [ app_init ] --START--
INFO: Run Behavior\BuildLiteBehavior [ RunTime:0.000000s ]
INFO: [ app_init ] --END-- [ RunTime:0.000000s ]
INFO: [ app_begin ] --START--
INFO: Run Behavior\ReadHtmlCacheBehavior [ RunTime:0.001000s ]
INFO: [ app_begin ] --END-- [ RunTime:0.001000s ]
SQL: SHOW COLUMNS FROM `pt_type` [ RunTime:0.0040s ]
SQL: SELECT * FROM `pt_type`  [ RunTime:0.0000s ]
SQL: SHOW COLUMNS FROM `pt_links` [ RunTime:0.0030s ]
SQL: SELECT * FROM `pt_links` WHERE ( state=1 )  [ RunTime:0.0010s ]
SQL: SHOW COLUMNS FROM `pt_news` [ RunTime:0.0020s ]
SQL: SELECT * FROM `pt_news` WHERE ( pid =1 and state=2 ) ORDER BY id desc LIMIT 8   [ RunTime:0.0010s ]
SQL: SELECT * FROM `pt_news` WHERE ( pid =2 and state=2 ) ORDER BY id desc LIMIT 8   [ RunTime:0.0000s ]
SQL: SELECT * FROM `pt_news` WHERE ( pid =3 and state=2 ) ORDER BY id desc LIMIT 8   [ RunTime:0.0000s ]
SQL: SELECT * FROM `pt_news` WHERE ( pid =4 and state=2 ) ORDER BY id desc LIMIT 8   [ RunTime:0.0010s ]
SQL: SELECT * FROM `pt_news` WHERE ( pid =5 and state=2 ) ORDER BY id desc LIMIT 8   [ RunTime:0.0010s ]
SQL: SELECT * FROM `pt_news` WHERE ( pid =6 and state=2 ) ORDER BY id desc LIMIT 8   [ RunTime:0.0000s ]
SQL: SELECT * FROM `pt_news` WHERE ( pid =7 and state=2 ) ORDER BY id desc LIMIT 8   [ RunTime:0.0010s ]
INFO: [ view_parse ] --START--
INFO: [ template_filter ] --START--
INFO: Run Behavior\ContentReplaceBehavior [ RunTime:0.000000s ]
INFO: [ template_filter ] --END-- [ RunTime:0.000000s ]
NOTIC: [8] Use of undefined constant namepath - assumed 'namepath' D:\WWW\sister\Application\Runtime\Cache\Home\2a94b8bda04ff446dcedd42276fc99ee.php 第 68 行.
NOTIC: [8] Use of undefined constant namepath - assumed 'namepath' D:\WWW\sister\Application\Runtime\Cache\Home\2a94b8bda04ff446dcedd42276fc99ee.php 第 68 行.
INFO: Run Behavior\ParseTemplateBehavior [ RunTime:0.007001s ]
INFO: [ view_parse ] --END-- [ RunTime:0.008001s ]
INFO: [ view_filter ] --START--
INFO: Run Behavior\WriteHtmlCacheBehavior [ RunTime:0.000000s ]
INFO: [ view_filter ] --END-- [ RunTime:0.000000s ]
INFO: [ app_end ] --START--
INFO: Run Behavior\ShowPageTraceBehavior [ RunTime:0.000000s ]
INFO: [ app_end ] --END-- [ RunTime:0.000000s ]

[ 2015-12-02T22:23:19+08:00 ] 127.0.0.1 /
INFO: [ app_init ] --START--
INFO: Run Behavior\BuildLiteBehavior [ RunTime:0.000000s ]
INFO: [ app_init ] --END-- [ RunTime:0.001000s ]
INFO: [ app_begin ] --START--
INFO: Run Behavior\ReadHtmlCacheBehavior [ RunTime:0.001000s ]
INFO: [ app_begin ] --END-- [ RunTime:0.001000s ]
SQL: SHOW COLUMNS FROM `pt_type` [ RunTime:0.0030s ]
SQL: SELECT * FROM `pt_type`  [ RunTime:0.0010s ]
SQL: SHOW COLUMNS FROM `pt_links` [ RunTime:0.0030s ]
SQL: SELECT * FROM `pt_links` WHERE ( state=1 )  [ RunTime:0.0000s ]
SQL: SHOW COLUMNS FROM `pt_news` [ RunTime:0.0030s ]
SQL: SELECT * FROM `pt_news` WHERE ( pid =1 and state=2 ) ORDER BY id desc LIMIT 8   [ RunTime:0.0000s ]
SQL: SELECT * FROM `pt_news` WHERE ( pid =2 and state=2 ) ORDER BY id desc LIMIT 8   [ RunTime:0.0010s ]
SQL: SELECT * FROM `pt_news` WHERE ( pid =3 and state=2 ) ORDER BY id desc LIMIT 8   [ RunTime:0.0010s ]
SQL: SELECT * FROM `pt_news` WHERE ( pid =4 and state=2 ) ORDER BY id desc LIMIT 8   [ RunTime:0.0000s ]
SQL: SELECT * FROM `pt_news` WHERE ( pid =5 and state=2 ) ORDER BY id desc LIMIT 8   [ RunTime:0.0010s ]
SQL: SELECT * FROM `pt_news` WHERE ( pid =6 and state=2 ) ORDER BY id desc LIMIT 8   [ RunTime:0.0000s ]
SQL: SELECT * FROM `pt_news` WHERE ( pid =7 and state=2 ) ORDER BY id desc LIMIT 8   [ RunTime:0.0010s ]
INFO: [ view_parse ] --START--
INFO: [ template_filter ] --START--
INFO: Run Behavior\ContentReplaceBehavior [ RunTime:0.000000s ]
INFO: [ template_filter ] --END-- [ RunTime:0.000000s ]
NOTIC: [8] Use of undefined constant namepath - assumed 'namepath' D:\WWW\sister\Application\Runtime\Cache\Home\2a94b8bda04ff446dcedd42276fc99ee.php 第 68 行.
NOTIC: [8] Use of undefined constant namepath - assumed 'namepath' D:\WWW\sister\Application\Runtime\Cache\Home\2a94b8bda04ff446dcedd42276fc99ee.php 第 68 行.
INFO: Run Behavior\ParseTemplateBehavior [ RunTime:0.009000s ]
INFO: [ view_parse ] --END-- [ RunTime:0.009000s ]
INFO: [ view_filter ] --START--
INFO: Run Behavior\WriteHtmlCacheBehavior [ RunTime:0.000000s ]
INFO: [ view_filter ] --END-- [ RunTime:0.000000s ]
INFO: [ app_end ] --START--
INFO: Run Behavior\ShowPageTraceBehavior [ RunTime:0.001000s ]
INFO: [ app_end ] --END-- [ RunTime:0.001000s ]

[ 2015-12-02T22:23:19+08:00 ] 127.0.0.1 /
INFO: [ app_init ] --START--
INFO: Run Behavior\BuildLiteBehavior [ RunTime:0.000000s ]
INFO: [ app_init ] --END-- [ RunTime:0.000000s ]
INFO: [ app_begin ] --START--
INFO: Run Behavior\ReadHtmlCacheBehavior [ RunTime:0.001000s ]
INFO: [ app_begin ] --END-- [ RunTime:0.001000s ]
SQL: SHOW COLUMNS FROM `pt_type` [ RunTime:0.0050s ]
SQL: SELECT * FROM `pt_type`  [ RunTime:0.0000s ]
SQL: SHOW COLUMNS FROM `pt_links` [ RunTime:0.0040s ]
SQL: SELECT * FROM `pt_links` WHERE ( state=1 )  [ RunTime:0.0010s ]
SQL: SHOW COLUMNS FROM `pt_news` [ RunTime:0.0030s ]
SQL: SELECT * FROM `pt_news` WHERE ( pid =1 and state=2 ) ORDER BY id desc LIMIT 8   [ RunTime:0.0000s ]
SQL: SELECT * FROM `pt_news` WHERE ( pid =2 and state=2 ) ORDER BY id desc LIMIT 8   [ RunTime:0.0000s ]
SQL: SELECT * FROM `pt_news` WHERE ( pid =3 and state=2 ) ORDER BY id desc LIMIT 8   [ RunTime:0.0010s ]
SQL: SELECT * FROM `pt_news` WHERE ( pid =4 and state=2 ) ORDER BY id desc LIMIT 8   [ RunTime:0.0000s ]
SQL: SELECT * FROM `pt_news` WHERE ( pid =5 and state=2 ) ORDER BY id desc LIMIT 8   [ RunTime:0.0010s ]
SQL: SELECT * FROM `pt_news` WHERE ( pid =6 and state=2 ) ORDER BY id desc LIMIT 8   [ RunTime:0.0010s ]
SQL: SELECT * FROM `pt_news` WHERE ( pid =7 and state=2 ) ORDER BY id desc LIMIT 8   [ RunTime:0.0000s ]
INFO: [ view_parse ] --START--
INFO: [ template_filter ] --START--
INFO: Run Behavior\ContentReplaceBehavior [ RunTime:0.000000s ]
INFO: [ template_filter ] --END-- [ RunTime:0.000000s ]
NOTIC: [8] Use of undefined constant namepath - assumed 'namepath' D:\WWW\sister\Application\Runtime\Cache\Home\2a94b8bda04ff446dcedd42276fc99ee.php 第 68 行.
NOTIC: [8] Use of undefined constant namepath - assumed 'namepath' D:\WWW\sister\Application\Runtime\Cache\Home\2a94b8bda04ff446dcedd42276fc99ee.php 第 68 行.
INFO: Run Behavior\ParseTemplateBehavior [ RunTime:0.009000s ]
INFO: [ view_parse ] --END-- [ RunTime:0.009000s ]
INFO: [ view_filter ] --START--
INFO: Run Behavior\WriteHtmlCacheBehavior [ RunTime:0.000000s ]
INFO: [ view_filter ] --END-- [ RunTime:0.000000s ]
INFO: [ app_end ] --START--
INFO: Run Behavior\ShowPageTraceBehavior [ RunTime:0.000000s ]
INFO: [ app_end ] --END-- [ RunTime:0.000000s ]

[ 2015-12-02T22:23:20+08:00 ] 127.0.0.1 /
INFO: [ app_init ] --START--
INFO: Run Behavior\BuildLiteBehavior [ RunTime:0.000000s ]
INFO: [ app_init ] --END-- [ RunTime:0.000000s ]
INFO: [ app_begin ] --START--
INFO: Run Behavior\ReadHtmlCacheBehavior [ RunTime:0.001000s ]
INFO: [ app_begin ] --END-- [ RunTime:0.001000s ]
SQL: SHOW COLUMNS FROM `pt_type` [ RunTime:0.0060s ]
SQL: SELECT * FROM `pt_type`  [ RunTime:0.0000s ]
SQL: SHOW COLUMNS FROM `pt_links` [ RunTime:0.0040s ]
SQL: SELECT * FROM `pt_links` WHERE ( state=1 )  [ RunTime:0.0000s ]
SQL: SHOW COLUMNS FROM `pt_news` [ RunTime:0.0030s ]
SQL: SELECT * FROM `pt_news` WHERE ( pid =1 and state=2 ) ORDER BY id desc LIMIT 8   [ RunTime:0.0010s ]
SQL: SELECT * FROM `pt_news` WHERE ( pid =2 and state=2 ) ORDER BY id desc LIMIT 8   [ RunTime:0.0010s ]
SQL: SELECT * FROM `pt_news` WHERE ( pid =3 and state=2 ) ORDER BY id desc LIMIT 8   [ RunTime:0.0000s ]
SQL: SELECT * FROM `pt_news` WHERE ( pid =4 and state=2 ) ORDER BY id desc LIMIT 8   [ RunTime:0.0000s ]
SQL: SELECT * FROM `pt_news` WHERE ( pid =5 and state=2 ) ORDER BY id desc LIMIT 8   [ RunTime:0.0010s ]
SQL: SELECT * FROM `pt_news` WHERE ( pid =6 and state=2 ) ORDER BY id desc LIMIT 8   [ RunTime:0.0000s ]
SQL: SELECT * FROM `pt_news` WHERE ( pid =7 and state=2 ) ORDER BY id desc LIMIT 8   [ RunTime:0.0000s ]
INFO: [ view_parse ] --START--
INFO: [ template_filter ] --START--
INFO: Run Behavior\ContentReplaceBehavior [ RunTime:0.000000s ]
INFO: [ template_filter ] --END-- [ RunTime:0.000000s ]
NOTIC: [8] Use of undefined constant namepath - assumed 'namepath' D:\WWW\sister\Application\Runtime\Cache\Home\2a94b8bda04ff446dcedd42276fc99ee.php 第 68 行.
NOTIC: [8] Use of undefined constant namepath - assumed 'namepath' D:\WWW\sister\Application\Runtime\Cache\Home\2a94b8bda04ff446dcedd42276fc99ee.php 第 68 行.
INFO: Run Behavior\ParseTemplateBehavior [ RunTime:0.009000s ]
INFO: [ view_parse ] --END-- [ RunTime:0.009000s ]
INFO: [ view_filter ] --START--
INFO: Run Behavior\WriteHtmlCacheBehavior [ RunTime:0.001000s ]
INFO: [ view_filter ] --END-- [ RunTime:0.001000s ]
INFO: [ app_end ] --START--
INFO: Run Behavior\ShowPageTraceBehavior [ RunTime:0.000000s ]
INFO: [ app_end ] --END-- [ RunTime:0.000000s ]

[ 2015-12-02T22:23:21+08:00 ] 127.0.0.1 /
INFO: [ app_init ] --START--
INFO: Run Behavior\BuildLiteBehavior [ RunTime:0.000000s ]
INFO: [ app_init ] --END-- [ RunTime:0.001000s ]
INFO: [ app_begin ] --START--
INFO: Run Behavior\ReadHtmlCacheBehavior [ RunTime:0.001000s ]
INFO: [ app_begin ] --END-- [ RunTime:0.001000s ]
SQL: SHOW COLUMNS FROM `pt_type` [ RunTime:0.0030s ]
SQL: SELECT * FROM `pt_type`  [ RunTime:0.0000s ]
SQL: SHOW COLUMNS FROM `pt_links` [ RunTime:0.0030s ]
SQL: SELECT * FROM `pt_links` WHERE ( state=1 )  [ RunTime:0.0000s ]
SQL: SHOW COLUMNS FROM `pt_news` [ RunTime:0.0030s ]
SQL: SELECT * FROM `pt_news` WHERE ( pid =1 and state=2 ) ORDER BY id desc LIMIT 8   [ RunTime:0.0010s ]
SQL: SELECT * FROM `pt_news` WHERE ( pid =2 and state=2 ) ORDER BY id desc LIMIT 8   [ RunTime:0.0010s ]
SQL: SELECT * FROM `pt_news` WHERE ( pid =3 and state=2 ) ORDER BY id desc LIMIT 8   [ RunTime:0.0000s ]
SQL: SELECT * FROM `pt_news` WHERE ( pid =4 and state=2 ) ORDER BY id desc LIMIT 8   [ RunTime:0.0010s ]
SQL: SELECT * FROM `pt_news` WHERE ( pid =5 and state=2 ) ORDER BY id desc LIMIT 8   [ RunTime:0.0000s ]
SQL: SELECT * FROM `pt_news` WHERE ( pid =6 and state=2 ) ORDER BY id desc LIMIT 8   [ RunTime:0.0010s ]
SQL: SELECT * FROM `pt_news` WHERE ( pid =7 and state=2 ) ORDER BY id desc LIMIT 8   [ RunTime:0.0000s ]
INFO: [ view_parse ] --START--
INFO: [ template_filter ] --START--
INFO: Run Behavior\ContentReplaceBehavior [ RunTime:0.000000s ]
INFO: [ template_filter ] --END-- [ RunTime:0.000000s ]
NOTIC: [8] Use of undefined constant namepath - assumed 'namepath' D:\WWW\sister\Application\Runtime\Cache\Home\2a94b8bda04ff446dcedd42276fc99ee.php 第 68 行.
NOTIC: [8] Use of undefined constant namepath - assumed 'namepath' D:\WWW\sister\Application\Runtime\Cache\Home\2a94b8bda04ff446dcedd42276fc99ee.php 第 68 行.
INFO: Run Behavior\ParseTemplateBehavior [ RunTime:0.008000s ]
INFO: [ view_parse ] --END-- [ RunTime:0.008000s ]
INFO: [ view_filter ] --START--
INFO: Run Behavior\WriteHtmlCacheBehavior [ RunTime:0.000000s ]
INFO: [ view_filter ] --END-- [ RunTime:0.000000s ]
INFO: [ app_end ] --START--
INFO: Run Behavior\ShowPageTraceBehavior [ RunTime:0.001000s ]
INFO: [ app_end ] --END-- [ RunTime:0.001000s ]

[ 2015-12-02T22:23:22+08:00 ] 127.0.0.1 /
INFO: [ app_init ] --START--
INFO: Run Behavior\BuildLiteBehavior [ RunTime:0.000000s ]
INFO: [ app_init ] --END-- [ RunTime:0.001000s ]
INFO: [ app_begin ] --START--
INFO: Run Behavior\ReadHtmlCacheBehavior [ RunTime:0.000000s ]
INFO: [ app_begin ] --END-- [ RunTime:0.001000s ]
SQL: SHOW COLUMNS FROM `pt_type` [ RunTime:0.0040s ]
SQL: SELECT * FROM `pt_type`  [ RunTime:0.0000s ]
SQL: SHOW COLUMNS FROM `pt_links` [ RunTime:0.0040s ]
SQL: SELECT * FROM `pt_links` WHERE ( state=1 )  [ RunTime:0.0010s ]
SQL: SHOW COLUMNS FROM `pt_news` [ RunTime:0.0050s ]
SQL: SELECT * FROM `pt_news` WHERE ( pid =1 and state=2 ) ORDER BY id desc LIMIT 8   [ RunTime:0.0010s ]
SQL: SELECT * FROM `pt_news` WHERE ( pid =2 and state=2 ) ORDER BY id desc LIMIT 8   [ RunTime:0.0000s ]
SQL: SELECT * FROM `pt_news` WHERE ( pid =3 and state=2 ) ORDER BY id desc LIMIT 8   [ RunTime:0.0000s ]
SQL: SELECT * FROM `pt_news` WHERE ( pid =4 and state=2 ) ORDER BY id desc LIMIT 8   [ RunTime:0.0010s ]
SQL: SELECT * FROM `pt_news` WHERE ( pid =5 and state=2 ) ORDER BY id desc LIMIT 8   [ RunTime:0.0010s ]
SQL: SELECT * FROM `pt_news` WHERE ( pid =6 and state=2 ) ORDER BY id desc LIMIT 8   [ RunTime:0.0000s ]
SQL: SELECT * FROM `pt_news` WHERE ( pid =7 and state=2 ) ORDER BY id desc LIMIT 8   [ RunTime:0.0000s ]
INFO: [ view_parse ] --START--
INFO: [ template_filter ] --START--
INFO: Run Behavior\ContentReplaceBehavior [ RunTime:0.000000s ]
INFO: [ template_filter ] --END-- [ RunTime:0.000000s ]
NOTIC: [8] Use of undefined constant namepath - assumed 'namepath' D:\WWW\sister\Application\Runtime\Cache\Home\2a94b8bda04ff446dcedd42276fc99ee.php 第 68 行.
NOTIC: [8] Use of undefined constant namepath - assumed 'namepath' D:\WWW\sister\Application\Runtime\Cache\Home\2a94b8bda04ff446dcedd42276fc99ee.php 第 68 行.
INFO: Run Behavior\ParseTemplateBehavior [ RunTime:0.011001s ]
INFO: [ view_parse ] --END-- [ RunTime:0.011001s ]
INFO: [ view_filter ] --START--
INFO: Run Behavior\WriteHtmlCacheBehavior [ RunTime:0.000000s ]
INFO: [ view_filter ] --END-- [ RunTime:0.001000s ]
INFO: [ app_end ] --START--
INFO: Run Behavior\ShowPageTraceBehavior [ RunTime:0.000000s ]
INFO: [ app_end ] --END-- [ RunTime:0.000000s ]

[ 2015-12-02T22:23:22+08:00 ] 127.0.0.1 /
INFO: [ app_init ] --START--
INFO: Run Behavior\BuildLiteBehavior [ RunTime:0.000000s ]
INFO: [ app_init ] --END-- [ RunTime:0.000000s ]
INFO: [ app_begin ] --START--
INFO: Run Behavior\ReadHtmlCacheBehavior [ RunTime:0.000000s ]
INFO: [ app_begin ] --END-- [ RunTime:0.000000s ]
SQL: SHOW COLUMNS FROM `pt_type` [ RunTime:0.0030s ]
SQL: SELECT * FROM `pt_type`  [ RunTime:0.0000s ]
SQL: SHOW COLUMNS FROM `pt_links` [ RunTime:0.0030s ]
SQL: SELECT * FROM `pt_links` WHERE ( state=1 )  [ RunTime:0.0000s ]
SQL: SHOW COLUMNS FROM `pt_news` [ RunTime:0.0030s ]
SQL: SELECT * FROM `pt_news` WHERE ( pid =1 and state=2 ) ORDER BY id desc LIMIT 8   [ RunTime:0.0010s ]
SQL: SELECT * FROM `pt_news` WHERE ( pid =2 and state=2 ) ORDER BY id desc LIMIT 8   [ RunTime:0.0000s ]
SQL: SELECT * FROM `pt_news` WHERE ( pid =3 and state=2 ) ORDER BY id desc LIMIT 8   [ RunTime:0.0010s ]
SQL: SELECT * FROM `pt_news` WHERE ( pid =4 and state=2 ) ORDER BY id desc LIMIT 8   [ RunTime:0.0000s ]
SQL: SELECT * FROM `pt_news` WHERE ( pid =5 and state=2 ) ORDER BY id desc LIMIT 8   [ RunTime:0.0010s ]
SQL: SELECT * FROM `pt_news` WHERE ( pid =6 and state=2 ) ORDER BY id desc LIMIT 8   [ RunTime:0.0000s ]
SQL: SELECT * FROM `pt_news` WHERE ( pid =7 and state=2 ) ORDER BY id desc LIMIT 8   [ RunTime:0.0010s ]
INFO: [ view_parse ] --START--
INFO: [ template_filter ] --START--
INFO: Run Behavior\ContentReplaceBehavior [ RunTime:0.000000s ]
INFO: [ template_filter ] --END-- [ RunTime:0.000000s ]
NOTIC: [8] Use of undefined constant namepath - assumed 'namepath' D:\WWW\sister\Application\Runtime\Cache\Home\2a94b8bda04ff446dcedd42276fc99ee.php 第 68 行.
NOTIC: [8] Use of undefined constant namepath - assumed 'namepath' D:\WWW\sister\Application\Runtime\Cache\Home\2a94b8bda04ff446dcedd42276fc99ee.php 第 68 行.
INFO: Run Behavior\ParseTemplateBehavior [ RunTime:0.008000s ]
INFO: [ view_parse ] --END-- [ RunTime:0.008000s ]
INFO: [ view_filter ] --START--
INFO: Run Behavior\WriteHtmlCacheBehavior [ RunTime:0.000000s ]
INFO: [ view_filter ] --END-- [ RunTime:0.000000s ]
INFO: [ app_end ] --START--
INFO: Run Behavior\ShowPageTraceBehavior [ RunTime:0.000000s ]
INFO: [ app_end ] --END-- [ RunTime:0.000000s ]

[ 2015-12-02T22:23:23+08:00 ] 127.0.0.1 /
INFO: [ app_init ] --START--
INFO: Run Behavior\BuildLiteBehavior [ RunTime:0.000000s ]
INFO: [ app_init ] --END-- [ RunTime:0.001000s ]
INFO: [ app_begin ] --START--
INFO: Run Behavior\ReadHtmlCacheBehavior [ RunTime:0.000000s ]
INFO: [ app_begin ] --END-- [ RunTime:0.001000s ]
SQL: SHOW COLUMNS FROM `pt_type` [ RunTime:0.0030s ]
SQL: SELECT * FROM `pt_type`  [ RunTime:0.0010s ]
SQL: SHOW COLUMNS FROM `pt_links` [ RunTime:0.0030s ]
SQL: SELECT * FROM `pt_links` WHERE ( state=1 )  [ RunTime:0.0000s ]
SQL: SHOW COLUMNS FROM `pt_news` [ RunTime:0.0030s ]
SQL: SELECT * FROM `pt_news` WHERE ( pid =1 and state=2 ) ORDER BY id desc LIMIT 8   [ RunTime:0.0000s ]
SQL: SELECT * FROM `pt_news` WHERE ( pid =2 and state=2 ) ORDER BY id desc LIMIT 8   [ RunTime:0.0010s ]
SQL: SELECT * FROM `pt_news` WHERE ( pid =3 and state=2 ) ORDER BY id desc LIMIT 8   [ RunTime:0.0000s ]
SQL: SELECT * FROM `pt_news` WHERE ( pid =4 and state=2 ) ORDER BY id desc LIMIT 8   [ RunTime:0.0010s ]
SQL: SELECT * FROM `pt_news` WHERE ( pid =5 and state=2 ) ORDER BY id desc LIMIT 8   [ RunTime:0.0010s ]
SQL: SELECT * FROM `pt_news` WHERE ( pid =6 and state=2 ) ORDER BY id desc LIMIT 8   [ RunTime:0.0000s ]
SQL: SELECT * FROM `pt_news` WHERE ( pid =7 and state=2 ) ORDER BY id desc LIMIT 8   [ RunTime:0.0000s ]
INFO: [ view_parse ] --START--
INFO: [ template_filter ] --START--
INFO: Run Behavior\ContentReplaceBehavior [ RunTime:0.000000s ]
INFO: [ template_filter ] --END-- [ RunTime:0.000000s ]
NOTIC: [8] Use of undefined constant namepath - assumed 'namepath' D:\WWW\sister\Application\Runtime\Cache\Home\2a94b8bda04ff446dcedd42276fc99ee.php 第 68 行.
NOTIC: [8] Use of undefined constant namepath - assumed 'namepath' D:\WWW\sister\Application\Runtime\Cache\Home\2a94b8bda04ff446dcedd42276fc99ee.php 第 68 行.
INFO: Run Behavior\ParseTemplateBehavior [ RunTime:0.008001s ]
INFO: [ view_parse ] --END-- [ RunTime:0.008001s ]
INFO: [ view_filter ] --START--
INFO: Run Behavior\WriteHtmlCacheBehavior [ RunTime:0.000000s ]
INFO: [ view_filter ] --END-- [ RunTime:0.000000s ]
INFO: [ app_end ] --START--
INFO: Run Behavior\ShowPageTraceBehavior [ RunTime:0.000000s ]
INFO: [ app_end ] --END-- [ RunTime:0.000000s ]

[ 2015-12-02T22:33:50+08:00 ] 127.0.0.1 /
INFO: [ app_init ] --START--
INFO: Run Behavior\BuildLiteBehavior [ RunTime:0.000000s ]
INFO: [ app_init ] --END-- [ RunTime:0.002000s ]
INFO: [ app_begin ] --START--
INFO: Run Behavior\ReadHtmlCacheBehavior [ RunTime:0.000000s ]
INFO: [ app_begin ] --END-- [ RunTime:0.001000s ]
SQL: SHOW COLUMNS FROM `pt_type` [ RunTime:0.0030s ]
SQL: SELECT * FROM `pt_type`  [ RunTime:0.0000s ]
SQL: SHOW COLUMNS FROM `pt_links` [ RunTime:0.0030s ]
SQL: SELECT * FROM `pt_links` WHERE ( state=1 )  [ RunTime:0.0000s ]
SQL: SHOW COLUMNS FROM `pt_news` [ RunTime:0.0030s ]
SQL: SELECT * FROM `pt_news` WHERE ( pid =1 and state=2 ) ORDER BY id desc LIMIT 8   [ RunTime:0.0000s ]
SQL: SELECT * FROM `pt_news` WHERE ( pid =2 and state=2 ) ORDER BY id desc LIMIT 8   [ RunTime:0.0010s ]
SQL: SELECT * FROM `pt_news` WHERE ( pid =3 and state=2 ) ORDER BY id desc LIMIT 8   [ RunTime:0.0000s ]
SQL: SELECT * FROM `pt_news` WHERE ( pid =4 and state=2 ) ORDER BY id desc LIMIT 8   [ RunTime:0.0010s ]
SQL: SELECT * FROM `pt_news` WHERE ( pid =5 and state=2 ) ORDER BY id desc LIMIT 8   [ RunTime:0.0000s ]
SQL: SELECT * FROM `pt_news` WHERE ( pid =6 and state=2 ) ORDER BY id desc LIMIT 8   [ RunTime:0.0020s ]
SQL: SELECT * FROM `pt_news` WHERE ( pid =7 and state=2 ) ORDER BY id desc LIMIT 8   [ RunTime:0.0010s ]
SQL: SELECT * FROM `pt_news` WHERE ( pid =8 and state=2 ) ORDER BY id desc LIMIT 8   [ RunTime:0.0000s ]
INFO: [ view_parse ] --START--
INFO: [ template_filter ] --START--
INFO: Run Behavior\ContentReplaceBehavior [ RunTime:0.000000s ]
INFO: [ template_filter ] --END-- [ RunTime:0.000000s ]
NOTIC: [8] Use of undefined constant namepath - assumed 'namepath' D:\WWW\sister\Application\Runtime\Cache\Home\2a94b8bda04ff446dcedd42276fc99ee.php 第 68 行.
NOTIC: [8] Use of undefined constant namepath - assumed 'namepath' D:\WWW\sister\Application\Runtime\Cache\Home\2a94b8bda04ff446dcedd42276fc99ee.php 第 68 行.
INFO: Run Behavior\ParseTemplateBehavior [ RunTime:0.008000s ]
INFO: [ view_parse ] --END-- [ RunTime:0.008000s ]
INFO: [ view_filter ] --START--
INFO: Run Behavior\WriteHtmlCacheBehavior [ RunTime:0.001000s ]
INFO: [ view_filter ] --END-- [ RunTime:0.001000s ]
INFO: [ app_end ] --START--
INFO: Run Behavior\ShowPageTraceBehavior [ RunTime:0.000000s ]
INFO: [ app_end ] --END-- [ RunTime:0.000000s ]

[ 2015-12-02T22:34:13+08:00 ] 127.0.0.1 /xwdt/305.html
INFO: [ app_init ] --START--
INFO: Run Behavior\BuildLiteBehavior [ RunTime:0.000000s ]
INFO: [ app_init ] --END-- [ RunTime:0.001000s ]
INFO: [ app_begin ] --START--
INFO: Run Behavior\ReadHtmlCacheBehavior [ RunTime:0.001000s ]
INFO: [ app_begin ] --END-- [ RunTime:0.001000s ]
SQL: SHOW COLUMNS FROM `pt_type` [ RunTime:0.0030s ]
SQL: SELECT * FROM `pt_type`  [ RunTime:0.0010s ]
SQL: SHOW COLUMNS FROM `pt_links` [ RunTime:0.0040s ]
SQL: SELECT * FROM `pt_links` WHERE ( state=1 )  [ RunTime:0.0000s ]
SQL: SHOW COLUMNS FROM `pt_news` [ RunTime:0.0030s ]
SQL: SELECT * FROM `pt_news` WHERE `pid` = 1 AND `id` = 305 AND `state` = 2 LIMIT 1   [ RunTime:0.0010s ]
INFO: [ view_parse ] --START--
INFO: [ template_filter ] --START--
INFO: Run Behavior\ContentReplaceBehavior [ RunTime:0.000000s ]
INFO: [ template_filter ] --END-- [ RunTime:0.000000s ]
INFO: Run Behavior\ParseTemplateBehavior [ RunTime:0.027002s ]
INFO: [ view_parse ] --END-- [ RunTime:0.027002s ]
INFO: [ view_filter ] --START--
INFO: Run Behavior\WriteHtmlCacheBehavior [ RunTime:0.000000s ]
INFO: [ view_filter ] --END-- [ RunTime:0.000000s ]
INFO: [ app_end ] --START--
INFO: Run Behavior\ShowPageTraceBehavior [ RunTime:0.001000s ]
INFO: [ app_end ] --END-- [ RunTime:0.001000s ]

[ 2015-12-02T22:48:59+08:00 ] 127.0.0.1 /xwdt/305.html
INFO: [ app_init ] --START--
INFO: Run Behavior\BuildLiteBehavior [ RunTime:0.000000s ]
INFO: [ app_init ] --END-- [ RunTime:0.000000s ]
INFO: [ app_begin ] --START--
INFO: Run Behavior\ReadHtmlCacheBehavior [ RunTime:0.000000s ]
INFO: [ app_begin ] --END-- [ RunTime:0.000000s ]
SQL: SHOW COLUMNS FROM `pt_type` [ RunTime:0.0030s ]
SQL: SELECT * FROM `pt_type`  [ RunTime:0.0010s ]
SQL: SHOW COLUMNS FROM `pt_links` [ RunTime:0.0020s ]
SQL: SELECT * FROM `pt_links` WHERE ( state=1 )  [ RunTime:0.0000s ]
SQL: SHOW COLUMNS FROM `pt_news` [ RunTime:0.0030s ]
SQL: SELECT * FROM `pt_news` WHERE `pid` = 1 AND `id` = 305 AND `state` = 2 LIMIT 1   [ RunTime:0.0000s ]
INFO: [ view_parse ] --START--
INFO: [ template_filter ] --START--
INFO: Run Behavior\ContentReplaceBehavior [ RunTime:0.000000s ]
INFO: [ template_filter ] --END-- [ RunTime:0.000000s ]
INFO: Run Behavior\ParseTemplateBehavior [ RunTime:0.013001s ]
INFO: [ view_parse ] --END-- [ RunTime:0.013001s ]
INFO: [ view_filter ] --START--
INFO: Run Behavior\WriteHtmlCacheBehavior [ RunTime:0.000000s ]
INFO: [ view_filter ] --END-- [ RunTime:0.000000s ]
INFO: [ app_end ] --START--
INFO: Run Behavior\ShowPageTraceBehavior [ RunTime:0.001000s ]
INFO: [ app_end ] --END-- [ RunTime:0.001000s ]

[ 2015-12-02T22:49:13+08:00 ] 127.0.0.1 /xwdt/305.html
INFO: [ app_init ] --START--
INFO: Run Behavior\BuildLiteBehavior [ RunTime:0.000000s ]
INFO: [ app_init ] --END-- [ RunTime:0.000000s ]
INFO: [ app_begin ] --START--
INFO: Run Behavior\ReadHtmlCacheBehavior [ RunTime:0.000000s ]
INFO: [ app_begin ] --END-- [ RunTime:0.000000s ]
SQL: SHOW COLUMNS FROM `pt_type` [ RunTime:0.0030s ]
SQL: SELECT * FROM `pt_type`  [ RunTime:0.0000s ]
SQL: SHOW COLUMNS FROM `pt_links` [ RunTime:0.0020s ]
SQL: SELECT * FROM `pt_links` WHERE ( state=1 )  [ RunTime:0.0010s ]
SQL: SHOW COLUMNS FROM `pt_news` [ RunTime:0.0030s ]
SQL: SELECT * FROM `pt_news` WHERE `pid` = 1 AND `id` = 305 AND `state` = 2 LIMIT 1   [ RunTime:0.0000s ]
INFO: [ view_parse ] --START--
INFO: [ template_filter ] --START--
INFO: Run Behavior\ContentReplaceBehavior [ RunTime:0.000000s ]
INFO: [ template_filter ] --END-- [ RunTime:0.000000s ]
INFO: Run Behavior\ParseTemplateBehavior [ RunTime:0.005001s ]
INFO: [ view_parse ] --END-- [ RunTime:0.006001s ]
INFO: [ view_filter ] --START--
INFO: Run Behavior\WriteHtmlCacheBehavior [ RunTime:0.000000s ]
INFO: [ view_filter ] --END-- [ RunTime:0.000000s ]
INFO: [ app_end ] --START--
INFO: Run Behavior\ShowPageTraceBehavior [ RunTime:0.001000s ]
INFO: [ app_end ] --END-- [ RunTime:0.001000s ]

[ 2015-12-02T22:49:13+08:00 ] 127.0.0.1 /xwdt/305.html
INFO: [ app_init ] --START--
INFO: Run Behavior\BuildLiteBehavior [ RunTime:0.000000s ]
INFO: [ app_init ] --END-- [ RunTime:0.001000s ]
INFO: [ app_begin ] --START--
INFO: Run Behavior\ReadHtmlCacheBehavior [ RunTime:0.000000s ]
INFO: [ app_begin ] --END-- [ RunTime:0.001000s ]
SQL: SHOW COLUMNS FROM `pt_type` [ RunTime:0.0030s ]
SQL: SELECT * FROM `pt_type`  [ RunTime:0.0000s ]
SQL: SHOW COLUMNS FROM `pt_links` [ RunTime:0.0050s ]
SQL: SELECT * FROM `pt_links` WHERE ( state=1 )  [ RunTime:0.0000s ]
SQL: SHOW COLUMNS FROM `pt_news` [ RunTime:0.0030s ]
SQL: SELECT * FROM `pt_news` WHERE `pid` = 1 AND `id` = 305 AND `state` = 2 LIMIT 1   [ RunTime:0.0000s ]
INFO: [ view_parse ] --START--
INFO: [ template_filter ] --START--
INFO: Run Behavior\ContentReplaceBehavior [ RunTime:0.000000s ]
INFO: [ template_filter ] --END-- [ RunTime:0.000000s ]
INFO: Run Behavior\ParseTemplateBehavior [ RunTime:0.005000s ]
INFO: [ view_parse ] --END-- [ RunTime:0.006000s ]
INFO: [ view_filter ] --START--
INFO: Run Behavior\WriteHtmlCacheBehavior [ RunTime:0.000000s ]
INFO: [ view_filter ] --END-- [ RunTime:0.000000s ]
INFO: [ app_end ] --START--
INFO: Run Behavior\ShowPageTraceBehavior [ RunTime:0.000000s ]
INFO: [ app_end ] --END-- [ RunTime:0.000000s ]

[ 2015-12-02T22:49:13+08:00 ] 127.0.0.1 /xwdt/305.html
INFO: [ app_init ] --START--
INFO: Run Behavior\BuildLiteBehavior [ RunTime:0.000000s ]
INFO: [ app_init ] --END-- [ RunTime:0.001000s ]
INFO: [ app_begin ] --START--
INFO: Run Behavior\ReadHtmlCacheBehavior [ RunTime:0.000000s ]
INFO: [ app_begin ] --END-- [ RunTime:0.000000s ]
SQL: SHOW COLUMNS FROM `pt_type` [ RunTime:0.0040s ]
SQL: SELECT * FROM `pt_type`  [ RunTime:0.0000s ]
SQL: SHOW COLUMNS FROM `pt_links` [ RunTime:0.0030s ]
SQL: SELECT * FROM `pt_links` WHERE ( state=1 )  [ RunTime:0.0000s ]
SQL: SHOW COLUMNS FROM `pt_news` [ RunTime:0.0040s ]
SQL: SELECT * FROM `pt_news` WHERE `pid` = 1 AND `id` = 305 AND `state` = 2 LIMIT 1   [ RunTime:0.0010s ]
INFO: [ view_parse ] --START--
INFO: [ template_filter ] --START--
INFO: Run Behavior\ContentReplaceBehavior [ RunTime:0.000000s ]
INFO: [ template_filter ] --END-- [ RunTime:0.000000s ]
INFO: Run Behavior\ParseTemplateBehavior [ RunTime:0.005001s ]
INFO: [ view_parse ] --END-- [ RunTime:0.005001s ]
INFO: [ view_filter ] --START--
INFO: Run Behavior\WriteHtmlCacheBehavior [ RunTime:0.000000s ]
INFO: [ view_filter ] --END-- [ RunTime:0.000000s ]
INFO: [ app_end ] --START--
INFO: Run Behavior\ShowPageTraceBehavior [ RunTime:0.001000s ]
INFO: [ app_end ] --END-- [ RunTime:0.001000s ]

[ 2015-12-02T22:49:13+08:00 ] 127.0.0.1 /xwdt/305.html
INFO: [ app_init ] --START--
INFO: Run Behavior\BuildLiteBehavior [ RunTime:0.000000s ]
INFO: [ app_init ] --END-- [ RunTime:0.000000s ]
INFO: [ app_begin ] --START--
INFO: Run Behavior\ReadHtmlCacheBehavior [ RunTime:0.002000s ]
INFO: [ app_begin ] --END-- [ RunTime:0.002000s ]
SQL: SHOW COLUMNS FROM `pt_type` [ RunTime:0.0040s ]
SQL: SELECT * FROM `pt_type`  [ RunTime:0.0000s ]
SQL: SHOW COLUMNS FROM `pt_links` [ RunTime:0.0030s ]
SQL: SELECT * FROM `pt_links` WHERE ( state=1 )  [ RunTime:0.0000s ]
SQL: SHOW COLUMNS FROM `pt_news` [ RunTime:0.0030s ]
SQL: SELECT * FROM `pt_news` WHERE `pid` = 1 AND `id` = 305 AND `state` = 2 LIMIT 1   [ RunTime:0.0000s ]
INFO: [ view_parse ] --START--
INFO: [ template_filter ] --START--
INFO: Run Behavior\ContentReplaceBehavior [ RunTime:0.000000s ]
INFO: [ template_filter ] --END-- [ RunTime:0.000000s ]
INFO: Run Behavior\ParseTemplateBehavior [ RunTime:0.007001s ]
INFO: [ view_parse ] --END-- [ RunTime:0.007001s ]
INFO: [ view_filter ] --START--
INFO: Run Behavior\WriteHtmlCacheBehavior [ RunTime:0.000000s ]
INFO: [ view_filter ] --END-- [ RunTime:0.000000s ]
INFO: [ app_end ] --START--
INFO: Run Behavior\ShowPageTraceBehavior [ RunTime:0.001000s ]
INFO: [ app_end ] --END-- [ RunTime:0.001000s ]

[ 2015-12-02T22:49:18+08:00 ] 127.0.0.1 /xwdt/305.html
INFO: [ app_init ] --START--
INFO: Run Behavior\BuildLiteBehavior [ RunTime:0.000000s ]
INFO: [ app_init ] --END-- [ RunTime:0.000000s ]
INFO: [ app_begin ] --START--
INFO: Run Behavior\ReadHtmlCacheBehavior [ RunTime:0.001000s ]
INFO: [ app_begin ] --END-- [ RunTime:0.001000s ]
SQL: SHOW COLUMNS FROM `pt_type` [ RunTime:0.0040s ]
SQL: SELECT * FROM `pt_type`  [ RunTime:0.0000s ]
SQL: SHOW COLUMNS FROM `pt_links` [ RunTime:0.0030s ]
SQL: SELECT * FROM `pt_links` WHERE ( state=1 )  [ RunTime:0.0010s ]
SQL: SHOW COLUMNS FROM `pt_news` [ RunTime:0.0030s ]
SQL: SELECT * FROM `pt_news` WHERE `pid` = 1 AND `id` = 305 AND `state` = 2 LIMIT 1   [ RunTime:0.0000s ]
INFO: [ view_parse ] --START--
INFO: [ template_filter ] --START--
INFO: Run Behavior\ContentReplaceBehavior [ RunTime:0.000000s ]
INFO: [ template_filter ] --END-- [ RunTime:0.001000s ]
INFO: Run Behavior\ParseTemplateBehavior [ RunTime:0.007001s ]
INFO: [ view_parse ] --END-- [ RunTime:0.007001s ]
INFO: [ view_filter ] --START--
INFO: Run Behavior\WriteHtmlCacheBehavior [ RunTime:0.000000s ]
INFO: [ view_filter ] --END-- [ RunTime:0.000000s ]
INFO: [ app_end ] --START--
INFO: Run Behavior\ShowPageTraceBehavior [ RunTime:0.001000s ]
INFO: [ app_end ] --END-- [ RunTime:0.001000s ]

[ 2015-12-02T22:49:40+08:00 ] 127.0.0.1 /
INFO: [ app_init ] --START--
INFO: Run Behavior\BuildLiteBehavior [ RunTime:0.000000s ]
INFO: [ app_init ] --END-- [ RunTime:0.000000s ]
INFO: [ app_begin ] --START--
INFO: Run Behavior\ReadHtmlCacheBehavior [ RunTime:0.002001s ]
INFO: [ app_begin ] --END-- [ RunTime:0.002001s ]
SQL: SHOW COLUMNS FROM `pt_type` [ RunTime:0.0040s ]
SQL: SELECT * FROM `pt_type`  [ RunTime:0.0000s ]
SQL: SHOW COLUMNS FROM `pt_links` [ RunTime:0.0040s ]
SQL: SELECT * FROM `pt_links` WHERE ( state=1 )  [ RunTime:0.0000s ]
SQL: SHOW COLUMNS FROM `pt_news` [ RunTime:0.0040s ]
SQL: SELECT * FROM `pt_news` WHERE ( pid =1 and state=2 ) ORDER BY id desc LIMIT 8   [ RunTime:0.0010s ]
SQL: SELECT * FROM `pt_news` WHERE ( pid =2 and state=2 ) ORDER BY id desc LIMIT 8   [ RunTime:0.0020s ]
SQL: SELECT * FROM `pt_news` WHERE ( pid =3 and state=2 ) ORDER BY id desc LIMIT 8   [ RunTime:0.0010s ]
SQL: SELECT * FROM `pt_news` WHERE ( pid =4 and state=2 ) ORDER BY id desc LIMIT 8   [ RunTime:0.0010s ]
SQL: SELECT * FROM `pt_news` WHERE ( pid =5 and state=2 ) ORDER BY id desc LIMIT 8   [ RunTime:0.0010s ]
SQL: SELECT * FROM `pt_news` WHERE ( pid =6 and state=2 ) ORDER BY id desc LIMIT 8   [ RunTime:0.0000s ]
SQL: SELECT * FROM `pt_news` WHERE ( pid =7 and state=2 ) ORDER BY id desc LIMIT 8   [ RunTime:0.0000s ]
SQL: SELECT * FROM `pt_news` WHERE ( pid =8 and state=2 ) ORDER BY id desc LIMIT 8   [ RunTime:0.0010s ]
INFO: [ view_parse ] --START--
INFO: [ template_filter ] --START--
INFO: Run Behavior\ContentReplaceBehavior [ RunTime:0.000000s ]
INFO: [ template_filter ] --END-- [ RunTime:0.000000s ]
NOTIC: [8] Use of undefined constant namepath - assumed 'namepath' D:\WWW\sister\Application\Runtime\Cache\Home\2a94b8bda04ff446dcedd42276fc99ee.php 第 68 行.
NOTIC: [8] Use of undefined constant namepath - assumed 'namepath' D:\WWW\sister\Application\Runtime\Cache\Home\2a94b8bda04ff446dcedd42276fc99ee.php 第 68 行.
INFO: Run Behavior\ParseTemplateBehavior [ RunTime:0.008000s ]
INFO: [ view_parse ] --END-- [ RunTime:0.008000s ]
INFO: [ view_filter ] --START--
INFO: Run Behavior\WriteHtmlCacheBehavior [ RunTime:0.000000s ]
INFO: [ view_filter ] --END-- [ RunTime:0.000000s ]
INFO: [ app_end ] --START--
INFO: Run Behavior\ShowPageTraceBehavior [ RunTime:0.001000s ]
INFO: [ app_end ] --END-- [ RunTime:0.001000s ]

[ 2015-12-02T22:49:47+08:00 ] 127.0.0.1 /t_%E6%96%B0%E9%97%BB%E5%8A%A8%E6%80%81.html
INFO: [ app_init ] --START--
INFO: Run Behavior\BuildLiteBehavior [ RunTime:0.000000s ]
INFO: [ app_init ] --END-- [ RunTime:0.000000s ]
INFO: [ app_begin ] --START--
INFO: Run Behavior\ReadHtmlCacheBehavior [ RunTime:0.000000s ]
INFO: [ app_begin ] --END-- [ RunTime:0.000000s ]
ERR: 无法加载控制器:T_新闻动态

[ 2015-12-02T22:50:45+08:00 ] 127.0.0.1 /
INFO: [ app_init ] --START--
INFO: Run Behavior\BuildLiteBehavior [ RunTime:0.000000s ]
INFO: [ app_init ] --END-- [ RunTime:0.001000s ]
INFO: [ app_begin ] --START--
INFO: Run Behavior\ReadHtmlCacheBehavior [ RunTime:0.001000s ]
INFO: [ app_begin ] --END-- [ RunTime:0.001000s ]
SQL: SHOW COLUMNS FROM `pt_type` [ RunTime:0.0030s ]
SQL: SELECT * FROM `pt_type`  [ RunTime:0.0000s ]
SQL: SHOW COLUMNS FROM `pt_links` [ RunTime:0.0030s ]
SQL: SELECT * FROM `pt_links` WHERE ( state=1 )  [ RunTime:0.0000s ]
SQL: SHOW COLUMNS FROM `pt_news` [ RunTime:0.0040s ]
SQL: SELECT * FROM `pt_news` WHERE ( pid =1 and state=2 ) ORDER BY id desc LIMIT 8   [ RunTime:0.0010s ]
SQL: SELECT * FROM `pt_news` WHERE ( pid =2 and state=2 ) ORDER BY id desc LIMIT 8   [ RunTime:0.0000s ]
SQL: SELECT * FROM `pt_news` WHERE ( pid =3 and state=2 ) ORDER BY id desc LIMIT 8   [ RunTime:0.0010s ]
SQL: SELECT * FROM `pt_news` WHERE ( pid =4 and state=2 ) ORDER BY id desc LIMIT 8   [ RunTime:0.0000s ]
SQL: SELECT * FROM `pt_news` WHERE ( pid =5 and state=2 ) ORDER BY id desc LIMIT 8   [ RunTime:0.0010s ]
SQL: SELECT * FROM `pt_news` WHERE ( pid =6 and state=2 ) ORDER BY id desc LIMIT 8   [ RunTime:0.0010s ]
SQL: SELECT * FROM `pt_news` WHERE ( pid =7 and state=2 ) ORDER BY id desc LIMIT 8   [ RunTime:0.0000s ]
SQL: SELECT * FROM `pt_news` WHERE ( pid =8 and state=2 ) ORDER BY id desc LIMIT 8   [ RunTime:0.0010s ]
INFO: [ view_parse ] --START--
INFO: [ template_filter ] --START--
INFO: Run Behavior\ContentReplaceBehavior [ RunTime:0.000000s ]
INFO: [ template_filter ] --END-- [ RunTime:0.000000s ]
NOTIC: [8] Use of undefined constant namepath - assumed 'namepath' D:\WWW\sister\Application\Runtime\Cache\Home\2a94b8bda04ff446dcedd42276fc99ee.php 第 68 行.
NOTIC: [8] Use of undefined constant namepath - assumed 'namepath' D:\WWW\sister\Application\Runtime\Cache\Home\2a94b8bda04ff446dcedd42276fc99ee.php 第 68 行.
INFO: Run Behavior\ParseTemplateBehavior [ RunTime:0.008001s ]
INFO: [ view_parse ] --END-- [ RunTime:0.008001s ]
INFO: [ view_filter ] --START--
INFO: Run Behavior\WriteHtmlCacheBehavior [ RunTime:0.000000s ]
INFO: [ view_filter ] --END-- [ RunTime:0.000000s ]
INFO: [ app_end ] --START--
INFO: Run Behavior\ShowPageTraceBehavior [ RunTime:0.000000s ]
INFO: [ app_end ] --END-- [ RunTime:0.003000s ]

[ 2015-12-02T22:50:47+08:00 ] 127.0.0.1 /t_awjw.html
INFO: [ app_init ] --START--
INFO: Run Behavior\BuildLiteBehavior [ RunTime:0.000000s ]
INFO: [ app_init ] --END-- [ RunTime:0.000000s ]
INFO: [ app_begin ] --START--
INFO: Run Behavior\ReadHtmlCacheBehavior [ RunTime:0.001000s ]
INFO: [ app_begin ] --END-- [ RunTime:0.001000s ]
SQL: SHOW COLUMNS FROM `pt_type` [ RunTime:0.0040s ]
SQL: SELECT * FROM `pt_type`  [ RunTime:0.0000s ]
SQL: SHOW COLUMNS FROM `pt_links` [ RunTime:0.0030s ]
SQL: SELECT * FROM `pt_links` WHERE ( state=1 )  [ RunTime:0.0000s ]
SQL: SELECT * FROM `pt_type` WHERE ( namepath='awjw' ) LIMIT 1   [ RunTime:0.0000s ]
SQL: SHOW COLUMNS FROM `pt_news` [ RunTime:0.0030s ]
NOTIC: [8] Undefined index: limit D:\WWW\sister\ThinkPHP\Library\Think\Db\Driver.class.php 第 961 行.
SQL: SELECT * FROM `pt_news` WHERE ( pid=8 and state=2 ) ORDER BY id desc LIMIT 0,20   [ RunTime:0.0000s ]
SQL: SELECT COUNT(*) AS tp_count FROM `pt_news` WHERE ( pid=8 and state=2 ) LIMIT 1   [ RunTime:0.0010s ]
INFO: [ view_parse ] --START--
INFO: [ template_filter ] --START--
INFO: Run Behavior\ContentReplaceBehavior [ RunTime:0.000000s ]
INFO: [ template_filter ] --END-- [ RunTime:0.000000s ]
INFO: Run Behavior\ParseTemplateBehavior [ RunTime:0.021001s ]
INFO: [ view_parse ] --END-- [ RunTime:0.021001s ]
INFO: [ view_filter ] --START--
INFO: Run Behavior\WriteHtmlCacheBehavior [ RunTime:0.000000s ]
INFO: [ view_filter ] --END-- [ RunTime:0.000000s ]
INFO: [ app_end ] --START--
INFO: Run Behavior\ShowPageTraceBehavior [ RunTime:0.001000s ]
INFO: [ app_end ] --END-- [ RunTime:0.001000s ]

[ 2015-12-02T22:52:36+08:00 ] 127.0.0.1 /
INFO: [ app_init ] --START--
INFO: Run Behavior\BuildLiteBehavior [ RunTime:0.000000s ]
INFO: [ app_init ] --END-- [ RunTime:0.001001s ]
INFO: [ app_begin ] --START--
INFO: Run Behavior\ReadHtmlCacheBehavior [ RunTime:0.000000s ]
INFO: [ app_begin ] --END-- [ RunTime:0.000000s ]
SQL: SHOW COLUMNS FROM `pt_type` [ RunTime:0.0040s ]
SQL: SELECT * FROM `pt_type`  [ RunTime:0.0000s ]
SQL: SHOW COLUMNS FROM `pt_links` [ RunTime:0.0020s ]
SQL: SELECT * FROM `pt_links` WHERE ( state=1 )  [ RunTime:0.0000s ]
SQL: SHOW COLUMNS FROM `pt_news` [ RunTime:0.0040s ]
SQL: SELECT * FROM `pt_news` WHERE ( pid =1 and state=2 ) ORDER BY id desc LIMIT 8   [ RunTime:0.0010s ]
SQL: SELECT * FROM `pt_news` WHERE ( pid =2 and state=2 ) ORDER BY id desc LIMIT 8   [ RunTime:0.0010s ]
SQL: SELECT * FROM `pt_news` WHERE ( pid =3 and state=2 ) ORDER BY id desc LIMIT 8   [ RunTime:0.0000s ]
SQL: SELECT * FROM `pt_news` WHERE ( pid =4 and state=2 ) ORDER BY id desc LIMIT 8   [ RunTime:0.0000s ]
SQL: SELECT * FROM `pt_news` WHERE ( pid =5 and state=2 ) ORDER BY id desc LIMIT 8   [ RunTime:0.0010s ]
SQL: SELECT * FROM `pt_news` WHERE ( pid =6 and state=2 ) ORDER BY id desc LIMIT 8   [ RunTime:0.0000s ]
SQL: SELECT * FROM `pt_news` WHERE ( pid =7 and state=2 ) ORDER BY id desc LIMIT 8   [ RunTime:0.0010s ]
SQL: SELECT * FROM `pt_news` WHERE ( pid =8 and state=2 ) ORDER BY id desc LIMIT 8   [ RunTime:0.0000s ]
INFO: [ view_parse ] --START--
INFO: [ template_filter ] --START--
INFO: Run Behavior\ContentReplaceBehavior [ RunTime:0.000000s ]
INFO: [ template_filter ] --END-- [ RunTime:0.000000s ]
NOTIC: [8] Use of undefined constant namepath - assumed 'namepath' D:\WWW\sister\Application\Runtime\Cache\Home\2a94b8bda04ff446dcedd42276fc99ee.php 第 68 行.
NOTIC: [8] Use of undefined constant namepath - assumed 'namepath' D:\WWW\sister\Application\Runtime\Cache\Home\2a94b8bda04ff446dcedd42276fc99ee.php 第 68 行.
INFO: Run Behavior\ParseTemplateBehavior [ RunTime:0.009000s ]
INFO: [ view_parse ] --END-- [ RunTime:0.009000s ]
INFO: [ view_filter ] --START--
INFO: Run Behavior\WriteHtmlCacheBehavior [ RunTime:0.000000s ]
INFO: [ view_filter ] --END-- [ RunTime:0.000000s ]
INFO: [ app_end ] --START--
INFO: Run Behavior\ShowPageTraceBehavior [ RunTime:0.001000s ]
INFO: [ app_end ] --END-- [ RunTime:0.001000s ]

[ 2015-12-02T22:52:38+08:00 ] 127.0.0.1 /awjw/306.html
INFO: [ app_init ] --START--
INFO: Run Behavior\BuildLiteBehavior [ RunTime:0.000000s ]
INFO: [ app_init ] --END-- [ RunTime:0.000000s ]
INFO: [ app_begin ] --START--
INFO: Run Behavior\ReadHtmlCacheBehavior [ RunTime:0.000000s ]
INFO: [ app_begin ] --END-- [ RunTime:0.000000s ]
SQL: SHOW COLUMNS FROM `pt_type` [ RunTime:0.0020s ]
SQL: SELECT * FROM `pt_type`  [ RunTime:0.0000s ]
SQL: SHOW COLUMNS FROM `pt_links` [ RunTime:0.0030s ]
SQL: SELECT * FROM `pt_links` WHERE ( state=1 )  [ RunTime:0.0000s ]
SQL: SHOW COLUMNS FROM `pt_news` [ RunTime:0.0040s ]
SQL: SELECT * FROM `pt_news` WHERE `pid` = 8 AND `id` = 306 AND `state` = 2 LIMIT 1   [ RunTime:0.0000s ]
INFO: [ view_parse ] --START--
INFO: [ template_filter ] --START--
INFO: Run Behavior\ContentReplaceBehavior [ RunTime:0.000000s ]
INFO: [ template_filter ] --END-- [ RunTime:0.000000s ]
INFO: Run Behavior\ParseTemplateBehavior [ RunTime:0.006000s ]
INFO: [ view_parse ] --END-- [ RunTime:0.006000s ]
INFO: [ view_filter ] --START--
INFO: Run Behavior\WriteHtmlCacheBehavior [ RunTime:0.000000s ]
INFO: [ view_filter ] --END-- [ RunTime:0.000000s ]
INFO: [ app_end ] --START--
INFO: Run Behavior\ShowPageTraceBehavior [ RunTime:0.001000s ]
INFO: [ app_end ] --END-- [ RunTime:0.001000s ]

[ 2015-12-02T22:53:02+08:00 ] 127.0.0.1 /awjw/306.html
INFO: [ app_init ] --START--
INFO: Run Behavior\BuildLiteBehavior [ RunTime:0.000000s ]
INFO: [ app_init ] --END-- [ RunTime:0.000000s ]
INFO: [ app_begin ] --START--
INFO: Run Behavior\ReadHtmlCacheBehavior [ RunTime:0.000000s ]
INFO: [ app_begin ] --END-- [ RunTime:0.000000s ]
SQL: SHOW COLUMNS FROM `pt_type` [ RunTime:0.0030s ]
SQL: SELECT * FROM `pt_type`  [ RunTime:0.0000s ]
SQL: SHOW COLUMNS FROM `pt_links` [ RunTime:0.0030s ]
SQL: SELECT * FROM `pt_links` WHERE ( state=1 )  [ RunTime:0.0000s ]
SQL: SHOW COLUMNS FROM `pt_news` [ RunTime:0.0030s ]
SQL: SELECT * FROM `pt_news` WHERE `pid` = 8 AND `id` = 306 AND `state` = 2 LIMIT 1   [ RunTime:0.0000s ]
INFO: [ view_parse ] --START--
INFO: [ template_filter ] --START--
INFO: Run Behavior\ContentReplaceBehavior [ RunTime:0.000000s ]
INFO: [ template_filter ] --END-- [ RunTime:0.000000s ]
INFO: Run Behavior\ParseTemplateBehavior [ RunTime:0.007001s ]
INFO: [ view_parse ] --END-- [ RunTime:0.007001s ]
INFO: [ view_filter ] --START--
INFO: Run Behavior\WriteHtmlCacheBehavior [ RunTime:0.000000s ]
INFO: [ view_filter ] --END-- [ RunTime:0.000000s ]
INFO: [ app_end ] --START--
INFO: Run Behavior\ShowPageTraceBehavior [ RunTime:0.001000s ]
INFO: [ app_end ] --END-- [ RunTime:0.001000s ]

[ 2015-12-02T22:53:34+08:00 ] 127.0.0.1 /awjw/306.html
INFO: [ app_init ] --START--
INFO: Run Behavior\BuildLiteBehavior [ RunTime:0.000000s ]
INFO: [ app_init ] --END-- [ RunTime:0.000000s ]
INFO: [ app_begin ] --START--
INFO: Run Behavior\ReadHtmlCacheBehavior [ RunTime:0.000000s ]
INFO: [ app_begin ] --END-- [ RunTime:0.001000s ]
SQL: SHOW COLUMNS FROM `pt_type` [ RunTime:0.0030s ]
SQL: SELECT * FROM `pt_type`  [ RunTime:0.0000s ]
SQL: SHOW COLUMNS FROM `pt_links` [ RunTime:0.0030s ]
SQL: SELECT * FROM `pt_links` WHERE ( state=1 )  [ RunTime:0.0010s ]
SQL: SHOW COLUMNS FROM `pt_news` [ RunTime:0.0020s ]
SQL: SELECT * FROM `pt_news` WHERE `pid` = 8 AND `id` = 306 AND `state` = 2 LIMIT 1   [ RunTime:0.0000s ]
INFO: [ view_parse ] --START--
INFO: [ template_filter ] --START--
INFO: Run Behavior\ContentReplaceBehavior [ RunTime:0.000000s ]
INFO: [ template_filter ] --END-- [ RunTime:0.000000s ]
INFO: Run Behavior\ParseTemplateBehavior [ RunTime:0.005000s ]
INFO: [ view_parse ] --END-- [ RunTime:0.005000s ]
INFO: [ view_filter ] --START--
INFO: Run Behavior\WriteHtmlCacheBehavior [ RunTime:0.001000s ]
INFO: [ view_filter ] --END-- [ RunTime:0.001000s ]
INFO: [ app_end ] --START--
INFO: Run Behavior\ShowPageTraceBehavior [ RunTime:0.000000s ]
INFO: [ app_end ] --END-- [ RunTime:0.000000s ]

[ 2015-12-02T22:53:44+08:00 ] 127.0.0.1 /t_awjw/
INFO: [ app_init ] --START--
INFO: Run Behavior\BuildLiteBehavior [ RunTime:0.000000s ]
INFO: [ app_init ] --END-- [ RunTime:0.000000s ]
INFO: [ app_begin ] --START--
INFO: Run Behavior\ReadHtmlCacheBehavior [ RunTime:0.001000s ]
INFO: [ app_begin ] --END-- [ RunTime:0.001000s ]
SQL: SHOW COLUMNS FROM `pt_type` [ RunTime:0.0050s ]
SQL: SELECT * FROM `pt_type`  [ RunTime:0.0000s ]
SQL: SHOW COLUMNS FROM `pt_links` [ RunTime:0.0060s ]
SQL: SELECT * FROM `pt_links` WHERE ( state=1 )  [ RunTime:0.0000s ]
SQL: SELECT * FROM `pt_type` WHERE ( namepath='awjw' ) LIMIT 1   [ RunTime:0.0010s ]
SQL: SHOW COLUMNS FROM `pt_news` [ RunTime:0.0040s ]
NOTIC: [8] Undefined index: limit D:\WWW\sister\ThinkPHP\Library\Think\Db\Driver.class.php 第 961 行.
SQL: SELECT * FROM `pt_news` WHERE ( pid=8 and state=2 ) ORDER BY id desc LIMIT 0,20   [ RunTime:0.0000s ]
SQL: SELECT COUNT(*) AS tp_count FROM `pt_news` WHERE ( pid=8 and state=2 ) LIMIT 1   [ RunTime:0.0010s ]
INFO: [ view_parse ] --START--
INFO: [ template_filter ] --START--
INFO: Run Behavior\ContentReplaceBehavior [ RunTime:0.000000s ]
INFO: [ template_filter ] --END-- [ RunTime:0.000000s ]
INFO: Run Behavior\ParseTemplateBehavior [ RunTime:0.007000s ]
INFO: [ view_parse ] --END-- [ RunTime:0.007000s ]
INFO: [ view_filter ] --START--
INFO: Run Behavior\WriteHtmlCacheBehavior [ RunTime:0.000000s ]
INFO: [ view_filter ] --END-- [ RunTime:0.000000s ]
INFO: [ app_end ] --START--
INFO: Run Behavior\ShowPageTraceBehavior [ RunTime:0.001000s ]
INFO: [ app_end ] --END-- [ RunTime:0.001000s ]

[ 2015-12-02T22:54:01+08:00 ] 127.0.0.1 /t_awjw/
INFO: [ app_init ] --START--
INFO: Run Behavior\BuildLiteBehavior [ RunTime:0.000000s ]
INFO: [ app_init ] --END-- [ RunTime:0.000000s ]
INFO: [ app_begin ] --START--
INFO: Run Behavior\ReadHtmlCacheBehavior [ RunTime:0.000000s ]
INFO: [ app_begin ] --END-- [ RunTime:0.000000s ]
SQL: SHOW COLUMNS FROM `pt_type` [ RunTime:0.0030s ]
SQL: SELECT * FROM `pt_type`  [ RunTime:0.0000s ]
SQL: SHOW COLUMNS FROM `pt_links` [ RunTime:0.0030s ]
SQL: SELECT * FROM `pt_links` WHERE ( state=1 )  [ RunTime:0.0000s ]
SQL: SELECT * FROM `pt_type` WHERE ( namepath='awjw' ) LIMIT 1   [ RunTime:0.0000s ]
SQL: SHOW COLUMNS FROM `pt_news` [ RunTime:0.0030s ]
NOTIC: [8] Undefined index: limit D:\WWW\sister\ThinkPHP\Library\Think\Db\Driver.class.php 第 961 行.
SQL: SELECT * FROM `pt_news` WHERE ( pid=8 and state=2 ) ORDER BY id desc LIMIT 0,20   [ RunTime:0.0000s ]
SQL: SELECT COUNT(*) AS tp_count FROM `pt_news` WHERE ( pid=8 and state=2 ) LIMIT 1   [ RunTime:0.0000s ]
INFO: [ view_parse ] --START--
INFO: [ template_filter ] --START--
INFO: Run Behavior\ContentReplaceBehavior [ RunTime:0.000000s ]
INFO: [ template_filter ] --END-- [ RunTime:0.000000s ]
INFO: Run Behavior\ParseTemplateBehavior [ RunTime:0.006001s ]
INFO: [ view_parse ] --END-- [ RunTime:0.006001s ]
INFO: [ view_filter ] --START--
INFO: Run Behavior\WriteHtmlCacheBehavior [ RunTime:0.001000s ]
INFO: [ view_filter ] --END-- [ RunTime:0.001000s ]
INFO: [ app_end ] --START--
INFO: Run Behavior\ShowPageTraceBehavior [ RunTime:0.000000s ]
INFO: [ app_end ] --END-- [ RunTime:0.000000s ]

[ 2015-12-02T22:54:04+08:00 ] 127.0.0.1 /awjw/306.html
INFO: [ app_init ] --START--
INFO: Run Behavior\BuildLiteBehavior [ RunTime:0.000000s ]
INFO: [ app_init ] --END-- [ RunTime:0.000000s ]
INFO: [ app_begin ] --START--
INFO: Run Behavior\ReadHtmlCacheBehavior [ RunTime:0.000000s ]
INFO: [ app_begin ] --END-- [ RunTime:0.000000s ]
SQL: SHOW COLUMNS FROM `pt_type` [ RunTime:0.0030s ]
SQL: SELECT * FROM `pt_type`  [ RunTime:0.0000s ]
SQL: SHOW COLUMNS FROM `pt_links` [ RunTime:0.0030s ]
SQL: SELECT * FROM `pt_links` WHERE ( state=1 )  [ RunTime:0.0010s ]
SQL: SHOW COLUMNS FROM `pt_news` [ RunTime:0.0020s ]
SQL: SELECT * FROM `pt_news` WHERE `pid` = 8 AND `id` = 306 AND `state` = 2 LIMIT 1   [ RunTime:0.0010s ]
INFO: [ view_parse ] --START--
INFO: [ template_filter ] --START--
INFO: Run Behavior\ContentReplaceBehavior [ RunTime:0.000000s ]
INFO: [ template_filter ] --END-- [ RunTime:0.000000s ]
INFO: Run Behavior\ParseTemplateBehavior [ RunTime:0.006000s ]
INFO: [ view_parse ] --END-- [ RunTime:0.006000s ]
INFO: [ view_filter ] --START--
INFO: Run Behavior\WriteHtmlCacheBehavior [ RunTime:0.000000s ]
INFO: [ view_filter ] --END-- [ RunTime:0.000000s ]
INFO: [ app_end ] --START--
INFO: Run Behavior\ShowPageTraceBehavior [ RunTime:0.001000s ]
INFO: [ app_end ] --END-- [ RunTime:0.001000s ]

[ 2015-12-02T22:54:37+08:00 ] 127.0.0.1 /awjw/306.html
INFO: [ app_init ] --START--
INFO: Run Behavior\BuildLiteBehavior [ RunTime:0.000000s ]
INFO: [ app_init ] --END-- [ RunTime:0.001000s ]
INFO: [ app_begin ] --START--
INFO: Run Behavior\ReadHtmlCacheBehavior [ RunTime:0.001001s ]
INFO: [ app_begin ] --END-- [ RunTime:0.001001s ]
SQL: SHOW COLUMNS FROM `pt_type` [ RunTime:0.0050s ]
SQL: SELECT * FROM `pt_type`  [ RunTime:0.0000s ]
SQL: SHOW COLUMNS FROM `pt_links` [ RunTime:0.0030s ]
SQL: SELECT * FROM `pt_links` WHERE ( state=1 )  [ RunTime:0.0000s ]
SQL: SHOW COLUMNS FROM `pt_news` [ RunTime:0.0030s ]
SQL: SELECT * FROM `pt_news` WHERE `pid` = 8 AND `id` = 306 AND `state` = 2 LIMIT 1   [ RunTime:0.0010s ]
INFO: [ view_parse ] --START--
INFO: [ template_filter ] --START--
INFO: Run Behavior\ContentReplaceBehavior [ RunTime:0.000000s ]
INFO: [ template_filter ] --END-- [ RunTime:0.000000s ]
NOTIC: [8] Undefined index: pid D:\WWW\sister\Application\Runtime\Cache\Home\7d99a81bc0c5062f04553b059940b477.php 第 45 行.
NOTIC: [8] Undefined index: pid D:\WWW\sister\Application\Runtime\Cache\Home\7d99a81bc0c5062f04553b059940b477.php 第 45 行.
NOTIC: [8] Undefined index: pid D:\WWW\sister\Application\Runtime\Cache\Home\7d99a81bc0c5062f04553b059940b477.php 第 45 行.
NOTIC: [8] Undefined index: pid D:\WWW\sister\Application\Runtime\Cache\Home\7d99a81bc0c5062f04553b059940b477.php 第 45 行.
NOTIC: [8] Undefined index: pid D:\WWW\sister\Application\Runtime\Cache\Home\7d99a81bc0c5062f04553b059940b477.php 第 45 行.
NOTIC: [8] Undefined index: pid D:\WWW\sister\Application\Runtime\Cache\Home\7d99a81bc0c5062f04553b059940b477.php 第 45 行.
NOTIC: [8] Undefined index: pid D:\WWW\sister\Application\Runtime\Cache\Home\7d99a81bc0c5062f04553b059940b477.php 第 45 行.
NOTIC: [8] Undefined index: pid D:\WWW\sister\Application\Runtime\Cache\Home\7d99a81bc0c5062f04553b059940b477.php 第 45 行.
NOTIC: [8] Undefined index: title D:\WWW\sister\Application\Runtime\Cache\Home\7d99a81bc0c5062f04553b059940b477.php 第 47 行.
NOTIC: [8] Undefined index: title D:\WWW\sister\Application\Runtime\Cache\Home\7d99a81bc0c5062f04553b059940b477.php 第 51 行.
NOTIC: [8] Undefined index: releasetime D:\WWW\sister\Application\Runtime\Cache\Home\7d99a81bc0c5062f04553b059940b477.php 第 52 行.
INFO: Run Behavior\ParseTemplateBehavior [ RunTime:0.006000s ]
INFO: [ view_parse ] --END-- [ RunTime:0.006000s ]
INFO: [ view_filter ] --START--
INFO: Run Behavior\WriteHtmlCacheBehavior [ RunTime:0.000000s ]
INFO: [ view_filter ] --END-- [ RunTime:0.000000s ]
INFO: [ app_end ] --START--
INFO: Run Behavior\ShowPageTraceBehavior [ RunTime:0.001000s ]
INFO: [ app_end ] --END-- [ RunTime:0.001000s ]

[ 2015-12-02T22:54:44+08:00 ] 127.0.0.1 /
INFO: [ app_init ] --START--
INFO: Run Behavior\BuildLiteBehavior [ RunTime:0.000000s ]
INFO: [ app_init ] --END-- [ RunTime:0.002000s ]
INFO: [ app_begin ] --START--
INFO: Run Behavior\ReadHtmlCacheBehavior [ RunTime:0.001000s ]
INFO: [ app_begin ] --END-- [ RunTime:0.001000s ]
SQL: SHOW COLUMNS FROM `pt_type` [ RunTime:0.0030s ]
SQL: SELECT * FROM `pt_type`  [ RunTime:0.0000s ]
SQL: SHOW COLUMNS FROM `pt_links` [ RunTime:0.0030s ]
SQL: SELECT * FROM `pt_links` WHERE ( state=1 )  [ RunTime:0.0000s ]
SQL: SHOW COLUMNS FROM `pt_news` [ RunTime:0.0020s ]
SQL: SELECT * FROM `pt_news` WHERE ( pid =1 and state=2 ) ORDER BY id desc LIMIT 8   [ RunTime:0.0000s ]
SQL: SELECT * FROM `pt_news` WHERE ( pid =2 and state=2 ) ORDER BY id desc LIMIT 8   [ RunTime:0.0010s ]
SQL: SELECT * FROM `pt_news` WHERE ( pid =3 and state=2 ) ORDER BY id desc LIMIT 8   [ RunTime:0.0000s ]
SQL: SELECT * FROM `pt_news` WHERE ( pid =4 and state=2 ) ORDER BY id desc LIMIT 8   [ RunTime:0.0000s ]
SQL: SELECT * FROM `pt_news` WHERE ( pid =5 and state=2 ) ORDER BY id desc LIMIT 8   [ RunTime:0.0010s ]
SQL: SELECT * FROM `pt_news` WHERE ( pid =6 and state=2 ) ORDER BY id desc LIMIT 8   [ RunTime:0.0000s ]
SQL: SELECT * FROM `pt_news` WHERE ( pid =7 and state=2 ) ORDER BY id desc LIMIT 8   [ RunTime:0.0030s ]
SQL: SELECT * FROM `pt_news` WHERE ( pid =8 and state=2 ) ORDER BY id desc LIMIT 8   [ RunTime:0.0010s ]
INFO: [ view_parse ] --START--
INFO: [ template_filter ] --START--
INFO: Run Behavior\ContentReplaceBehavior [ RunTime:0.001000s ]
INFO: [ template_filter ] --END-- [ RunTime:0.001000s ]
NOTIC: [8] Use of undefined constant namepath - assumed 'namepath' D:\WWW\sister\Application\Runtime\Cache\Home\2a94b8bda04ff446dcedd42276fc99ee.php 第 68 行.
NOTIC: [8] Use of undefined constant namepath - assumed 'namepath' D:\WWW\sister\Application\Runtime\Cache\Home\2a94b8bda04ff446dcedd42276fc99ee.php 第 68 行.
INFO: Run Behavior\ParseTemplateBehavior [ RunTime:0.007000s ]
INFO: [ view_parse ] --END-- [ RunTime:0.007000s ]
INFO: [ view_filter ] --START--
INFO: Run Behavior\WriteHtmlCacheBehavior [ RunTime:0.001000s ]
INFO: [ view_filter ] --END-- [ RunTime:0.001000s ]
INFO: [ app_end ] --START--
INFO: Run Behavior\ShowPageTraceBehavior [ RunTime:0.000000s ]
INFO: [ app_end ] --END-- [ RunTime:0.000000s ]

[ 2015-12-02T22:54:46+08:00 ] 127.0.0.1 /t_awjw.html
INFO: [ app_init ] --START--
INFO: Run Behavior\BuildLiteBehavior [ RunTime:0.000000s ]
INFO: [ app_init ] --END-- [ RunTime:0.000000s ]
INFO: [ app_begin ] --START--
INFO: Run Behavior\ReadHtmlCacheBehavior [ RunTime:0.002000s ]
INFO: [ app_begin ] --END-- [ RunTime:0.002000s ]
SQL: SHOW COLUMNS FROM `pt_type` [ RunTime:0.0030s ]
SQL: SELECT * FROM `pt_type`  [ RunTime:0.0010s ]
SQL: SHOW COLUMNS FROM `pt_links` [ RunTime:0.0030s ]
SQL: SELECT * FROM `pt_links` WHERE ( state=1 )  [ RunTime:0.0000s ]
SQL: SELECT * FROM `pt_type` WHERE ( namepath='awjw' ) LIMIT 1   [ RunTime:0.0010s ]
SQL: SHOW COLUMNS FROM `pt_news` [ RunTime:0.0020s ]
NOTIC: [8] Undefined index: limit D:\WWW\sister\ThinkPHP\Library\Think\Db\Driver.class.php 第 961 行.
SQL: SELECT * FROM `pt_news` WHERE ( pid=8 and state=2 ) ORDER BY id desc LIMIT 0,20   [ RunTime:0.0000s ]
SQL: SELECT COUNT(*) AS tp_count FROM `pt_news` WHERE ( pid=8 and state=2 ) LIMIT 1   [ RunTime:0.0000s ]
INFO: [ view_parse ] --START--
INFO: [ template_filter ] --START--
INFO: Run Behavior\ContentReplaceBehavior [ RunTime:0.000000s ]
INFO: [ template_filter ] --END-- [ RunTime:0.000000s ]
INFO: Run Behavior\ParseTemplateBehavior [ RunTime:0.010001s ]
INFO: [ view_parse ] --END-- [ RunTime:0.010001s ]
INFO: [ view_filter ] --START--
INFO: Run Behavior\WriteHtmlCacheBehavior [ RunTime:0.000000s ]
INFO: [ view_filter ] --END-- [ RunTime:0.000000s ]
INFO: [ app_end ] --START--
INFO: Run Behavior\ShowPageTraceBehavior [ RunTime:0.000000s ]
INFO: [ app_end ] --END-- [ RunTime:0.001000s ]

[ 2015-12-02T22:55:59+08:00 ] 127.0.0.1 /
INFO: [ app_init ] --START--
INFO: Run Behavior\BuildLiteBehavior [ RunTime:0.000000s ]
INFO: [ app_init ] --END-- [ RunTime:0.000000s ]
INFO: [ app_begin ] --START--
INFO: Run Behavior\ReadHtmlCacheBehavior [ RunTime:0.001000s ]
INFO: [ app_begin ] --END-- [ RunTime:0.001000s ]
SQL: SHOW COLUMNS FROM `pt_type` [ RunTime:0.0030s ]
SQL: SELECT * FROM `pt_type`  [ RunTime:0.0000s ]
SQL: SHOW COLUMNS FROM `pt_links` [ RunTime:0.0030s ]
SQL: SELECT * FROM `pt_links` WHERE ( state=1 )  [ RunTime:0.0000s ]
SQL: SHOW COLUMNS FROM `pt_news` [ RunTime:0.0040s ]
SQL: SELECT * FROM `pt_news` WHERE ( pid =1 and state=2 ) ORDER BY id desc LIMIT 8   [ RunTime:0.0000s ]
SQL: SELECT * FROM `pt_news` WHERE ( pid =2 and state=2 ) ORDER BY id desc LIMIT 8   [ RunTime:0.0000s ]
SQL: SELECT * FROM `pt_news` WHERE ( pid =3 and state=2 ) ORDER BY id desc LIMIT 8   [ RunTime:0.0010s ]
SQL: SELECT * FROM `pt_news` WHERE ( pid =4 and state=2 ) ORDER BY id desc LIMIT 8   [ RunTime:0.0000s ]
SQL: SELECT * FROM `pt_news` WHERE ( pid =5 and state=2 ) ORDER BY id desc LIMIT 8   [ RunTime:0.0010s ]
SQL: SELECT * FROM `pt_news` WHERE ( pid =6 and state=2 ) ORDER BY id desc LIMIT 8   [ RunTime:0.0000s ]
SQL: SELECT * FROM `pt_news` WHERE ( pid =7 and state=2 ) ORDER BY id desc LIMIT 8   [ RunTime:0.0010s ]
SQL: SELECT * FROM `pt_news` WHERE ( pid =8 and state=2 ) ORDER BY id desc LIMIT 8   [ RunTime:0.0000s ]
INFO: [ view_parse ] --START--
INFO: [ template_filter ] --START--
INFO: Run Behavior\ContentReplaceBehavior [ RunTime:0.000000s ]
INFO: [ template_filter ] --END-- [ RunTime:0.000000s ]
NOTIC: [8] Use of undefined constant namepath - assumed 'namepath' D:\WWW\sister\Application\Runtime\Cache\Home\2a94b8bda04ff446dcedd42276fc99ee.php 第 68 行.
NOTIC: [8] Use of undefined constant namepath - assumed 'namepath' D:\WWW\sister\Application\Runtime\Cache\Home\2a94b8bda04ff446dcedd42276fc99ee.php 第 68 行.
INFO: Run Behavior\ParseTemplateBehavior [ RunTime:0.008000s ]
INFO: [ view_parse ] --END-- [ RunTime:0.008000s ]
INFO: [ view_filter ] --START--
INFO: Run Behavior\WriteHtmlCacheBehavior [ RunTime:0.000000s ]
INFO: [ view_filter ] --END-- [ RunTime:0.000000s ]
INFO: [ app_end ] --START--
INFO: Run Behavior\ShowPageTraceBehavior [ RunTime:0.000000s ]
INFO: [ app_end ] --END-- [ RunTime:0.000000s ]

