[ 2015-11-30T04:00:12+08:00 ] 41.97.132.18 /robots.txt
INFO: [ app_init ] --START--
INFO: Run Behavior\BuildLiteBehavior [ RunTime:0.000026s ]
INFO: [ app_init ] --END-- [ RunTime:0.021036s ]
INFO: [ app_begin ] --START--
INFO: Run Behavior\ReadHtmlCacheBehavior [ RunTime:0.004766s ]
INFO: [ app_begin ] --END-- [ RunTime:0.004887s ]
SQL: SHOW COLUMNS FROM `pt_type` [ RunTime:0.3022s ]
SQL: SELECT * FROM `pt_type`  [ RunTime:0.0971s ]
SQL: SHOW COLUMNS FROM `pt_links` [ RunTime:0.0051s ]
SQL: SELECT * FROM `pt_links` WHERE ( state=1 )  [ RunTime:0.0123s ]
SQL: SHOW COLUMNS FROM `pt_news` [ RunTime:0.0008s ]
SQL: SELECT * FROM `pt_news` WHERE ( pid =1 and state=2 ) ORDER BY id desc LIMIT 9   [ RunTime:0.0488s ]
SQL: SELECT * FROM `pt_news` WHERE ( pid =2 and state=2 ) ORDER BY id desc LIMIT 9   [ RunTime:0.0008s ]
SQL: SELECT * FROM `pt_news` WHERE ( pid =3 and state=2 ) ORDER BY id desc LIMIT 9   [ RunTime:0.0007s ]
SQL: SELECT * FROM `pt_news` WHERE ( pid =4 and state=2 ) ORDER BY id desc LIMIT 9   [ RunTime:0.0004s ]
SQL: SELECT * FROM `pt_news` WHERE ( pid =5 and state=2 ) ORDER BY id desc LIMIT 9   [ RunTime:0.0005s ]
SQL: SELECT * FROM `pt_news` WHERE ( pid =6 and state=2 ) ORDER BY id desc LIMIT 9   [ RunTime:0.0004s ]
SQL: SELECT * FROM `pt_news` WHERE ( pid =7 and state=2 ) ORDER BY id desc LIMIT 9   [ RunTime:0.0004s ]
INFO: [ view_parse ] --START--
INFO: [ template_filter ] --START--
INFO: Run Behavior\ContentReplaceBehavior [ RunTime:0.016139s ]
INFO: [ template_filter ] --END-- [ RunTime:0.016241s ]
NOTIC: [8] Use of undefined constant namepath - assumed 'namepath' /Data/webapps/sister/Application/Runtime/Cache/Home/2a94b8bda04ff446dcedd42276fc99ee.php 第 68 行.
NOTIC: [8] Use of undefined constant namepath - assumed 'namepath' /Data/webapps/sister/Application/Runtime/Cache/Home/2a94b8bda04ff446dcedd42276fc99ee.php 第 68 行.
INFO: Run Behavior\ParseTemplateBehavior [ RunTime:0.100140s ]
INFO: [ view_parse ] --END-- [ RunTime:0.100313s ]
INFO: [ view_filter ] --START--
INFO: Run Behavior\WriteHtmlCacheBehavior [ RunTime:0.000613s ]
INFO: [ view_filter ] --END-- [ RunTime:0.000797s ]
INFO: 
INFO: 
INFO: 

