[ 2015-12-22T13:48:03+08:00 ] 127.0.0.1 /
INFO: [ app_init ] --START--
INFO: Run Behavior\BuildLiteBehavior [ RunTime:0.000000s ]
INFO: [ app_init ] --END-- [ RunTime:0.001000s ]
INFO: [ app_begin ] --START--
INFO: Run Behavior\ReadHtmlCacheBehavior [ RunTime:0.002000s ]
INFO: [ app_begin ] --END-- [ RunTime:0.002000s ]
SQL: SHOW COLUMNS FROM `pt_type` [ RunTime:0.0040s ]
SQL: SELECT * FROM `pt_type` WHERE ( state=2 ) ORDER BY weight desc  [ RunTime:0.0000s ]
SQL: SHOW COLUMNS FROM `pt_links` [ RunTime:0.0040s ]
SQL: SELECT * FROM `pt_links` WHERE ( state=1 )  [ RunTime:0.0000s ]
SQL: SHOW COLUMNS FROM `pt_news` [ RunTime:0.0040s ]
SQL: SELECT * FROM `pt_news` WHERE ( pid =1 and state=2 ) ORDER BY id desc LIMIT 8   [ RunTime:0.0010s ]
SQL: SELECT * FROM `pt_news` WHERE ( pid =2 and state=2 ) ORDER BY id desc LIMIT 8   [ RunTime:0.0000s ]
SQL: SELECT * FROM `pt_news` WHERE ( pid =3 and state=2 ) ORDER BY id desc LIMIT 8   [ RunTime:0.0000s ]
SQL: SELECT * FROM `pt_news` WHERE ( pid =4 and state=2 ) ORDER BY id desc LIMIT 8   [ RunTime:0.0000s ]
SQL: SELECT * FROM `pt_news` WHERE ( pid =5 and state=2 ) ORDER BY id desc LIMIT 8   [ RunTime:0.0010s ]
SQL: SELECT * FROM `pt_news` WHERE ( pid =6 and state=2 ) ORDER BY id desc LIMIT 8   [ RunTime:0.0000s ]
SQL: SELECT * FROM `pt_news` WHERE ( pid =7 and state=2 ) ORDER BY id desc LIMIT 8   [ RunTime:0.0000s ]
INFO: [ view_parse ] --START--
INFO: [ template_filter ] --START--
INFO: Run Behavior\ContentReplaceBehavior [ RunTime:0.001000s ]
INFO: [ template_filter ] --END-- [ RunTime:0.001000s ]
NOTIC: [8] Use of undefined constant namepath - assumed 'namepath' D:\WWW\sister\Application\Runtime\Cache\Home\2a94b8bda04ff446dcedd42276fc99ee.php 第 66 行.
NOTIC: [8] Use of undefined constant namepath - assumed 'namepath' D:\WWW\sister\Application\Runtime\Cache\Home\2a94b8bda04ff446dcedd42276fc99ee.php 第 66 行.
INFO: Run Behavior\ParseTemplateBehavior [ RunTime:0.010000s ]
INFO: [ view_parse ] --END-- [ RunTime:0.011000s ]
INFO: [ view_filter ] --START--
INFO: Run Behavior\WriteHtmlCacheBehavior [ RunTime:0.000000s ]
INFO: [ view_filter ] --END-- [ RunTime:0.000000s ]
INFO: [ app_end ] --START--
INFO: Run Behavior\ShowPageTraceBehavior [ RunTime:0.000000s ]
INFO: [ app_end ] --END-- [ RunTime:0.000000s ]

