[ 2015-11-28T00:00:26+08:00 ] 127.0.0.1 /Message/index.html
INFO: [ app_init ] --START--
INFO: Run Behavior\BuildLiteBehavior [ RunTime:0.000000s ]
INFO: [ app_init ] --END-- [ RunTime:0.000000s ]
INFO: [ app_begin ] --START--
INFO: Run Behavior\ReadHtmlCacheBehavior [ RunTime:0.000000s ]
INFO: [ app_begin ] --END-- [ RunTime:0.000000s ]

[ 2015-11-28T00:01:44+08:00 ] 127.0.0.1 /Message/index.html
INFO: [ app_init ] --START--
INFO: Run Behavior\BuildLiteBehavior [ RunTime:0.000000s ]
INFO: [ app_init ] --END-- [ RunTime:0.001000s ]
INFO: [ app_begin ] --START--
INFO: Run Behavior\ReadHtmlCacheBehavior [ RunTime:0.001000s ]
INFO: [ app_begin ] --END-- [ RunTime:0.001000s ]

[ 2015-11-28T00:01:52+08:00 ] 127.0.0.1 /Message/index.html
INFO: [ app_init ] --START--
INFO: Run Behavior\BuildLiteBehavior [ RunTime:0.000000s ]
INFO: [ app_init ] --END-- [ RunTime:0.001000s ]
INFO: [ app_begin ] --START--
INFO: Run Behavior\ReadHtmlCacheBehavior [ RunTime:0.000000s ]
INFO: [ app_begin ] --END-- [ RunTime:0.000000s ]
SQL: SHOW COLUMNS FROM `pt_type` [ RunTime:0.0040s ]
SQL: SELECT * FROM `pt_type`  [ RunTime:0.0000s ]
SQL: SHOW COLUMNS FROM `pt_links` [ RunTime:0.0040s ]
SQL: SELECT * FROM `pt_links` WHERE ( state=1 )  [ RunTime:0.0010s ]
INFO: [ view_parse ] --START--
INFO: [ template_filter ] --START--
INFO: Run Behavior\ContentReplaceBehavior [ RunTime:0.000000s ]
INFO: [ template_filter ] --END-- [ RunTime:0.000000s ]
INFO: Run Behavior\ParseTemplateBehavior [ RunTime:0.012000s ]
INFO: [ view_parse ] --END-- [ RunTime:0.012000s ]
INFO: [ view_filter ] --START--
INFO: Run Behavior\WriteHtmlCacheBehavior [ RunTime:0.000000s ]
INFO: [ view_filter ] --END-- [ RunTime:0.000000s ]
INFO: [ app_end ] --START--
INFO: Run Behavior\ShowPageTraceBehavior [ RunTime:0.001000s ]
INFO: [ app_end ] --END-- [ RunTime:0.001000s ]

[ 2015-11-28T00:01:52+08:00 ] 127.0.0.1 /Message/verify
INFO: [ app_init ] --START--
INFO: Run Behavior\BuildLiteBehavior [ RunTime:0.000000s ]
INFO: [ app_init ] --END-- [ RunTime:0.000000s ]
INFO: [ app_begin ] --START--
INFO: Run Behavior\ReadHtmlCacheBehavior [ RunTime:0.003000s ]
INFO: [ app_begin ] --END-- [ RunTime:0.003000s ]
SQL: SHOW COLUMNS FROM `pt_type` [ RunTime:0.0050s ]
SQL: SELECT * FROM `pt_type`  [ RunTime:0.0000s ]
SQL: SHOW COLUMNS FROM `pt_links` [ RunTime:0.0060s ]
SQL: SELECT * FROM `pt_links` WHERE ( state=1 )  [ RunTime:0.0010s ]
INFO: [ app_end ] --START--
INFO: Run Behavior\ShowPageTraceBehavior [ RunTime:0.000000s ]
INFO: [ app_end ] --END-- [ RunTime:0.000000s ]

[ 2015-11-28T00:01:57+08:00 ] 127.0.0.1 /Message/index.html
INFO: [ app_init ] --START--
INFO: Run Behavior\BuildLiteBehavior [ RunTime:0.000000s ]
INFO: [ app_init ] --END-- [ RunTime:0.000000s ]
INFO: [ app_begin ] --START--
INFO: Run Behavior\ReadHtmlCacheBehavior [ RunTime:0.001000s ]
INFO: [ app_begin ] --END-- [ RunTime:0.001000s ]

[ 2015-11-28T00:03:45+08:00 ] 127.0.0.1 /Message/index.html
INFO: [ app_init ] --START--
INFO: Run Behavior\BuildLiteBehavior [ RunTime:0.000000s ]
INFO: [ app_init ] --END-- [ RunTime:0.001000s ]
INFO: [ app_begin ] --START--
INFO: Run Behavior\ReadHtmlCacheBehavior [ RunTime:0.000000s ]
INFO: [ app_begin ] --END-- [ RunTime:0.000000s ]
SQL: SHOW COLUMNS FROM `pt_type` [ RunTime:0.0040s ]
SQL: SELECT * FROM `pt_type`  [ RunTime:0.0000s ]
SQL: SHOW COLUMNS FROM `pt_links` [ RunTime:0.0040s ]
SQL: SELECT * FROM `pt_links` WHERE ( state=1 )  [ RunTime:0.0000s ]
INFO: [ view_parse ] --START--
INFO: [ template_filter ] --START--
INFO: Run Behavior\ContentReplaceBehavior [ RunTime:0.001000s ]
INFO: [ template_filter ] --END-- [ RunTime:0.001000s ]
INFO: Run Behavior\ParseTemplateBehavior [ RunTime:0.006000s ]
INFO: [ view_parse ] --END-- [ RunTime:0.006000s ]
INFO: [ view_filter ] --START--
INFO: Run Behavior\WriteHtmlCacheBehavior [ RunTime:0.000000s ]
INFO: [ view_filter ] --END-- [ RunTime:0.000000s ]
INFO: [ app_end ] --START--
INFO: Run Behavior\ShowPageTraceBehavior [ RunTime:0.000000s ]
INFO: [ app_end ] --END-- [ RunTime:0.000000s ]

[ 2015-11-28T00:03:45+08:00 ] 127.0.0.1 /Message/verify
INFO: [ app_init ] --START--
INFO: Run Behavior\BuildLiteBehavior [ RunTime:0.000000s ]
INFO: [ app_init ] --END-- [ RunTime:0.001000s ]
INFO: [ app_begin ] --START--
INFO: Run Behavior\ReadHtmlCacheBehavior [ RunTime:0.001000s ]
INFO: [ app_begin ] --END-- [ RunTime:0.001000s ]
SQL: SHOW COLUMNS FROM `pt_type` [ RunTime:0.0040s ]
SQL: SELECT * FROM `pt_type`  [ RunTime:0.0000s ]
SQL: SHOW COLUMNS FROM `pt_links` [ RunTime:0.0040s ]
SQL: SELECT * FROM `pt_links` WHERE ( state=1 )  [ RunTime:0.0000s ]
INFO: [ app_end ] --START--
INFO: Run Behavior\ShowPageTraceBehavior [ RunTime:0.000000s ]
INFO: [ app_end ] --END-- [ RunTime:0.001001s ]

[ 2015-11-28T00:03:56+08:00 ] 127.0.0.1 /Message/verify?d=Sat%20Nov%2028%202015%2000:03:56%20GMT+0800
INFO: [ app_init ] --START--
INFO: Run Behavior\BuildLiteBehavior [ RunTime:0.000000s ]
INFO: [ app_init ] --END-- [ RunTime:0.000000s ]
INFO: [ app_begin ] --START--
INFO: Run Behavior\ReadHtmlCacheBehavior [ RunTime:0.001000s ]
INFO: [ app_begin ] --END-- [ RunTime:0.001000s ]
SQL: SHOW COLUMNS FROM `pt_type` [ RunTime:0.0050s ]
SQL: SELECT * FROM `pt_type`  [ RunTime:0.0000s ]
SQL: SHOW COLUMNS FROM `pt_links` [ RunTime:0.0040s ]
SQL: SELECT * FROM `pt_links` WHERE ( state=1 )  [ RunTime:0.0000s ]
INFO: [ app_end ] --START--
INFO: Run Behavior\ShowPageTraceBehavior [ RunTime:0.000000s ]
INFO: [ app_end ] --END-- [ RunTime:0.000000s ]

[ 2015-11-28T00:03:59+08:00 ] 127.0.0.1 /Message/add
INFO: [ app_init ] --START--
INFO: Run Behavior\BuildLiteBehavior [ RunTime:0.000000s ]
INFO: [ app_init ] --END-- [ RunTime:0.001000s ]
INFO: [ app_begin ] --START--
INFO: Run Behavior\ReadHtmlCacheBehavior [ RunTime:0.001001s ]
INFO: [ app_begin ] --END-- [ RunTime:0.001001s ]
SQL: SHOW COLUMNS FROM `pt_type` [ RunTime:0.0040s ]
SQL: SELECT * FROM `pt_type`  [ RunTime:0.0000s ]
SQL: SHOW COLUMNS FROM `pt_links` [ RunTime:0.0040s ]
SQL: SELECT * FROM `pt_links` WHERE ( state=1 )  [ RunTime:0.0000s ]
SQL: SHOW COLUMNS FROM `pt_message` [ RunTime:0.0040s ]
NOTIC: [8] Undefined index: validate D:\WWW\sister\ThinkPHP\Library\Think\Model.class.php 第 1185 行.
NOTIC: [8] Undefined index: auto D:\WWW\sister\ThinkPHP\Library\Think\Model.class.php 第 1128 行.
SQL: INSERT INTO `pt_message` (`prisename`,`name`,`phone`,`address`,`email`,`message`,`inputtime`) VALUES ('asdsada','asdadsa','1111111111','','asdasda@qq.com','sadsadasda','1448640239') [ RunTime:0.0010s ]

[ 2015-11-28T00:04:23+08:00 ] 127.0.0.1 /Message/verify?d=Sat%20Nov%2028%202015%2000:04:22%20GMT+0800
INFO: [ app_init ] --START--
INFO: Run Behavior\BuildLiteBehavior [ RunTime:0.000000s ]
INFO: [ app_init ] --END-- [ RunTime:0.000000s ]
INFO: [ app_begin ] --START--
INFO: Run Behavior\ReadHtmlCacheBehavior [ RunTime:0.001000s ]
INFO: [ app_begin ] --END-- [ RunTime:0.001000s ]
SQL: SHOW COLUMNS FROM `pt_type` [ RunTime:0.0050s ]
SQL: SELECT * FROM `pt_type`  [ RunTime:0.0010s ]
SQL: SHOW COLUMNS FROM `pt_links` [ RunTime:0.0040s ]
SQL: SELECT * FROM `pt_links` WHERE ( state=1 )  [ RunTime:0.0010s ]
INFO: [ app_end ] --START--
INFO: Run Behavior\ShowPageTraceBehavior [ RunTime:0.000000s ]
INFO: [ app_end ] --END-- [ RunTime:0.000000s ]

[ 2015-11-28T00:04:24+08:00 ] 127.0.0.1 /Message/index.html
INFO: [ app_init ] --START--
INFO: Run Behavior\BuildLiteBehavior [ RunTime:0.000000s ]
INFO: [ app_init ] --END-- [ RunTime:0.001000s ]
INFO: [ app_begin ] --START--
INFO: Run Behavior\ReadHtmlCacheBehavior [ RunTime:0.001000s ]
INFO: [ app_begin ] --END-- [ RunTime:0.001000s ]
SQL: SHOW COLUMNS FROM `pt_type` [ RunTime:0.0060s ]
SQL: SELECT * FROM `pt_type`  [ RunTime:0.0010s ]
SQL: SHOW COLUMNS FROM `pt_links` [ RunTime:0.0050s ]
SQL: SELECT * FROM `pt_links` WHERE ( state=1 )  [ RunTime:0.0010s ]
INFO: [ view_parse ] --START--
INFO: [ template_filter ] --START--
INFO: Run Behavior\ContentReplaceBehavior [ RunTime:0.000000s ]
INFO: [ template_filter ] --END-- [ RunTime:0.000000s ]
INFO: Run Behavior\ParseTemplateBehavior [ RunTime:0.009001s ]
INFO: [ view_parse ] --END-- [ RunTime:0.009001s ]
INFO: [ view_filter ] --START--
INFO: Run Behavior\WriteHtmlCacheBehavior [ RunTime:0.001000s ]
INFO: [ view_filter ] --END-- [ RunTime:0.001000s ]
INFO: [ app_end ] --START--
INFO: Run Behavior\ShowPageTraceBehavior [ RunTime:0.001000s ]
INFO: [ app_end ] --END-- [ RunTime:0.001000s ]

[ 2015-11-28T00:04:24+08:00 ] 127.0.0.1 /Message/verify
INFO: [ app_init ] --START--
INFO: Run Behavior\BuildLiteBehavior [ RunTime:0.000000s ]
INFO: [ app_init ] --END-- [ RunTime:0.000000s ]
INFO: [ app_begin ] --START--
INFO: Run Behavior\ReadHtmlCacheBehavior [ RunTime:0.000000s ]
INFO: [ app_begin ] --END-- [ RunTime:0.000000s ]
SQL: SHOW COLUMNS FROM `pt_type` [ RunTime:0.0050s ]
SQL: SELECT * FROM `pt_type`  [ RunTime:0.0000s ]
SQL: SHOW COLUMNS FROM `pt_links` [ RunTime:0.0040s ]
SQL: SELECT * FROM `pt_links` WHERE ( state=1 )  [ RunTime:0.0000s ]
INFO: [ app_end ] --START--
INFO: Run Behavior\ShowPageTraceBehavior [ RunTime:0.000000s ]
INFO: [ app_end ] --END-- [ RunTime:0.000000s ]

[ 2015-11-28T00:05:21+08:00 ] 127.0.0.1 /Message/index.html
INFO: [ app_init ] --START--
INFO: Run Behavior\BuildLiteBehavior [ RunTime:0.000000s ]
INFO: [ app_init ] --END-- [ RunTime:0.000000s ]
INFO: [ app_begin ] --START--
INFO: Run Behavior\ReadHtmlCacheBehavior [ RunTime:0.000000s ]
INFO: [ app_begin ] --END-- [ RunTime:0.000000s ]
SQL: SHOW COLUMNS FROM `pt_type` [ RunTime:0.0040s ]
SQL: SELECT * FROM `pt_type`  [ RunTime:0.0010s ]
SQL: SHOW COLUMNS FROM `pt_links` [ RunTime:0.0040s ]
SQL: SELECT * FROM `pt_links` WHERE ( state=1 )  [ RunTime:0.0000s ]
INFO: [ view_parse ] --START--
INFO: [ template_filter ] --START--
INFO: Run Behavior\ContentReplaceBehavior [ RunTime:0.000000s ]
INFO: [ template_filter ] --END-- [ RunTime:0.000000s ]
INFO: Run Behavior\ParseTemplateBehavior [ RunTime:0.006001s ]
INFO: [ view_parse ] --END-- [ RunTime:0.007001s ]
INFO: [ view_filter ] --START--
INFO: Run Behavior\WriteHtmlCacheBehavior [ RunTime:0.000000s ]
INFO: [ view_filter ] --END-- [ RunTime:0.000000s ]
INFO: [ app_end ] --START--
INFO: Run Behavior\ShowPageTraceBehavior [ RunTime:0.000000s ]
INFO: [ app_end ] --END-- [ RunTime:0.000000s ]

[ 2015-11-28T00:05:22+08:00 ] 127.0.0.1 /Message/verify
INFO: [ app_init ] --START--
INFO: Run Behavior\BuildLiteBehavior [ RunTime:0.000000s ]
INFO: [ app_init ] --END-- [ RunTime:0.000000s ]
INFO: [ app_begin ] --START--
INFO: Run Behavior\ReadHtmlCacheBehavior [ RunTime:0.000000s ]
INFO: [ app_begin ] --END-- [ RunTime:0.000000s ]
SQL: SHOW COLUMNS FROM `pt_type` [ RunTime:0.0030s ]
SQL: SELECT * FROM `pt_type`  [ RunTime:0.0010s ]
SQL: SHOW COLUMNS FROM `pt_links` [ RunTime:0.0040s ]
SQL: SELECT * FROM `pt_links` WHERE ( state=1 )  [ RunTime:0.0000s ]
INFO: [ app_end ] --START--
INFO: Run Behavior\ShowPageTraceBehavior [ RunTime:0.000000s ]
INFO: [ app_end ] --END-- [ RunTime:0.000000s ]

[ 2015-11-28T00:05:42+08:00 ] 127.0.0.1 /Message/add
INFO: [ app_init ] --START--
INFO: Run Behavior\BuildLiteBehavior [ RunTime:0.000000s ]
INFO: [ app_init ] --END-- [ RunTime:0.000000s ]
INFO: [ app_begin ] --START--
INFO: Run Behavior\ReadHtmlCacheBehavior [ RunTime:0.000000s ]
INFO: [ app_begin ] --END-- [ RunTime:0.000000s ]
SQL: SHOW COLUMNS FROM `pt_type` [ RunTime:0.0030s ]
SQL: SELECT * FROM `pt_type`  [ RunTime:0.0000s ]
SQL: SHOW COLUMNS FROM `pt_links` [ RunTime:0.0030s ]
SQL: SELECT * FROM `pt_links` WHERE ( state=1 )  [ RunTime:0.0010s ]
SQL: SHOW COLUMNS FROM `pt_message` [ RunTime:0.0040s ]
NOTIC: [8] Undefined index: validate D:\WWW\sister\ThinkPHP\Library\Think\Model.class.php 第 1185 行.
NOTIC: [8] Undefined index: auto D:\WWW\sister\ThinkPHP\Library\Think\Model.class.php 第 1128 行.
SQL: INSERT INTO `pt_message` (`prisename`,`name`,`phone`,`address`,`email`,`message`,`inputtime`) VALUES ('asdsada','dasdsad','2131321231','123123asda','asda@qq.com','asdadadsa','1448640342') [ RunTime:0.0000s ]

[ 2015-11-28T11:25:18+08:00 ] ::1 /
INFO: [ app_init ] --START--
INFO: Run Behavior\BuildLiteBehavior [ RunTime:0.001000s ]
INFO: [ app_init ] --END-- [ RunTime:0.050003s ]
INFO: [ app_begin ] --START--
INFO: Run Behavior\ReadHtmlCacheBehavior [ RunTime:0.013001s ]
INFO: [ app_begin ] --END-- [ RunTime:0.013001s ]
SQL: SHOW COLUMNS FROM `pt_type` [ RunTime:0.0410s ]
SQL: SELECT * FROM `pt_type`  [ RunTime:0.0000s ]
SQL: SHOW COLUMNS FROM `pt_links` [ RunTime:0.0450s ]
SQL: SELECT * FROM `pt_links` WHERE ( state=1 )  [ RunTime:0.0010s ]
SQL: SHOW COLUMNS FROM `pt_news` [ RunTime:0.0540s ]
SQL: SELECT * FROM `pt_news` WHERE ( pid =1 and state=2 ) ORDER BY id desc LIMIT 9   [ RunTime:0.0510s ]
SQL: SELECT * FROM `pt_news` WHERE ( pid =2 and state=2 ) ORDER BY id desc LIMIT 9   [ RunTime:0.0020s ]
SQL: SELECT * FROM `pt_news` WHERE ( pid =3 and state=2 ) ORDER BY id desc LIMIT 9   [ RunTime:0.0020s ]
SQL: SELECT * FROM `pt_news` WHERE ( pid =4 and state=2 ) ORDER BY id desc LIMIT 9   [ RunTime:0.0020s ]
SQL: SELECT * FROM `pt_news` WHERE ( pid =5 and state=2 ) ORDER BY id desc LIMIT 9   [ RunTime:0.0020s ]
SQL: SELECT * FROM `pt_news` WHERE ( pid =6 and state=2 ) ORDER BY id desc LIMIT 9   [ RunTime:0.0010s ]
SQL: SELECT * FROM `pt_news` WHERE ( pid =7 and state=2 ) ORDER BY id desc LIMIT 9   [ RunTime:0.0020s ]
INFO: [ view_parse ] --START--
INFO: [ template_filter ] --START--
INFO: Run Behavior\ContentReplaceBehavior [ RunTime:0.010000s ]
INFO: [ template_filter ] --END-- [ RunTime:0.010000s ]
NOTIC: [8] Use of undefined constant namepath - assumed 'namepath' D:\WWW\sister\Application\Runtime\Cache\Home\2a94b8bda04ff446dcedd42276fc99ee.php 第 68 行.
NOTIC: [8] Use of undefined constant namepath - assumed 'namepath' D:\WWW\sister\Application\Runtime\Cache\Home\2a94b8bda04ff446dcedd42276fc99ee.php 第 68 行.
INFO: Run Behavior\ParseTemplateBehavior [ RunTime:0.134008s ]
INFO: [ view_parse ] --END-- [ RunTime:0.134008s ]
INFO: [ view_filter ] --START--
INFO: Run Behavior\WriteHtmlCacheBehavior [ RunTime:0.001000s ]
INFO: [ view_filter ] --END-- [ RunTime:0.001000s ]
INFO: [ app_end ] --START--
INFO: Run Behavior\ShowPageTraceBehavior [ RunTime:0.009000s ]
INFO: [ app_end ] --END-- [ RunTime:0.009000s ]

[ 2015-11-28T11:25:19+08:00 ] ::1 /favicon.ico
INFO: [ app_init ] --START--
INFO: Run Behavior\BuildLiteBehavior [ RunTime:0.001001s ]
INFO: [ app_init ] --END-- [ RunTime:0.001001s ]

[ 2015-11-28T11:25:19+08:00 ] ::1 /favicon.ico
INFO: [ app_init ] --START--
INFO: Run Behavior\BuildLiteBehavior [ RunTime:0.000000s ]
INFO: [ app_init ] --END-- [ RunTime:0.000000s ]

[ 2015-11-28T11:25:26+08:00 ] 127.0.0.1 /
INFO: [ app_init ] --START--
INFO: Run Behavior\BuildLiteBehavior [ RunTime:0.000000s ]
INFO: [ app_init ] --END-- [ RunTime:0.001000s ]
INFO: [ app_begin ] --START--
INFO: Run Behavior\ReadHtmlCacheBehavior [ RunTime:0.001000s ]
INFO: [ app_begin ] --END-- [ RunTime:0.001000s ]
SQL: SHOW COLUMNS FROM `pt_type` [ RunTime:0.0050s ]
SQL: SELECT * FROM `pt_type`  [ RunTime:0.0000s ]
SQL: SHOW COLUMNS FROM `pt_links` [ RunTime:0.0050s ]
SQL: SELECT * FROM `pt_links` WHERE ( state=1 )  [ RunTime:0.0000s ]
SQL: SHOW COLUMNS FROM `pt_news` [ RunTime:0.0050s ]
SQL: SELECT * FROM `pt_news` WHERE ( pid =1 and state=2 ) ORDER BY id desc LIMIT 9   [ RunTime:0.0010s ]
SQL: SELECT * FROM `pt_news` WHERE ( pid =2 and state=2 ) ORDER BY id desc LIMIT 9   [ RunTime:0.0000s ]
SQL: SELECT * FROM `pt_news` WHERE ( pid =3 and state=2 ) ORDER BY id desc LIMIT 9   [ RunTime:0.0010s ]
SQL: SELECT * FROM `pt_news` WHERE ( pid =4 and state=2 ) ORDER BY id desc LIMIT 9   [ RunTime:0.0010s ]
SQL: SELECT * FROM `pt_news` WHERE ( pid =5 and state=2 ) ORDER BY id desc LIMIT 9   [ RunTime:0.0010s ]
SQL: SELECT * FROM `pt_news` WHERE ( pid =6 and state=2 ) ORDER BY id desc LIMIT 9   [ RunTime:0.0010s ]
SQL: SELECT * FROM `pt_news` WHERE ( pid =7 and state=2 ) ORDER BY id desc LIMIT 9   [ RunTime:0.0010s ]
INFO: [ view_parse ] --START--
INFO: [ template_filter ] --START--
INFO: Run Behavior\ContentReplaceBehavior [ RunTime:0.000000s ]
INFO: [ template_filter ] --END-- [ RunTime:0.000000s ]
NOTIC: [8] Use of undefined constant namepath - assumed 'namepath' D:\WWW\sister\Application\Runtime\Cache\Home\2a94b8bda04ff446dcedd42276fc99ee.php 第 68 行.
NOTIC: [8] Use of undefined constant namepath - assumed 'namepath' D:\WWW\sister\Application\Runtime\Cache\Home\2a94b8bda04ff446dcedd42276fc99ee.php 第 68 行.
INFO: Run Behavior\ParseTemplateBehavior [ RunTime:0.012001s ]
INFO: [ view_parse ] --END-- [ RunTime:0.012001s ]
INFO: [ view_filter ] --START--
INFO: Run Behavior\WriteHtmlCacheBehavior [ RunTime:0.000000s ]
INFO: [ view_filter ] --END-- [ RunTime:0.000000s ]
INFO: [ app_end ] --START--
INFO: Run Behavior\ShowPageTraceBehavior [ RunTime:0.000000s ]
INFO: [ app_end ] --END-- [ RunTime:0.000000s ]

[ 2015-11-28T11:25:26+08:00 ] 127.0.0.1 /favicon.ico
INFO: [ app_init ] --START--
INFO: Run Behavior\BuildLiteBehavior [ RunTime:0.000000s ]
INFO: [ app_init ] --END-- [ RunTime:0.000000s ]

[ 2015-11-28T11:25:26+08:00 ] 127.0.0.1 /favicon.ico
INFO: [ app_init ] --START--
INFO: Run Behavior\BuildLiteBehavior [ RunTime:0.000000s ]
INFO: [ app_init ] --END-- [ RunTime:0.000000s ]

[ 2015-11-28T11:25:28+08:00 ] 127.0.0.1 /
INFO: [ app_init ] --START--
INFO: Run Behavior\BuildLiteBehavior [ RunTime:0.000000s ]
INFO: [ app_init ] --END-- [ RunTime:0.001000s ]
INFO: [ app_begin ] --START--
INFO: Run Behavior\ReadHtmlCacheBehavior [ RunTime:0.000000s ]
INFO: [ app_begin ] --END-- [ RunTime:0.000000s ]
SQL: SHOW COLUMNS FROM `pt_type` [ RunTime:0.0030s ]
SQL: SELECT * FROM `pt_type`  [ RunTime:0.0000s ]
SQL: SHOW COLUMNS FROM `pt_links` [ RunTime:0.0020s ]
SQL: SELECT * FROM `pt_links` WHERE ( state=1 )  [ RunTime:0.0000s ]
SQL: SHOW COLUMNS FROM `pt_news` [ RunTime:0.0020s ]
SQL: SELECT * FROM `pt_news` WHERE ( pid =1 and state=2 ) ORDER BY id desc LIMIT 9   [ RunTime:0.0000s ]
SQL: SELECT * FROM `pt_news` WHERE ( pid =2 and state=2 ) ORDER BY id desc LIMIT 9   [ RunTime:0.0010s ]
SQL: SELECT * FROM `pt_news` WHERE ( pid =3 and state=2 ) ORDER BY id desc LIMIT 9   [ RunTime:0.0000s ]
SQL: SELECT * FROM `pt_news` WHERE ( pid =4 and state=2 ) ORDER BY id desc LIMIT 9   [ RunTime:0.0010s ]
SQL: SELECT * FROM `pt_news` WHERE ( pid =5 and state=2 ) ORDER BY id desc LIMIT 9   [ RunTime:0.0000s ]
SQL: SELECT * FROM `pt_news` WHERE ( pid =6 and state=2 ) ORDER BY id desc LIMIT 9   [ RunTime:0.0010s ]
SQL: SELECT * FROM `pt_news` WHERE ( pid =7 and state=2 ) ORDER BY id desc LIMIT 9   [ RunTime:0.0000s ]
INFO: [ view_parse ] --START--
INFO: [ template_filter ] --START--
INFO: Run Behavior\ContentReplaceBehavior [ RunTime:0.000000s ]
INFO: [ template_filter ] --END-- [ RunTime:0.000000s ]
NOTIC: [8] Use of undefined constant namepath - assumed 'namepath' D:\WWW\sister\Application\Runtime\Cache\Home\2a94b8bda04ff446dcedd42276fc99ee.php 第 68 行.
NOTIC: [8] Use of undefined constant namepath - assumed 'namepath' D:\WWW\sister\Application\Runtime\Cache\Home\2a94b8bda04ff446dcedd42276fc99ee.php 第 68 行.
INFO: Run Behavior\ParseTemplateBehavior [ RunTime:0.009000s ]
INFO: [ view_parse ] --END-- [ RunTime:0.009000s ]
INFO: [ view_filter ] --START--
INFO: Run Behavior\WriteHtmlCacheBehavior [ RunTime:0.000000s ]
INFO: [ view_filter ] --END-- [ RunTime:0.000000s ]
INFO: [ app_end ] --START--
INFO: Run Behavior\ShowPageTraceBehavior [ RunTime:0.000000s ]
INFO: [ app_end ] --END-- [ RunTime:0.000000s ]

[ 2015-11-28T11:25:28+08:00 ] 127.0.0.1 /
INFO: [ app_init ] --START--
INFO: Run Behavior\BuildLiteBehavior [ RunTime:0.000000s ]
INFO: [ app_init ] --END-- [ RunTime:0.001000s ]
INFO: [ app_begin ] --START--
INFO: Run Behavior\ReadHtmlCacheBehavior [ RunTime:0.001000s ]
INFO: [ app_begin ] --END-- [ RunTime:0.001000s ]
SQL: SHOW COLUMNS FROM `pt_type` [ RunTime:0.0030s ]
SQL: SELECT * FROM `pt_type`  [ RunTime:0.0010s ]
SQL: SHOW COLUMNS FROM `pt_links` [ RunTime:0.0040s ]
SQL: SELECT * FROM `pt_links` WHERE ( state=1 )  [ RunTime:0.0000s ]
SQL: SHOW COLUMNS FROM `pt_news` [ RunTime:0.0040s ]
SQL: SELECT * FROM `pt_news` WHERE ( pid =1 and state=2 ) ORDER BY id desc LIMIT 9   [ RunTime:0.0010s ]
SQL: SELECT * FROM `pt_news` WHERE ( pid =2 and state=2 ) ORDER BY id desc LIMIT 9   [ RunTime:0.0000s ]
SQL: SELECT * FROM `pt_news` WHERE ( pid =3 and state=2 ) ORDER BY id desc LIMIT 9   [ RunTime:0.0010s ]
SQL: SELECT * FROM `pt_news` WHERE ( pid =4 and state=2 ) ORDER BY id desc LIMIT 9   [ RunTime:0.0000s ]
SQL: SELECT * FROM `pt_news` WHERE ( pid =5 and state=2 ) ORDER BY id desc LIMIT 9   [ RunTime:0.0010s ]
SQL: SELECT * FROM `pt_news` WHERE ( pid =6 and state=2 ) ORDER BY id desc LIMIT 9   [ RunTime:0.0010s ]
SQL: SELECT * FROM `pt_news` WHERE ( pid =7 and state=2 ) ORDER BY id desc LIMIT 9   [ RunTime:0.0000s ]
INFO: [ view_parse ] --START--
INFO: [ template_filter ] --START--
INFO: Run Behavior\ContentReplaceBehavior [ RunTime:0.000000s ]
INFO: [ template_filter ] --END-- [ RunTime:0.000000s ]
NOTIC: [8] Use of undefined constant namepath - assumed 'namepath' D:\WWW\sister\Application\Runtime\Cache\Home\2a94b8bda04ff446dcedd42276fc99ee.php 第 68 行.
NOTIC: [8] Use of undefined constant namepath - assumed 'namepath' D:\WWW\sister\Application\Runtime\Cache\Home\2a94b8bda04ff446dcedd42276fc99ee.php 第 68 行.
INFO: Run Behavior\ParseTemplateBehavior [ RunTime:0.008001s ]
INFO: [ view_parse ] --END-- [ RunTime:0.008001s ]
INFO: [ view_filter ] --START--
INFO: Run Behavior\WriteHtmlCacheBehavior [ RunTime:0.000000s ]
INFO: [ view_filter ] --END-- [ RunTime:0.000000s ]
INFO: [ app_end ] --START--
INFO: Run Behavior\ShowPageTraceBehavior [ RunTime:0.000000s ]
INFO: [ app_end ] --END-- [ RunTime:0.000000s ]

[ 2015-11-28T11:25:28+08:00 ] 127.0.0.1 /
INFO: [ app_init ] --START--
INFO: Run Behavior\BuildLiteBehavior [ RunTime:0.000000s ]
INFO: [ app_init ] --END-- [ RunTime:0.002001s ]
INFO: [ app_begin ] --START--
INFO: Run Behavior\ReadHtmlCacheBehavior [ RunTime:0.000000s ]
INFO: [ app_begin ] --END-- [ RunTime:0.000000s ]
SQL: SHOW COLUMNS FROM `pt_type` [ RunTime:0.0050s ]
SQL: SELECT * FROM `pt_type`  [ RunTime:0.0010s ]
SQL: SHOW COLUMNS FROM `pt_links` [ RunTime:0.0020s ]
SQL: SELECT * FROM `pt_links` WHERE ( state=1 )  [ RunTime:0.0010s ]
SQL: SHOW COLUMNS FROM `pt_news` [ RunTime:0.0020s ]
SQL: SELECT * FROM `pt_news` WHERE ( pid =1 and state=2 ) ORDER BY id desc LIMIT 9   [ RunTime:0.0000s ]
SQL: SELECT * FROM `pt_news` WHERE ( pid =2 and state=2 ) ORDER BY id desc LIMIT 9   [ RunTime:0.0010s ]
SQL: SELECT * FROM `pt_news` WHERE ( pid =3 and state=2 ) ORDER BY id desc LIMIT 9   [ RunTime:0.0000s ]
SQL: SELECT * FROM `pt_news` WHERE ( pid =4 and state=2 ) ORDER BY id desc LIMIT 9   [ RunTime:0.0010s ]
SQL: SELECT * FROM `pt_news` WHERE ( pid =5 and state=2 ) ORDER BY id desc LIMIT 9   [ RunTime:0.0000s ]
SQL: SELECT * FROM `pt_news` WHERE ( pid =6 and state=2 ) ORDER BY id desc LIMIT 9   [ RunTime:0.0000s ]
SQL: SELECT * FROM `pt_news` WHERE ( pid =7 and state=2 ) ORDER BY id desc LIMIT 9   [ RunTime:0.0010s ]
INFO: [ view_parse ] --START--
INFO: [ template_filter ] --START--
INFO: Run Behavior\ContentReplaceBehavior [ RunTime:0.000000s ]
INFO: [ template_filter ] --END-- [ RunTime:0.000000s ]
NOTIC: [8] Use of undefined constant namepath - assumed 'namepath' D:\WWW\sister\Application\Runtime\Cache\Home\2a94b8bda04ff446dcedd42276fc99ee.php 第 68 行.
NOTIC: [8] Use of undefined constant namepath - assumed 'namepath' D:\WWW\sister\Application\Runtime\Cache\Home\2a94b8bda04ff446dcedd42276fc99ee.php 第 68 行.
INFO: Run Behavior\ParseTemplateBehavior [ RunTime:0.009000s ]
INFO: [ view_parse ] --END-- [ RunTime:0.009000s ]
INFO: [ view_filter ] --START--
INFO: Run Behavior\WriteHtmlCacheBehavior [ RunTime:0.000000s ]
INFO: [ view_filter ] --END-- [ RunTime:0.000000s ]
INFO: [ app_end ] --START--
INFO: Run Behavior\ShowPageTraceBehavior [ RunTime:0.000000s ]
INFO: [ app_end ] --END-- [ RunTime:0.000000s ]

[ 2015-11-28T11:25:30+08:00 ] 127.0.0.1 /Message/index.html
INFO: [ app_init ] --START--
INFO: Run Behavior\BuildLiteBehavior [ RunTime:0.000000s ]
INFO: [ app_init ] --END-- [ RunTime:0.001000s ]
INFO: [ app_begin ] --START--
INFO: Run Behavior\ReadHtmlCacheBehavior [ RunTime:0.000000s ]
INFO: [ app_begin ] --END-- [ RunTime:0.000000s ]
SQL: SHOW COLUMNS FROM `pt_type` [ RunTime:0.0050s ]
SQL: SELECT * FROM `pt_type`  [ RunTime:0.0000s ]
SQL: SHOW COLUMNS FROM `pt_links` [ RunTime:0.0040s ]
SQL: SELECT * FROM `pt_links` WHERE ( state=1 )  [ RunTime:0.0010s ]
INFO: [ view_parse ] --START--
INFO: [ template_filter ] --START--
INFO: Run Behavior\ContentReplaceBehavior [ RunTime:0.007001s ]
INFO: [ template_filter ] --END-- [ RunTime:0.007001s ]
INFO: Run Behavior\ParseTemplateBehavior [ RunTime:0.033002s ]
INFO: [ view_parse ] --END-- [ RunTime:0.033002s ]
INFO: [ view_filter ] --START--
INFO: Run Behavior\WriteHtmlCacheBehavior [ RunTime:0.000000s ]
INFO: [ view_filter ] --END-- [ RunTime:0.000000s ]
INFO: [ app_end ] --START--
INFO: Run Behavior\ShowPageTraceBehavior [ RunTime:0.001000s ]
INFO: [ app_end ] --END-- [ RunTime:0.001000s ]

[ 2015-11-28T11:25:30+08:00 ] 127.0.0.1 /Message/verify
INFO: [ app_init ] --START--
INFO: Run Behavior\BuildLiteBehavior [ RunTime:0.000000s ]
INFO: [ app_init ] --END-- [ RunTime:0.000000s ]
INFO: [ app_begin ] --START--
INFO: Run Behavior\ReadHtmlCacheBehavior [ RunTime:0.000000s ]
INFO: [ app_begin ] --END-- [ RunTime:0.000000s ]
SQL: SHOW COLUMNS FROM `pt_type` [ RunTime:0.0030s ]
SQL: SELECT * FROM `pt_type`  [ RunTime:0.0020s ]
SQL: SHOW COLUMNS FROM `pt_links` [ RunTime:0.0020s ]
SQL: SELECT * FROM `pt_links` WHERE ( state=1 )  [ RunTime:0.0000s ]
INFO: [ app_end ] --START--
INFO: Run Behavior\ShowPageTraceBehavior [ RunTime:0.001000s ]
INFO: [ app_end ] --END-- [ RunTime:0.001000s ]

[ 2015-11-28T11:25:33+08:00 ] 127.0.0.1 /Message/verify?d=Sat%20Nov%2028%202015%2011:25:32%20GMT+0800
INFO: [ app_init ] --START--
INFO: Run Behavior\BuildLiteBehavior [ RunTime:0.000000s ]
INFO: [ app_init ] --END-- [ RunTime:0.001000s ]
INFO: [ app_begin ] --START--
INFO: Run Behavior\ReadHtmlCacheBehavior [ RunTime:0.002000s ]
INFO: [ app_begin ] --END-- [ RunTime:0.002000s ]
SQL: SHOW COLUMNS FROM `pt_type` [ RunTime:0.0040s ]
SQL: SELECT * FROM `pt_type`  [ RunTime:0.0010s ]
SQL: SHOW COLUMNS FROM `pt_links` [ RunTime:0.0030s ]
SQL: SELECT * FROM `pt_links` WHERE ( state=1 )  [ RunTime:0.0000s ]
INFO: [ app_end ] --START--
INFO: Run Behavior\ShowPageTraceBehavior [ RunTime:0.001000s ]
INFO: [ app_end ] --END-- [ RunTime:0.001000s ]

[ 2015-11-28T11:25:33+08:00 ] 127.0.0.1 /Message/verify?d=Sat%20Nov%2028%202015%2011:25:33%20GMT+0800
INFO: [ app_init ] --START--
INFO: Run Behavior\BuildLiteBehavior [ RunTime:0.000000s ]
INFO: [ app_init ] --END-- [ RunTime:0.000000s ]
INFO: [ app_begin ] --START--
INFO: Run Behavior\ReadHtmlCacheBehavior [ RunTime:0.001000s ]
INFO: [ app_begin ] --END-- [ RunTime:0.001000s ]
SQL: SHOW COLUMNS FROM `pt_type` [ RunTime:0.0040s ]
SQL: SELECT * FROM `pt_type`  [ RunTime:0.0000s ]
SQL: SHOW COLUMNS FROM `pt_links` [ RunTime:0.0050s ]
SQL: SELECT * FROM `pt_links` WHERE ( state=1 )  [ RunTime:0.0000s ]
INFO: [ app_end ] --START--
INFO: Run Behavior\ShowPageTraceBehavior [ RunTime:0.001000s ]
INFO: [ app_end ] --END-- [ RunTime:0.001000s ]

[ 2015-11-28T11:25:36+08:00 ] 127.0.0.1 /
INFO: [ app_init ] --START--
INFO: Run Behavior\BuildLiteBehavior [ RunTime:0.000000s ]
INFO: [ app_init ] --END-- [ RunTime:0.001000s ]
INFO: [ app_begin ] --START--
INFO: Run Behavior\ReadHtmlCacheBehavior [ RunTime:0.000000s ]
INFO: [ app_begin ] --END-- [ RunTime:0.000000s ]
SQL: SHOW COLUMNS FROM `pt_type` [ RunTime:0.0050s ]
SQL: SELECT * FROM `pt_type`  [ RunTime:0.0000s ]
SQL: SHOW COLUMNS FROM `pt_links` [ RunTime:0.0030s ]
SQL: SELECT * FROM `pt_links` WHERE ( state=1 )  [ RunTime:0.0000s ]
SQL: SHOW COLUMNS FROM `pt_news` [ RunTime:0.0030s ]
SQL: SELECT * FROM `pt_news` WHERE ( pid =1 and state=2 ) ORDER BY id desc LIMIT 9   [ RunTime:0.0010s ]
SQL: SELECT * FROM `pt_news` WHERE ( pid =2 and state=2 ) ORDER BY id desc LIMIT 9   [ RunTime:0.0010s ]
SQL: SELECT * FROM `pt_news` WHERE ( pid =3 and state=2 ) ORDER BY id desc LIMIT 9   [ RunTime:0.0000s ]
SQL: SELECT * FROM `pt_news` WHERE ( pid =4 and state=2 ) ORDER BY id desc LIMIT 9   [ RunTime:0.0010s ]
SQL: SELECT * FROM `pt_news` WHERE ( pid =5 and state=2 ) ORDER BY id desc LIMIT 9   [ RunTime:0.0010s ]
SQL: SELECT * FROM `pt_news` WHERE ( pid =6 and state=2 ) ORDER BY id desc LIMIT 9   [ RunTime:0.0000s ]
SQL: SELECT * FROM `pt_news` WHERE ( pid =7 and state=2 ) ORDER BY id desc LIMIT 9   [ RunTime:0.0010s ]
INFO: [ view_parse ] --START--
INFO: [ template_filter ] --START--
INFO: Run Behavior\ContentReplaceBehavior [ RunTime:0.000000s ]
INFO: [ template_filter ] --END-- [ RunTime:0.000000s ]
NOTIC: [8] Use of undefined constant namepath - assumed 'namepath' D:\WWW\sister\Application\Runtime\Cache\Home\2a94b8bda04ff446dcedd42276fc99ee.php 第 68 行.
NOTIC: [8] Use of undefined constant namepath - assumed 'namepath' D:\WWW\sister\Application\Runtime\Cache\Home\2a94b8bda04ff446dcedd42276fc99ee.php 第 68 行.
INFO: Run Behavior\ParseTemplateBehavior [ RunTime:0.008000s ]
INFO: [ view_parse ] --END-- [ RunTime:0.008000s ]
INFO: [ view_filter ] --START--
INFO: Run Behavior\WriteHtmlCacheBehavior [ RunTime:0.000000s ]
INFO: [ view_filter ] --END-- [ RunTime:0.000000s ]
INFO: [ app_end ] --START--
INFO: Run Behavior\ShowPageTraceBehavior [ RunTime:0.002000s ]
INFO: [ app_end ] --END-- [ RunTime:0.002000s ]

[ 2015-11-28T11:25:39+08:00 ] 127.0.0.1 /t_hydh.html
INFO: [ app_init ] --START--
INFO: Run Behavior\BuildLiteBehavior [ RunTime:0.000000s ]
INFO: [ app_init ] --END-- [ RunTime:0.000000s ]
INFO: [ app_begin ] --START--
INFO: Run Behavior\ReadHtmlCacheBehavior [ RunTime:0.000000s ]
INFO: [ app_begin ] --END-- [ RunTime:0.001000s ]
SQL: SHOW COLUMNS FROM `pt_type` [ RunTime:0.0030s ]
SQL: SELECT * FROM `pt_type`  [ RunTime:0.0000s ]
SQL: SHOW COLUMNS FROM `pt_links` [ RunTime:0.0030s ]
SQL: SELECT * FROM `pt_links` WHERE ( state=1 )  [ RunTime:0.0000s ]
SQL: SELECT * FROM `pt_type` WHERE ( namepath='hydh' ) LIMIT 1   [ RunTime:0.0000s ]
SQL: SHOW COLUMNS FROM `pt_news` [ RunTime:0.0040s ]
NOTIC: [8] Undefined index: limit D:\WWW\sister\ThinkPHP\Library\Think\Db\Driver.class.php 第 961 行.
SQL: SELECT * FROM `pt_news` WHERE ( pid=6 and state=2 ) ORDER BY id desc LIMIT 0,20   [ RunTime:0.0010s ]
SQL: SELECT COUNT(*) AS tp_count FROM `pt_news` WHERE ( pid=6 and state=2 ) LIMIT 1   [ RunTime:0.0010s ]
INFO: [ view_parse ] --START--
INFO: [ template_filter ] --START--
INFO: Run Behavior\ContentReplaceBehavior [ RunTime:0.000000s ]
INFO: [ template_filter ] --END-- [ RunTime:0.000000s ]
INFO: Run Behavior\ParseTemplateBehavior [ RunTime:0.025001s ]
INFO: [ view_parse ] --END-- [ RunTime:0.025001s ]
INFO: [ view_filter ] --START--
INFO: Run Behavior\WriteHtmlCacheBehavior [ RunTime:0.000000s ]
INFO: [ view_filter ] --END-- [ RunTime:0.000000s ]
INFO: [ app_end ] --START--
INFO: Run Behavior\ShowPageTraceBehavior [ RunTime:0.001000s ]
INFO: [ app_end ] --END-- [ RunTime:0.001000s ]

[ 2015-11-28T11:25:40+08:00 ] 127.0.0.1 /hydh/186.html
INFO: [ app_init ] --START--
INFO: Run Behavior\BuildLiteBehavior [ RunTime:0.000000s ]
INFO: [ app_init ] --END-- [ RunTime:0.000000s ]
INFO: [ app_begin ] --START--
INFO: Run Behavior\ReadHtmlCacheBehavior [ RunTime:0.001000s ]
INFO: [ app_begin ] --END-- [ RunTime:0.001000s ]
SQL: SHOW COLUMNS FROM `pt_type` [ RunTime:0.0030s ]
SQL: SELECT * FROM `pt_type`  [ RunTime:0.0000s ]
SQL: SHOW COLUMNS FROM `pt_links` [ RunTime:0.0030s ]
SQL: SELECT * FROM `pt_links` WHERE ( state=1 )  [ RunTime:0.0000s ]
SQL: SHOW COLUMNS FROM `pt_news` [ RunTime:0.0040s ]
SQL: SELECT * FROM `pt_news` WHERE `pid` = 6 AND `id` = 186 AND `state` = 2 LIMIT 1   [ RunTime:0.0000s ]
INFO: [ view_parse ] --START--
INFO: [ template_filter ] --START--
INFO: Run Behavior\ContentReplaceBehavior [ RunTime:0.000000s ]
INFO: [ template_filter ] --END-- [ RunTime:0.000000s ]
INFO: Run Behavior\ParseTemplateBehavior [ RunTime:0.021001s ]
INFO: [ view_parse ] --END-- [ RunTime:0.021001s ]
INFO: [ view_filter ] --START--
INFO: Run Behavior\WriteHtmlCacheBehavior [ RunTime:0.000000s ]
INFO: [ view_filter ] --END-- [ RunTime:0.000000s ]
INFO: [ app_end ] --START--
INFO: Run Behavior\ShowPageTraceBehavior [ RunTime:0.000000s ]
INFO: [ app_end ] --END-- [ RunTime:0.000000s ]

[ 2015-11-28T11:25:43+08:00 ] 127.0.0.1 /
INFO: [ app_init ] --START--
INFO: Run Behavior\BuildLiteBehavior [ RunTime:0.000000s ]
INFO: [ app_init ] --END-- [ RunTime:0.000000s ]
INFO: [ app_begin ] --START--
INFO: Run Behavior\ReadHtmlCacheBehavior [ RunTime:0.001000s ]
INFO: [ app_begin ] --END-- [ RunTime:0.001000s ]
SQL: SHOW COLUMNS FROM `pt_type` [ RunTime:0.0050s ]
SQL: SELECT * FROM `pt_type`  [ RunTime:0.0000s ]
SQL: SHOW COLUMNS FROM `pt_links` [ RunTime:0.0040s ]
SQL: SELECT * FROM `pt_links` WHERE ( state=1 )  [ RunTime:0.0000s ]
SQL: SHOW COLUMNS FROM `pt_news` [ RunTime:0.0040s ]
SQL: SELECT * FROM `pt_news` WHERE ( pid =1 and state=2 ) ORDER BY id desc LIMIT 9   [ RunTime:0.0010s ]
SQL: SELECT * FROM `pt_news` WHERE ( pid =2 and state=2 ) ORDER BY id desc LIMIT 9   [ RunTime:0.0010s ]
SQL: SELECT * FROM `pt_news` WHERE ( pid =3 and state=2 ) ORDER BY id desc LIMIT 9   [ RunTime:0.0000s ]
SQL: SELECT * FROM `pt_news` WHERE ( pid =4 and state=2 ) ORDER BY id desc LIMIT 9   [ RunTime:0.0010s ]
SQL: SELECT * FROM `pt_news` WHERE ( pid =5 and state=2 ) ORDER BY id desc LIMIT 9   [ RunTime:0.0010s ]
SQL: SELECT * FROM `pt_news` WHERE ( pid =6 and state=2 ) ORDER BY id desc LIMIT 9   [ RunTime:0.0010s ]
SQL: SELECT * FROM `pt_news` WHERE ( pid =7 and state=2 ) ORDER BY id desc LIMIT 9   [ RunTime:0.0000s ]
INFO: [ view_parse ] --START--
INFO: [ template_filter ] --START--
INFO: Run Behavior\ContentReplaceBehavior [ RunTime:0.000000s ]
INFO: [ template_filter ] --END-- [ RunTime:0.000000s ]
NOTIC: [8] Use of undefined constant namepath - assumed 'namepath' D:\WWW\sister\Application\Runtime\Cache\Home\2a94b8bda04ff446dcedd42276fc99ee.php 第 68 行.
NOTIC: [8] Use of undefined constant namepath - assumed 'namepath' D:\WWW\sister\Application\Runtime\Cache\Home\2a94b8bda04ff446dcedd42276fc99ee.php 第 68 行.
INFO: Run Behavior\ParseTemplateBehavior [ RunTime:0.008000s ]
INFO: [ view_parse ] --END-- [ RunTime:0.008000s ]
INFO: [ view_filter ] --START--
INFO: Run Behavior\WriteHtmlCacheBehavior [ RunTime:0.000000s ]
INFO: [ view_filter ] --END-- [ RunTime:0.000000s ]
INFO: [ app_end ] --START--
INFO: Run Behavior\ShowPageTraceBehavior [ RunTime:0.003000s ]
INFO: [ app_end ] --END-- [ RunTime:0.003000s ]

[ 2015-11-28T11:25:44+08:00 ] 127.0.0.1 /
INFO: [ app_init ] --START--
INFO: Run Behavior\BuildLiteBehavior [ RunTime:0.000000s ]
INFO: [ app_init ] --END-- [ RunTime:0.001000s ]
INFO: [ app_begin ] --START--
INFO: Run Behavior\ReadHtmlCacheBehavior [ RunTime:0.001000s ]
INFO: [ app_begin ] --END-- [ RunTime:0.001000s ]
SQL: SHOW COLUMNS FROM `pt_type` [ RunTime:0.0030s ]
SQL: SELECT * FROM `pt_type`  [ RunTime:0.0000s ]
SQL: SHOW COLUMNS FROM `pt_links` [ RunTime:0.0030s ]
SQL: SELECT * FROM `pt_links` WHERE ( state=1 )  [ RunTime:0.0000s ]
SQL: SHOW COLUMNS FROM `pt_news` [ RunTime:0.0030s ]
SQL: SELECT * FROM `pt_news` WHERE ( pid =1 and state=2 ) ORDER BY id desc LIMIT 9   [ RunTime:0.0000s ]
SQL: SELECT * FROM `pt_news` WHERE ( pid =2 and state=2 ) ORDER BY id desc LIMIT 9   [ RunTime:0.0010s ]
SQL: SELECT * FROM `pt_news` WHERE ( pid =3 and state=2 ) ORDER BY id desc LIMIT 9   [ RunTime:0.0000s ]
SQL: SELECT * FROM `pt_news` WHERE ( pid =4 and state=2 ) ORDER BY id desc LIMIT 9   [ RunTime:0.0000s ]
SQL: SELECT * FROM `pt_news` WHERE ( pid =5 and state=2 ) ORDER BY id desc LIMIT 9   [ RunTime:0.0010s ]
SQL: SELECT * FROM `pt_news` WHERE ( pid =6 and state=2 ) ORDER BY id desc LIMIT 9   [ RunTime:0.0000s ]
SQL: SELECT * FROM `pt_news` WHERE ( pid =7 and state=2 ) ORDER BY id desc LIMIT 9   [ RunTime:0.0000s ]
INFO: [ view_parse ] --START--
INFO: [ template_filter ] --START--
INFO: Run Behavior\ContentReplaceBehavior [ RunTime:0.001001s ]
INFO: [ template_filter ] --END-- [ RunTime:0.001001s ]
NOTIC: [8] Use of undefined constant namepath - assumed 'namepath' D:\WWW\sister\Application\Runtime\Cache\Home\2a94b8bda04ff446dcedd42276fc99ee.php 第 68 行.
NOTIC: [8] Use of undefined constant namepath - assumed 'namepath' D:\WWW\sister\Application\Runtime\Cache\Home\2a94b8bda04ff446dcedd42276fc99ee.php 第 68 行.
INFO: Run Behavior\ParseTemplateBehavior [ RunTime:0.008001s ]
INFO: [ view_parse ] --END-- [ RunTime:0.008001s ]
INFO: [ view_filter ] --START--
INFO: Run Behavior\WriteHtmlCacheBehavior [ RunTime:0.000000s ]
INFO: [ view_filter ] --END-- [ RunTime:0.000000s ]
INFO: [ app_end ] --START--
INFO: Run Behavior\ShowPageTraceBehavior [ RunTime:0.000000s ]
INFO: [ app_end ] --END-- [ RunTime:0.000000s ]

[ 2015-11-28T21:52:20+08:00 ] ::1 /
INFO: [ app_init ] --START--
INFO: Run Behavior\BuildLiteBehavior [ RunTime:0.000000s ]
INFO: [ app_init ] --END-- [ RunTime:0.001000s ]
INFO: [ app_begin ] --START--
INFO: Run Behavior\ReadHtmlCacheBehavior [ RunTime:0.001000s ]
INFO: [ app_begin ] --END-- [ RunTime:0.001000s ]
SQL: SHOW COLUMNS FROM `pt_type` [ RunTime:0.0600s ]
SQL: SELECT * FROM `pt_type`  [ RunTime:0.0010s ]
SQL: SHOW COLUMNS FROM `pt_links` [ RunTime:0.0320s ]
SQL: SELECT * FROM `pt_links` WHERE ( state=1 )  [ RunTime:0.0010s ]
SQL: SHOW COLUMNS FROM `pt_news` [ RunTime:0.0190s ]
SQL: SELECT * FROM `pt_news` WHERE ( pid =1 and state=2 ) ORDER BY id desc LIMIT 9   [ RunTime:0.0090s ]
SQL: SELECT * FROM `pt_news` WHERE ( pid =2 and state=2 ) ORDER BY id desc LIMIT 9   [ RunTime:0.0010s ]
SQL: SELECT * FROM `pt_news` WHERE ( pid =3 and state=2 ) ORDER BY id desc LIMIT 9   [ RunTime:0.0000s ]
SQL: SELECT * FROM `pt_news` WHERE ( pid =4 and state=2 ) ORDER BY id desc LIMIT 9   [ RunTime:0.0010s ]
SQL: SELECT * FROM `pt_news` WHERE ( pid =5 and state=2 ) ORDER BY id desc LIMIT 9   [ RunTime:0.0010s ]
SQL: SELECT * FROM `pt_news` WHERE ( pid =6 and state=2 ) ORDER BY id desc LIMIT 9   [ RunTime:0.0010s ]
SQL: SELECT * FROM `pt_news` WHERE ( pid =7 and state=2 ) ORDER BY id desc LIMIT 9   [ RunTime:0.0010s ]
INFO: [ view_parse ] --START--
INFO: [ template_filter ] --START--
INFO: Run Behavior\ContentReplaceBehavior [ RunTime:0.000000s ]
INFO: [ template_filter ] --END-- [ RunTime:0.000000s ]
NOTIC: [8] Use of undefined constant namepath - assumed 'namepath' D:\WWW\sister\Application\Runtime\Cache\Home\2a94b8bda04ff446dcedd42276fc99ee.php 第 68 行.
NOTIC: [8] Use of undefined constant namepath - assumed 'namepath' D:\WWW\sister\Application\Runtime\Cache\Home\2a94b8bda04ff446dcedd42276fc99ee.php 第 68 行.
INFO: Run Behavior\ParseTemplateBehavior [ RunTime:0.019002s ]
INFO: [ view_parse ] --END-- [ RunTime:0.019002s ]
INFO: [ view_filter ] --START--
INFO: Run Behavior\WriteHtmlCacheBehavior [ RunTime:0.000000s ]
INFO: [ view_filter ] --END-- [ RunTime:0.000000s ]
INFO: [ app_end ] --START--
INFO: Run Behavior\ShowPageTraceBehavior [ RunTime:0.001000s ]
INFO: [ app_end ] --END-- [ RunTime:0.001000s ]

[ 2015-11-28T21:52:21+08:00 ] ::1 /favicon.ico
INFO: [ app_init ] --START--
INFO: Run Behavior\BuildLiteBehavior [ RunTime:0.000000s ]
INFO: [ app_init ] --END-- [ RunTime:0.001000s ]

[ 2015-11-28T21:52:21+08:00 ] ::1 /favicon.ico
INFO: [ app_init ] --START--
INFO: Run Behavior\BuildLiteBehavior [ RunTime:0.000000s ]
INFO: [ app_init ] --END-- [ RunTime:0.001000s ]

[ 2015-11-28T21:53:08+08:00 ] 127.0.0.1 /
INFO: [ app_init ] --START--
INFO: Run Behavior\BuildLiteBehavior [ RunTime:0.000000s ]
INFO: [ app_init ] --END-- [ RunTime:0.001000s ]
INFO: [ app_begin ] --START--
INFO: Run Behavior\ReadHtmlCacheBehavior [ RunTime:0.000000s ]
INFO: [ app_begin ] --END-- [ RunTime:0.000000s ]
SQL: SHOW COLUMNS FROM `pt_type` [ RunTime:0.0040s ]
SQL: SELECT * FROM `pt_type`  [ RunTime:0.0010s ]
SQL: SHOW COLUMNS FROM `pt_links` [ RunTime:0.0040s ]
SQL: SELECT * FROM `pt_links` WHERE ( state=1 )  [ RunTime:0.0000s ]
SQL: SHOW COLUMNS FROM `pt_news` [ RunTime:0.0040s ]
SQL: SELECT * FROM `pt_news` WHERE ( pid =1 and state=2 ) ORDER BY id desc LIMIT 9   [ RunTime:0.0010s ]
SQL: SELECT * FROM `pt_news` WHERE ( pid =2 and state=2 ) ORDER BY id desc LIMIT 9   [ RunTime:0.0010s ]
SQL: SELECT * FROM `pt_news` WHERE ( pid =3 and state=2 ) ORDER BY id desc LIMIT 9   [ RunTime:0.0010s ]
SQL: SELECT * FROM `pt_news` WHERE ( pid =4 and state=2 ) ORDER BY id desc LIMIT 9   [ RunTime:0.0010s ]
SQL: SELECT * FROM `pt_news` WHERE ( pid =5 and state=2 ) ORDER BY id desc LIMIT 9   [ RunTime:0.0010s ]
SQL: SELECT * FROM `pt_news` WHERE ( pid =6 and state=2 ) ORDER BY id desc LIMIT 9   [ RunTime:0.0010s ]
SQL: SELECT * FROM `pt_news` WHERE ( pid =7 and state=2 ) ORDER BY id desc LIMIT 9   [ RunTime:0.0010s ]
INFO: [ view_parse ] --START--
INFO: [ template_filter ] --START--
INFO: Run Behavior\ContentReplaceBehavior [ RunTime:0.000000s ]
INFO: [ template_filter ] --END-- [ RunTime:0.000000s ]
NOTIC: [8] Use of undefined constant namepath - assumed 'namepath' D:\WWW\sister\Application\Runtime\Cache\Home\2a94b8bda04ff446dcedd42276fc99ee.php 第 68 行.
NOTIC: [8] Use of undefined constant namepath - assumed 'namepath' D:\WWW\sister\Application\Runtime\Cache\Home\2a94b8bda04ff446dcedd42276fc99ee.php 第 68 行.
INFO: Run Behavior\ParseTemplateBehavior [ RunTime:0.013001s ]
INFO: [ view_parse ] --END-- [ RunTime:0.013001s ]
INFO: [ view_filter ] --START--
INFO: Run Behavior\WriteHtmlCacheBehavior [ RunTime:0.000000s ]
INFO: [ view_filter ] --END-- [ RunTime:0.000000s ]
INFO: [ app_end ] --START--
INFO: Run Behavior\ShowPageTraceBehavior [ RunTime:0.000000s ]
INFO: [ app_end ] --END-- [ RunTime:0.001000s ]

[ 2015-11-28T21:53:08+08:00 ] 127.0.0.1 /favicon.ico
INFO: [ app_init ] --START--
INFO: Run Behavior\BuildLiteBehavior [ RunTime:0.000000s ]
INFO: [ app_init ] --END-- [ RunTime:0.000000s ]

[ 2015-11-28T21:53:08+08:00 ] 127.0.0.1 /favicon.ico
INFO: [ app_init ] --START--
INFO: Run Behavior\BuildLiteBehavior [ RunTime:0.000000s ]
INFO: [ app_init ] --END-- [ RunTime:0.000000s ]

[ 2015-11-28T21:53:11+08:00 ] 127.0.0.1 /Message/index.html
INFO: [ app_init ] --START--
INFO: Run Behavior\BuildLiteBehavior [ RunTime:0.000000s ]
INFO: [ app_init ] --END-- [ RunTime:0.001000s ]
INFO: [ app_begin ] --START--
INFO: Run Behavior\ReadHtmlCacheBehavior [ RunTime:0.001000s ]
INFO: [ app_begin ] --END-- [ RunTime:0.001000s ]
SQL: SHOW COLUMNS FROM `pt_type` [ RunTime:0.0030s ]
SQL: SELECT * FROM `pt_type`  [ RunTime:0.0020s ]
SQL: SHOW COLUMNS FROM `pt_links` [ RunTime:0.0030s ]
SQL: SELECT * FROM `pt_links` WHERE ( state=1 )  [ RunTime:0.0000s ]
INFO: [ view_parse ] --START--
INFO: [ template_filter ] --START--
INFO: Run Behavior\ContentReplaceBehavior [ RunTime:0.006000s ]
INFO: [ template_filter ] --END-- [ RunTime:0.006000s ]
INFO: Run Behavior\ParseTemplateBehavior [ RunTime:0.020001s ]
INFO: [ view_parse ] --END-- [ RunTime:0.020001s ]
INFO: [ view_filter ] --START--
INFO: Run Behavior\WriteHtmlCacheBehavior [ RunTime:0.000000s ]
INFO: [ view_filter ] --END-- [ RunTime:0.000000s ]
INFO: [ app_end ] --START--
INFO: Run Behavior\ShowPageTraceBehavior [ RunTime:0.001000s ]
INFO: [ app_end ] --END-- [ RunTime:0.001000s ]

[ 2015-11-28T21:53:11+08:00 ] 127.0.0.1 /Message/verify
INFO: [ app_init ] --START--
INFO: Run Behavior\BuildLiteBehavior [ RunTime:0.000000s ]
INFO: [ app_init ] --END-- [ RunTime:0.000000s ]
INFO: [ app_begin ] --START--
INFO: Run Behavior\ReadHtmlCacheBehavior [ RunTime:0.001000s ]
INFO: [ app_begin ] --END-- [ RunTime:0.001000s ]
SQL: SHOW COLUMNS FROM `pt_type` [ RunTime:0.0040s ]
SQL: SELECT * FROM `pt_type`  [ RunTime:0.0000s ]
SQL: SHOW COLUMNS FROM `pt_links` [ RunTime:0.0040s ]
SQL: SELECT * FROM `pt_links` WHERE ( state=1 )  [ RunTime:0.0010s ]
INFO: [ app_end ] --START--
INFO: Run Behavior\ShowPageTraceBehavior [ RunTime:0.001000s ]
INFO: [ app_end ] --END-- [ RunTime:0.001000s ]

[ 2015-11-28T21:53:15+08:00 ] 127.0.0.1 /Message/verify?d=Sat%20Nov%2028%202015%2021:53:15%20GMT+0800
INFO: [ app_init ] --START--
INFO: Run Behavior\BuildLiteBehavior [ RunTime:0.000000s ]
INFO: [ app_init ] --END-- [ RunTime:0.000000s ]
INFO: [ app_begin ] --START--
INFO: Run Behavior\ReadHtmlCacheBehavior [ RunTime:0.001000s ]
INFO: [ app_begin ] --END-- [ RunTime:0.001000s ]
SQL: SHOW COLUMNS FROM `pt_type` [ RunTime:0.0040s ]
SQL: SELECT * FROM `pt_type`  [ RunTime:0.0000s ]
SQL: SHOW COLUMNS FROM `pt_links` [ RunTime:0.0050s ]
SQL: SELECT * FROM `pt_links` WHERE ( state=1 )  [ RunTime:0.0010s ]
INFO: [ app_end ] --START--
INFO: Run Behavior\ShowPageTraceBehavior [ RunTime:0.001000s ]
INFO: [ app_end ] --END-- [ RunTime:0.001000s ]

[ 2015-11-28T21:55:00+08:00 ] 127.0.0.1 /
INFO: [ app_init ] --START--
INFO: Run Behavior\BuildLiteBehavior [ RunTime:0.000000s ]
INFO: [ app_init ] --END-- [ RunTime:0.001000s ]
INFO: [ app_begin ] --START--
INFO: Run Behavior\ReadHtmlCacheBehavior [ RunTime:0.001000s ]
INFO: [ app_begin ] --END-- [ RunTime:0.001000s ]
SQL: SHOW COLUMNS FROM `pt_type` [ RunTime:0.0260s ]
SQL: SELECT * FROM `pt_type`  [ RunTime:0.0000s ]
SQL: SHOW COLUMNS FROM `pt_links` [ RunTime:0.0020s ]
SQL: SELECT * FROM `pt_links` WHERE ( state=1 )  [ RunTime:0.0000s ]
SQL: SHOW COLUMNS FROM `pt_news` [ RunTime:0.0020s ]
SQL: SELECT * FROM `pt_news` WHERE ( pid =1 and state=2 ) ORDER BY id desc LIMIT 9   [ RunTime:0.0010s ]
SQL: SELECT * FROM `pt_news` WHERE ( pid =2 and state=2 ) ORDER BY id desc LIMIT 9   [ RunTime:0.0010s ]
SQL: SELECT * FROM `pt_news` WHERE ( pid =3 and state=2 ) ORDER BY id desc LIMIT 9   [ RunTime:0.0000s ]
SQL: SELECT * FROM `pt_news` WHERE ( pid =4 and state=2 ) ORDER BY id desc LIMIT 9   [ RunTime:0.0010s ]
SQL: SELECT * FROM `pt_news` WHERE ( pid =5 and state=2 ) ORDER BY id desc LIMIT 9   [ RunTime:0.0000s ]
SQL: SELECT * FROM `pt_news` WHERE ( pid =6 and state=2 ) ORDER BY id desc LIMIT 9   [ RunTime:0.0010s ]
SQL: SELECT * FROM `pt_news` WHERE ( pid =7 and state=2 ) ORDER BY id desc LIMIT 9   [ RunTime:0.0000s ]
INFO: [ view_parse ] --START--
INFO: [ template_filter ] --START--
INFO: Run Behavior\ContentReplaceBehavior [ RunTime:0.000000s ]
INFO: [ template_filter ] --END-- [ RunTime:0.000000s ]
NOTIC: [8] Use of undefined constant namepath - assumed 'namepath' D:\WWW\sister\Application\Runtime\Cache\Home\2a94b8bda04ff446dcedd42276fc99ee.php 第 68 行.
NOTIC: [8] Use of undefined constant namepath - assumed 'namepath' D:\WWW\sister\Application\Runtime\Cache\Home\2a94b8bda04ff446dcedd42276fc99ee.php 第 68 行.
INFO: Run Behavior\ParseTemplateBehavior [ RunTime:0.014001s ]
INFO: [ view_parse ] --END-- [ RunTime:0.014001s ]
INFO: [ view_filter ] --START--
INFO: Run Behavior\WriteHtmlCacheBehavior [ RunTime:0.001000s ]
INFO: [ view_filter ] --END-- [ RunTime:0.001000s ]
INFO: [ app_end ] --START--
INFO: Run Behavior\ShowPageTraceBehavior [ RunTime:0.000000s ]
INFO: [ app_end ] --END-- [ RunTime:0.000000s ]

[ 2015-11-28T21:55:01+08:00 ] 127.0.0.1 /favicon.ico
INFO: [ app_init ] --START--
INFO: Run Behavior\BuildLiteBehavior [ RunTime:0.000000s ]
INFO: [ app_init ] --END-- [ RunTime:0.001000s ]

[ 2015-11-28T21:55:01+08:00 ] 127.0.0.1 /favicon.ico
INFO: [ app_init ] --START--
INFO: Run Behavior\BuildLiteBehavior [ RunTime:0.000000s ]
INFO: [ app_init ] --END-- [ RunTime:0.000000s ]

[ 2015-11-28T23:44:31+08:00 ] 127.0.0.1 /
INFO: [ app_init ] --START--
INFO: Run Behavior\BuildLiteBehavior [ RunTime:0.000000s ]
INFO: [ app_init ] --END-- [ RunTime:0.001000s ]
INFO: [ app_begin ] --START--
INFO: Run Behavior\ReadHtmlCacheBehavior [ RunTime:0.000000s ]
INFO: [ app_begin ] --END-- [ RunTime:0.001000s ]
SQL: SHOW COLUMNS FROM `pt_type` [ RunTime:0.0550s ]
SQL: SELECT * FROM `pt_type`  [ RunTime:0.0010s ]
SQL: SHOW COLUMNS FROM `pt_links` [ RunTime:0.0090s ]
SQL: SELECT * FROM `pt_links` WHERE ( state=1 )  [ RunTime:0.0010s ]
SQL: SHOW COLUMNS FROM `pt_news` [ RunTime:0.0090s ]
SQL: SELECT * FROM `pt_news` WHERE ( pid =1 and state=2 ) ORDER BY id desc LIMIT 9   [ RunTime:0.0030s ]
SQL: SELECT * FROM `pt_news` WHERE ( pid =2 and state=2 ) ORDER BY id desc LIMIT 9   [ RunTime:0.0020s ]
SQL: SELECT * FROM `pt_news` WHERE ( pid =3 and state=2 ) ORDER BY id desc LIMIT 9   [ RunTime:0.0020s ]
SQL: SELECT * FROM `pt_news` WHERE ( pid =4 and state=2 ) ORDER BY id desc LIMIT 9   [ RunTime:0.0010s ]
SQL: SELECT * FROM `pt_news` WHERE ( pid =5 and state=2 ) ORDER BY id desc LIMIT 9   [ RunTime:0.0010s ]
SQL: SELECT * FROM `pt_news` WHERE ( pid =6 and state=2 ) ORDER BY id desc LIMIT 9   [ RunTime:0.0010s ]
SQL: SELECT * FROM `pt_news` WHERE ( pid =7 and state=2 ) ORDER BY id desc LIMIT 9   [ RunTime:0.0010s ]
INFO: [ view_parse ] --START--
INFO: [ template_filter ] --START--
INFO: Run Behavior\ContentReplaceBehavior [ RunTime:0.000000s ]
INFO: [ template_filter ] --END-- [ RunTime:0.000000s ]
NOTIC: [8] Use of undefined constant namepath - assumed 'namepath' D:\WWW\sister\Application\Runtime\Cache\Home\2a94b8bda04ff446dcedd42276fc99ee.php 第 68 行.
NOTIC: [8] Use of undefined constant namepath - assumed 'namepath' D:\WWW\sister\Application\Runtime\Cache\Home\2a94b8bda04ff446dcedd42276fc99ee.php 第 68 行.
INFO: Run Behavior\ParseTemplateBehavior [ RunTime:0.028002s ]
INFO: [ view_parse ] --END-- [ RunTime:0.028002s ]
INFO: [ view_filter ] --START--
INFO: Run Behavior\WriteHtmlCacheBehavior [ RunTime:0.000000s ]
INFO: [ view_filter ] --END-- [ RunTime:0.000000s ]
INFO: [ app_end ] --START--
INFO: Run Behavior\ShowPageTraceBehavior [ RunTime:0.000000s ]
INFO: [ app_end ] --END-- [ RunTime:0.001000s ]

[ 2015-11-28T23:44:31+08:00 ] 127.0.0.1 /favicon.ico
INFO: [ app_init ] --START--
INFO: Run Behavior\BuildLiteBehavior [ RunTime:0.000000s ]
INFO: [ app_init ] --END-- [ RunTime:0.001000s ]

[ 2015-11-28T23:44:31+08:00 ] 127.0.0.1 /favicon.ico
INFO: [ app_init ] --START--
INFO: Run Behavior\BuildLiteBehavior [ RunTime:0.000000s ]
INFO: [ app_init ] --END-- [ RunTime:0.001000s ]

[ 2015-11-28T23:44:34+08:00 ] 127.0.0.1 /Message/index.html
INFO: [ app_init ] --START--
INFO: Run Behavior\BuildLiteBehavior [ RunTime:0.000000s ]
INFO: [ app_init ] --END-- [ RunTime:0.000000s ]
INFO: [ app_begin ] --START--
INFO: Run Behavior\ReadHtmlCacheBehavior [ RunTime:0.001000s ]
INFO: [ app_begin ] --END-- [ RunTime:0.001000s ]
SQL: SHOW COLUMNS FROM `pt_type` [ RunTime:0.0020s ]
SQL: SELECT * FROM `pt_type`  [ RunTime:0.0010s ]
SQL: SHOW COLUMNS FROM `pt_links` [ RunTime:0.0020s ]
SQL: SELECT * FROM `pt_links` WHERE ( state=1 )  [ RunTime:0.0000s ]
INFO: [ view_parse ] --START--
INFO: [ template_filter ] --START--
INFO: Run Behavior\ContentReplaceBehavior [ RunTime:0.000000s ]
INFO: [ template_filter ] --END-- [ RunTime:0.000000s ]
INFO: Run Behavior\ParseTemplateBehavior [ RunTime:0.006000s ]
INFO: [ view_parse ] --END-- [ RunTime:0.006000s ]
INFO: [ view_filter ] --START--
INFO: Run Behavior\WriteHtmlCacheBehavior [ RunTime:0.001000s ]
INFO: [ view_filter ] --END-- [ RunTime:0.001000s ]
INFO: [ app_end ] --START--
INFO: Run Behavior\ShowPageTraceBehavior [ RunTime:0.000000s ]
INFO: [ app_end ] --END-- [ RunTime:0.000000s ]

[ 2015-11-28T23:44:34+08:00 ] 127.0.0.1 /Message/verify
INFO: [ app_init ] --START--
INFO: Run Behavior\BuildLiteBehavior [ RunTime:0.000000s ]
INFO: [ app_init ] --END-- [ RunTime:0.001000s ]
INFO: [ app_begin ] --START--
INFO: Run Behavior\ReadHtmlCacheBehavior [ RunTime:0.001000s ]
INFO: [ app_begin ] --END-- [ RunTime:0.001000s ]
SQL: SHOW COLUMNS FROM `pt_type` [ RunTime:0.0020s ]
SQL: SELECT * FROM `pt_type`  [ RunTime:0.0000s ]
SQL: SHOW COLUMNS FROM `pt_links` [ RunTime:0.0030s ]
SQL: SELECT * FROM `pt_links` WHERE ( state=1 )  [ RunTime:0.0000s ]
INFO: [ app_end ] --START--
INFO: Run Behavior\ShowPageTraceBehavior [ RunTime:0.000000s ]
INFO: [ app_end ] --END-- [ RunTime:0.000000s ]

[ 2015-11-28T23:44:37+08:00 ] 127.0.0.1 /Message/index.html
INFO: [ app_init ] --START--
INFO: Run Behavior\BuildLiteBehavior [ RunTime:0.000000s ]
INFO: [ app_init ] --END-- [ RunTime:0.001000s ]
INFO: [ app_begin ] --START--
INFO: Run Behavior\ReadHtmlCacheBehavior [ RunTime:0.000000s ]
INFO: [ app_begin ] --END-- [ RunTime:0.000000s ]
SQL: SHOW COLUMNS FROM `pt_type` [ RunTime:0.0020s ]
SQL: SELECT * FROM `pt_type`  [ RunTime:0.0000s ]
SQL: SHOW COLUMNS FROM `pt_links` [ RunTime:0.0030s ]
SQL: SELECT * FROM `pt_links` WHERE ( state=1 )  [ RunTime:0.0000s ]
INFO: [ view_parse ] --START--
INFO: [ template_filter ] --START--
INFO: Run Behavior\ContentReplaceBehavior [ RunTime:0.000000s ]
INFO: [ template_filter ] --END-- [ RunTime:0.000000s ]
INFO: Run Behavior\ParseTemplateBehavior [ RunTime:0.007001s ]
INFO: [ view_parse ] --END-- [ RunTime:0.007001s ]
INFO: [ view_filter ] --START--
INFO: Run Behavior\WriteHtmlCacheBehavior [ RunTime:0.000000s ]
INFO: [ view_filter ] --END-- [ RunTime:0.000000s ]
INFO: [ app_end ] --START--
INFO: Run Behavior\ShowPageTraceBehavior [ RunTime:0.001000s ]
INFO: [ app_end ] --END-- [ RunTime:0.001000s ]

[ 2015-11-28T23:44:37+08:00 ] 127.0.0.1 /Message/verify
INFO: [ app_init ] --START--
INFO: Run Behavior\BuildLiteBehavior [ RunTime:0.000000s ]
INFO: [ app_init ] --END-- [ RunTime:0.000000s ]
INFO: [ app_begin ] --START--
INFO: Run Behavior\ReadHtmlCacheBehavior [ RunTime:0.000000s ]
INFO: [ app_begin ] --END-- [ RunTime:0.000000s ]
SQL: SHOW COLUMNS FROM `pt_type` [ RunTime:0.0020s ]
SQL: SELECT * FROM `pt_type`  [ RunTime:0.0000s ]
SQL: SHOW COLUMNS FROM `pt_links` [ RunTime:0.0020s ]
SQL: SELECT * FROM `pt_links` WHERE ( state=1 )  [ RunTime:0.0010s ]
INFO: [ app_end ] --START--
INFO: Run Behavior\ShowPageTraceBehavior [ RunTime:0.001001s ]
INFO: [ app_end ] --END-- [ RunTime:0.001001s ]

[ 2015-11-28T23:44:39+08:00 ] 127.0.0.1 /Message/index.html
INFO: [ app_init ] --START--
INFO: Run Behavior\BuildLiteBehavior [ RunTime:0.000000s ]
INFO: [ app_init ] --END-- [ RunTime:0.001000s ]
INFO: [ app_begin ] --START--
INFO: Run Behavior\ReadHtmlCacheBehavior [ RunTime:0.001000s ]
INFO: [ app_begin ] --END-- [ RunTime:0.001000s ]
SQL: SHOW COLUMNS FROM `pt_type` [ RunTime:0.0030s ]
SQL: SELECT * FROM `pt_type`  [ RunTime:0.0000s ]
SQL: SHOW COLUMNS FROM `pt_links` [ RunTime:0.0020s ]
SQL: SELECT * FROM `pt_links` WHERE ( state=1 )  [ RunTime:0.0000s ]
INFO: [ view_parse ] --START--
INFO: [ template_filter ] --START--
INFO: Run Behavior\ContentReplaceBehavior [ RunTime:0.000000s ]
INFO: [ template_filter ] --END-- [ RunTime:0.001000s ]
INFO: Run Behavior\ParseTemplateBehavior [ RunTime:0.006000s ]
INFO: [ view_parse ] --END-- [ RunTime:0.006000s ]
INFO: [ view_filter ] --START--
INFO: Run Behavior\WriteHtmlCacheBehavior [ RunTime:0.000000s ]
INFO: [ view_filter ] --END-- [ RunTime:0.001000s ]
INFO: [ app_end ] --START--
INFO: Run Behavior\ShowPageTraceBehavior [ RunTime:0.000000s ]
INFO: [ app_end ] --END-- [ RunTime:0.000000s ]

[ 2015-11-28T23:44:39+08:00 ] 127.0.0.1 /Message/verify
INFO: [ app_init ] --START--
INFO: Run Behavior\BuildLiteBehavior [ RunTime:0.000000s ]
INFO: [ app_init ] --END-- [ RunTime:0.001000s ]
INFO: [ app_begin ] --START--
INFO: Run Behavior\ReadHtmlCacheBehavior [ RunTime:0.000000s ]
INFO: [ app_begin ] --END-- [ RunTime:0.000000s ]
SQL: SHOW COLUMNS FROM `pt_type` [ RunTime:0.0030s ]
SQL: SELECT * FROM `pt_type`  [ RunTime:0.0000s ]
SQL: SHOW COLUMNS FROM `pt_links` [ RunTime:0.0020s ]
SQL: SELECT * FROM `pt_links` WHERE ( state=1 )  [ RunTime:0.0010s ]
INFO: [ app_end ] --START--
INFO: Run Behavior\ShowPageTraceBehavior [ RunTime:0.001000s ]
INFO: [ app_end ] --END-- [ RunTime:0.001000s ]

[ 2015-11-28T23:44:40+08:00 ] 127.0.0.1 /Message/index.html
INFO: [ app_init ] --START--
INFO: Run Behavior\BuildLiteBehavior [ RunTime:0.000000s ]
INFO: [ app_init ] --END-- [ RunTime:0.000000s ]
INFO: [ app_begin ] --START--
INFO: Run Behavior\ReadHtmlCacheBehavior [ RunTime:0.001000s ]
INFO: [ app_begin ] --END-- [ RunTime:0.001000s ]
SQL: SHOW COLUMNS FROM `pt_type` [ RunTime:0.0040s ]
SQL: SELECT * FROM `pt_type`  [ RunTime:0.0000s ]
SQL: SHOW COLUMNS FROM `pt_links` [ RunTime:0.0030s ]
SQL: SELECT * FROM `pt_links` WHERE ( state=1 )  [ RunTime:0.0000s ]
INFO: [ view_parse ] --START--
INFO: [ template_filter ] --START--
INFO: Run Behavior\ContentReplaceBehavior [ RunTime:0.000000s ]
INFO: [ template_filter ] --END-- [ RunTime:0.001000s ]
INFO: Run Behavior\ParseTemplateBehavior [ RunTime:0.010001s ]
INFO: [ view_parse ] --END-- [ RunTime:0.010001s ]
INFO: [ view_filter ] --START--
INFO: Run Behavior\WriteHtmlCacheBehavior [ RunTime:0.001000s ]
INFO: [ view_filter ] --END-- [ RunTime:0.001000s ]
INFO: [ app_end ] --START--
INFO: Run Behavior\ShowPageTraceBehavior [ RunTime:0.001000s ]
INFO: [ app_end ] --END-- [ RunTime:0.001000s ]

[ 2015-11-28T23:44:40+08:00 ] 127.0.0.1 /Message/verify
INFO: [ app_init ] --START--
INFO: Run Behavior\BuildLiteBehavior [ RunTime:0.000000s ]
INFO: [ app_init ] --END-- [ RunTime:0.000000s ]
INFO: [ app_begin ] --START--
INFO: Run Behavior\ReadHtmlCacheBehavior [ RunTime:0.000000s ]
INFO: [ app_begin ] --END-- [ RunTime:0.000000s ]
SQL: SHOW COLUMNS FROM `pt_type` [ RunTime:0.0020s ]
SQL: SELECT * FROM `pt_type`  [ RunTime:0.0000s ]
SQL: SHOW COLUMNS FROM `pt_links` [ RunTime:0.0020s ]
SQL: SELECT * FROM `pt_links` WHERE ( state=1 )  [ RunTime:0.0000s ]
INFO: [ app_end ] --START--
INFO: Run Behavior\ShowPageTraceBehavior [ RunTime:0.000000s ]
INFO: [ app_end ] --END-- [ RunTime:0.000000s ]

[ 2015-11-28T23:44:48+08:00 ] 127.0.0.1 /
INFO: [ app_init ] --START--
INFO: Run Behavior\BuildLiteBehavior [ RunTime:0.000000s ]
INFO: [ app_init ] --END-- [ RunTime:0.000000s ]
INFO: [ app_begin ] --START--
INFO: Run Behavior\ReadHtmlCacheBehavior [ RunTime:0.001000s ]
INFO: [ app_begin ] --END-- [ RunTime:0.001000s ]
SQL: SHOW COLUMNS FROM `pt_type` [ RunTime:0.0030s ]
SQL: SELECT * FROM `pt_type`  [ RunTime:0.0000s ]
SQL: SHOW COLUMNS FROM `pt_links` [ RunTime:0.0030s ]
SQL: SELECT * FROM `pt_links` WHERE ( state=1 )  [ RunTime:0.0010s ]
SQL: SHOW COLUMNS FROM `pt_news` [ RunTime:0.0020s ]
SQL: SELECT * FROM `pt_news` WHERE ( pid =1 and state=2 ) ORDER BY id desc LIMIT 9   [ RunTime:0.0010s ]
SQL: SELECT * FROM `pt_news` WHERE ( pid =2 and state=2 ) ORDER BY id desc LIMIT 9   [ RunTime:0.0010s ]
SQL: SELECT * FROM `pt_news` WHERE ( pid =3 and state=2 ) ORDER BY id desc LIMIT 9   [ RunTime:0.0000s ]
SQL: SELECT * FROM `pt_news` WHERE ( pid =4 and state=2 ) ORDER BY id desc LIMIT 9   [ RunTime:0.0010s ]
SQL: SELECT * FROM `pt_news` WHERE ( pid =5 and state=2 ) ORDER BY id desc LIMIT 9   [ RunTime:0.0010s ]
SQL: SELECT * FROM `pt_news` WHERE ( pid =6 and state=2 ) ORDER BY id desc LIMIT 9   [ RunTime:0.0000s ]
SQL: SELECT * FROM `pt_news` WHERE ( pid =7 and state=2 ) ORDER BY id desc LIMIT 9   [ RunTime:0.0010s ]
INFO: [ view_parse ] --START--
INFO: [ template_filter ] --START--
INFO: Run Behavior\ContentReplaceBehavior [ RunTime:0.000000s ]
INFO: [ template_filter ] --END-- [ RunTime:0.000000s ]
NOTIC: [8] Use of undefined constant namepath - assumed 'namepath' D:\WWW\sister\Application\Runtime\Cache\Home\2a94b8bda04ff446dcedd42276fc99ee.php 第 68 行.
NOTIC: [8] Use of undefined constant namepath - assumed 'namepath' D:\WWW\sister\Application\Runtime\Cache\Home\2a94b8bda04ff446dcedd42276fc99ee.php 第 68 行.
INFO: Run Behavior\ParseTemplateBehavior [ RunTime:0.008001s ]
INFO: [ view_parse ] --END-- [ RunTime:0.008001s ]
INFO: [ view_filter ] --START--
INFO: Run Behavior\WriteHtmlCacheBehavior [ RunTime:0.001000s ]
INFO: [ view_filter ] --END-- [ RunTime:0.001000s ]
INFO: [ app_end ] --START--
INFO: Run Behavior\ShowPageTraceBehavior [ RunTime:0.000000s ]
INFO: [ app_end ] --END-- [ RunTime:0.000000s ]

[ 2015-11-28T23:45:12+08:00 ] 127.0.0.1 /
INFO: [ app_init ] --START--
INFO: Run Behavior\BuildLiteBehavior [ RunTime:0.000000s ]
INFO: [ app_init ] --END-- [ RunTime:0.001000s ]
INFO: [ app_begin ] --START--
INFO: Run Behavior\ReadHtmlCacheBehavior [ RunTime:0.000000s ]
INFO: [ app_begin ] --END-- [ RunTime:0.001000s ]
SQL: SHOW COLUMNS FROM `pt_type` [ RunTime:0.0030s ]
SQL: SELECT * FROM `pt_type`  [ RunTime:0.0000s ]
SQL: SHOW COLUMNS FROM `pt_links` [ RunTime:0.0020s ]
SQL: SELECT * FROM `pt_links` WHERE ( state=1 )  [ RunTime:0.0010s ]
SQL: SHOW COLUMNS FROM `pt_news` [ RunTime:0.0020s ]
SQL: SELECT * FROM `pt_news` WHERE ( pid =1 and state=2 ) ORDER BY id desc LIMIT 9   [ RunTime:0.0010s ]
SQL: SELECT * FROM `pt_news` WHERE ( pid =2 and state=2 ) ORDER BY id desc LIMIT 9   [ RunTime:0.0000s ]
SQL: SELECT * FROM `pt_news` WHERE ( pid =3 and state=2 ) ORDER BY id desc LIMIT 9   [ RunTime:0.0000s ]
SQL: SELECT * FROM `pt_news` WHERE ( pid =4 and state=2 ) ORDER BY id desc LIMIT 9   [ RunTime:0.0010s ]
SQL: SELECT * FROM `pt_news` WHERE ( pid =5 and state=2 ) ORDER BY id desc LIMIT 9   [ RunTime:0.0000s ]
SQL: SELECT * FROM `pt_news` WHERE ( pid =6 and state=2 ) ORDER BY id desc LIMIT 9   [ RunTime:0.0010s ]
SQL: SELECT * FROM `pt_news` WHERE ( pid =7 and state=2 ) ORDER BY id desc LIMIT 9   [ RunTime:0.0000s ]
INFO: [ view_parse ] --START--
INFO: [ template_filter ] --START--
INFO: Run Behavior\ContentReplaceBehavior [ RunTime:0.000000s ]
INFO: [ template_filter ] --END-- [ RunTime:0.000000s ]
NOTIC: [8] Use of undefined constant namepath - assumed 'namepath' D:\WWW\sister\Application\Runtime\Cache\Home\2a94b8bda04ff446dcedd42276fc99ee.php 第 68 行.
NOTIC: [8] Use of undefined constant namepath - assumed 'namepath' D:\WWW\sister\Application\Runtime\Cache\Home\2a94b8bda04ff446dcedd42276fc99ee.php 第 68 行.
INFO: Run Behavior\ParseTemplateBehavior [ RunTime:0.010001s ]
INFO: [ view_parse ] --END-- [ RunTime:0.010001s ]
INFO: [ view_filter ] --START--
INFO: Run Behavior\WriteHtmlCacheBehavior [ RunTime:0.000000s ]
INFO: [ view_filter ] --END-- [ RunTime:0.000000s ]
INFO: [ app_end ] --START--
INFO: Run Behavior\ShowPageTraceBehavior [ RunTime:0.001000s ]
INFO: [ app_end ] --END-- [ RunTime:0.001000s ]

[ 2015-11-28T23:45:17+08:00 ] 127.0.0.1 /
INFO: [ app_init ] --START--
INFO: Run Behavior\BuildLiteBehavior [ RunTime:0.000000s ]
INFO: [ app_init ] --END-- [ RunTime:0.001001s ]
INFO: [ app_begin ] --START--
INFO: Run Behavior\ReadHtmlCacheBehavior [ RunTime:0.000000s ]
INFO: [ app_begin ] --END-- [ RunTime:0.000000s ]
SQL: SHOW COLUMNS FROM `pt_type` [ RunTime:0.0030s ]
SQL: SELECT * FROM `pt_type`  [ RunTime:0.0000s ]
SQL: SHOW COLUMNS FROM `pt_links` [ RunTime:0.0030s ]
SQL: SELECT * FROM `pt_links` WHERE ( state=1 )  [ RunTime:0.0010s ]
SQL: SHOW COLUMNS FROM `pt_news` [ RunTime:0.0020s ]
SQL: SELECT * FROM `pt_news` WHERE ( pid =1 and state=2 ) ORDER BY id desc LIMIT 9   [ RunTime:0.0010s ]
SQL: SELECT * FROM `pt_news` WHERE ( pid =2 and state=2 ) ORDER BY id desc LIMIT 9   [ RunTime:0.0010s ]
SQL: SELECT * FROM `pt_news` WHERE ( pid =3 and state=2 ) ORDER BY id desc LIMIT 9   [ RunTime:0.0000s ]
SQL: SELECT * FROM `pt_news` WHERE ( pid =4 and state=2 ) ORDER BY id desc LIMIT 9   [ RunTime:0.0000s ]
SQL: SELECT * FROM `pt_news` WHERE ( pid =5 and state=2 ) ORDER BY id desc LIMIT 9   [ RunTime:0.0010s ]
SQL: SELECT * FROM `pt_news` WHERE ( pid =6 and state=2 ) ORDER BY id desc LIMIT 9   [ RunTime:0.0000s ]
SQL: SELECT * FROM `pt_news` WHERE ( pid =7 and state=2 ) ORDER BY id desc LIMIT 9   [ RunTime:0.0000s ]
INFO: [ view_parse ] --START--
INFO: [ template_filter ] --START--
INFO: Run Behavior\ContentReplaceBehavior [ RunTime:0.000000s ]
INFO: [ template_filter ] --END-- [ RunTime:0.000000s ]
NOTIC: [8] Use of undefined constant namepath - assumed 'namepath' D:\WWW\sister\Application\Runtime\Cache\Home\2a94b8bda04ff446dcedd42276fc99ee.php 第 68 行.
NOTIC: [8] Use of undefined constant namepath - assumed 'namepath' D:\WWW\sister\Application\Runtime\Cache\Home\2a94b8bda04ff446dcedd42276fc99ee.php 第 68 行.
INFO: Run Behavior\ParseTemplateBehavior [ RunTime:0.008001s ]
INFO: [ view_parse ] --END-- [ RunTime:0.008001s ]
INFO: [ view_filter ] --START--
INFO: Run Behavior\WriteHtmlCacheBehavior [ RunTime:0.001000s ]
INFO: [ view_filter ] --END-- [ RunTime:0.001000s ]
INFO: [ app_end ] --START--
INFO: Run Behavior\ShowPageTraceBehavior [ RunTime:0.000000s ]
INFO: [ app_end ] --END-- [ RunTime:0.000000s ]

[ 2015-11-28T23:46:03+08:00 ] 127.0.0.1 /
INFO: [ app_init ] --START--
INFO: Run Behavior\BuildLiteBehavior [ RunTime:0.000000s ]
INFO: [ app_init ] --END-- [ RunTime:0.000000s ]
INFO: [ app_begin ] --START--
INFO: Run Behavior\ReadHtmlCacheBehavior [ RunTime:0.000000s ]
INFO: [ app_begin ] --END-- [ RunTime:0.000000s ]
SQL: SHOW COLUMNS FROM `pt_type` [ RunTime:0.0020s ]
SQL: SELECT * FROM `pt_type`  [ RunTime:0.0010s ]
SQL: SHOW COLUMNS FROM `pt_links` [ RunTime:0.0020s ]
SQL: SELECT * FROM `pt_links` WHERE ( state=1 )  [ RunTime:0.0000s ]
SQL: SHOW COLUMNS FROM `pt_news` [ RunTime:0.0030s ]
SQL: SELECT * FROM `pt_news` WHERE ( pid =1 and state=2 ) ORDER BY id desc LIMIT 9   [ RunTime:0.0010s ]
SQL: SELECT * FROM `pt_news` WHERE ( pid =2 and state=2 ) ORDER BY id desc LIMIT 9   [ RunTime:0.0000s ]
SQL: SELECT * FROM `pt_news` WHERE ( pid =3 and state=2 ) ORDER BY id desc LIMIT 9   [ RunTime:0.0010s ]
SQL: SELECT * FROM `pt_news` WHERE ( pid =4 and state=2 ) ORDER BY id desc LIMIT 9   [ RunTime:0.0010s ]
SQL: SELECT * FROM `pt_news` WHERE ( pid =5 and state=2 ) ORDER BY id desc LIMIT 9   [ RunTime:0.0010s ]
SQL: SELECT * FROM `pt_news` WHERE ( pid =6 and state=2 ) ORDER BY id desc LIMIT 9   [ RunTime:0.0000s ]
SQL: SELECT * FROM `pt_news` WHERE ( pid =7 and state=2 ) ORDER BY id desc LIMIT 9   [ RunTime:0.0010s ]
INFO: [ view_parse ] --START--
INFO: [ template_filter ] --START--
INFO: Run Behavior\ContentReplaceBehavior [ RunTime:0.000000s ]
INFO: [ template_filter ] --END-- [ RunTime:0.000000s ]
NOTIC: [8] Use of undefined constant namepath - assumed 'namepath' D:\WWW\sister\Application\Runtime\Cache\Home\2a94b8bda04ff446dcedd42276fc99ee.php 第 68 行.
NOTIC: [8] Use of undefined constant namepath - assumed 'namepath' D:\WWW\sister\Application\Runtime\Cache\Home\2a94b8bda04ff446dcedd42276fc99ee.php 第 68 行.
INFO: Run Behavior\ParseTemplateBehavior [ RunTime:0.007000s ]
INFO: [ view_parse ] --END-- [ RunTime:0.007000s ]
INFO: [ view_filter ] --START--
INFO: Run Behavior\WriteHtmlCacheBehavior [ RunTime:0.001000s ]
INFO: [ view_filter ] --END-- [ RunTime:0.001000s ]
INFO: [ app_end ] --START--
INFO: Run Behavior\ShowPageTraceBehavior [ RunTime:0.000000s ]
INFO: [ app_end ] --END-- [ RunTime:0.000000s ]

