[ 2015-12-02T12:43:28+08:00 ] 114.240.250.233 /admin_china.php
INFO: [ app_init ] --START--
INFO: Run Behavior\BuildLiteBehavior [ RunTime:0.000022s ]
INFO: [ app_init ] --END-- [ RunTime:0.000496s ]
INFO: [ app_begin ] --START--
INFO: Run Behavior\ReadHtmlCacheBehavior [ RunTime:0.000544s ]
INFO: [ app_begin ] --END-- [ RunTime:0.000622s ]
INFO: [ view_parse ] --START--
INFO: [ template_filter ] --START--
INFO: Run Behavior\ContentReplaceBehavior [ RunTime:0.000042s ]
INFO: [ template_filter ] --END-- [ RunTime:0.000100s ]
INFO: Run Behavior\ParseTemplateBehavior [ RunTime:0.005935s ]
INFO: [ view_parse ] --END-- [ RunTime:0.005993s ]
INFO: [ view_filter ] --START--
INFO: Run Behavior\WriteHtmlCacheBehavior [ RunTime:0.000122s ]
INFO: [ view_filter ] --END-- [ RunTime:0.000172s ]

[ 2015-12-02T12:43:30+08:00 ] 114.240.250.233 /admin_china.php/login/index.html
INFO: [ app_init ] --START--
INFO: Run Behavior\BuildLiteBehavior [ RunTime:0.000016s ]
INFO: [ app_init ] --END-- [ RunTime:0.000330s ]
INFO: [ app_begin ] --START--
INFO: Run Behavior\ReadHtmlCacheBehavior [ RunTime:0.000461s ]
INFO: [ app_begin ] --END-- [ RunTime:0.000522s ]
SQL: SHOW COLUMNS FROM `pt_user` [ RunTime:0.0704s ]
INFO: [ view_parse ] --START--
INFO: [ template_filter ] --START--
INFO: Run Behavior\ContentReplaceBehavior [ RunTime:0.000071s ]
INFO: [ template_filter ] --END-- [ RunTime:0.000146s ]
INFO: Run Behavior\ParseTemplateBehavior [ RunTime:0.029306s ]
INFO: [ view_parse ] --END-- [ RunTime:0.029442s ]
INFO: [ view_filter ] --START--
INFO: Run Behavior\WriteHtmlCacheBehavior [ RunTime:0.000200s ]
INFO: [ view_filter ] --END-- [ RunTime:0.000283s ]
INFO: [ app_end ] --START--
INFO: Run Behavior\ShowPageTraceBehavior [ RunTime:0.000612s ]
INFO: [ app_end ] --END-- [ RunTime:0.000688s ]

[ 2015-12-02T12:43:30+08:00 ] 114.240.250.233 /admin_china.php/Login/verify.html
INFO: [ app_init ] --START--
INFO: Run Behavior\BuildLiteBehavior [ RunTime:0.000022s ]
INFO: [ app_init ] --END-- [ RunTime:0.000517s ]
INFO: [ app_begin ] --START--
INFO: Run Behavior\ReadHtmlCacheBehavior [ RunTime:0.000685s ]
INFO: [ app_begin ] --END-- [ RunTime:0.000784s ]
SQL: SHOW COLUMNS FROM `pt_user` [ RunTime:0.0007s ]
INFO: [ app_end ] --START--
INFO: Run Behavior\ShowPageTraceBehavior [ RunTime:0.000849s ]
INFO: [ app_end ] --END-- [ RunTime:0.001001s ]

[ 2015-12-02T12:43:39+08:00 ] 114.240.250.233 /admin_china.php/login/index.html
INFO: [ app_init ] --START--
INFO: Run Behavior\BuildLiteBehavior [ RunTime:0.000023s ]
INFO: [ app_init ] --END-- [ RunTime:0.000510s ]
INFO: [ app_begin ] --START--
INFO: Run Behavior\ReadHtmlCacheBehavior [ RunTime:0.000671s ]
INFO: [ app_begin ] --END-- [ RunTime:0.000764s ]
SQL: SHOW COLUMNS FROM `pt_user` [ RunTime:0.0009s ]
NOTIC: [2] Missing argument 1 for I(), called in /Data/webapps/sister/Application/Admin/Controller/LoginController.class.php on line 19 and defined /Data/webapps/sister/ThinkPHP/Common/functions.php 第 271 行.
NOTIC: [8] Undefined variable: name /Data/webapps/sister/ThinkPHP/Common/functions.php 第 273 行.
NOTIC: [8] Undefined variable: name /Data/webapps/sister/ThinkPHP/Common/functions.php 第 278 行.
NOTIC: [8] Undefined variable: name /Data/webapps/sister/ThinkPHP/Common/functions.php 第 339 行.
SQL: SHOW COLUMNS FROM `pt_user` [ RunTime:0.0011s ]
SQL: SELECT * FROM `pt_user` WHERE ( username='admin' and state=0 ) LIMIT 1   [ RunTime:0.0453s ]
SQL: UPDATE `pt_user` SET `logintime`='1449031419' WHERE ( id=1 ) [ RunTime:0.0003s ]
NOTIC: [8] Use of undefined constant ENCODE - assumed 'ENCODE' /Data/webapps/sister/Application/Admin/Controller/LoginController.class.php 第 28 行.
NOTIC: [8] Use of undefined constant AUTHKEY - assumed 'AUTHKEY' /Data/webapps/sister/Application/Admin/Model/IndexModel.class.php 第 15 行.
NOTIC: [8] Use of undefined constant ENCODE - assumed 'ENCODE' /Data/webapps/sister/Application/Admin/Controller/LoginController.class.php 第 32 行.
NOTIC: [8] Use of undefined constant AUTHKEY - assumed 'AUTHKEY' /Data/webapps/sister/Application/Admin/Model/IndexModel.class.php 第 15 行.
INFO: [ view_parse ] --START--
INFO: [ template_filter ] --START--
INFO: Run Behavior\ContentReplaceBehavior [ RunTime:0.000065s ]
INFO: [ template_filter ] --END-- [ RunTime:0.000162s ]
INFO: Run Behavior\ParseTemplateBehavior [ RunTime:0.007035s ]
INFO: [ view_parse ] --END-- [ RunTime:0.007108s ]
INFO: [ view_filter ] --START--
INFO: Run Behavior\WriteHtmlCacheBehavior [ RunTime:0.000118s ]
INFO: [ view_filter ] --END-- [ RunTime:0.000171s ]

[ 2015-12-02T12:43:40+08:00 ] 114.240.250.233 /admin_china.php/index/index.html
INFO: [ app_init ] --START--
INFO: Run Behavior\BuildLiteBehavior [ RunTime:0.000025s ]
INFO: [ app_init ] --END-- [ RunTime:0.000519s ]
INFO: [ app_begin ] --START--
INFO: Run Behavior\ReadHtmlCacheBehavior [ RunTime:0.000681s ]
INFO: [ app_begin ] --END-- [ RunTime:0.000775s ]
SQL: SHOW COLUMNS FROM `pt_user` [ RunTime:0.0342s ]
NOTIC: [8] Use of undefined constant DECODE - assumed 'DECODE' /Data/webapps/sister/Application/Admin/Controller/IndexController.class.php 第 16 行.
NOTIC: [8] Use of undefined constant AUTHKEY - assumed 'AUTHKEY' /Data/webapps/sister/Application/Admin/Model/IndexModel.class.php 第 15 行.
NOTIC: [8] Use of undefined constant DECODE - assumed 'DECODE' /Data/webapps/sister/Application/Admin/Controller/IndexController.class.php 第 17 行.
NOTIC: [8] Use of undefined constant AUTHKEY - assumed 'AUTHKEY' /Data/webapps/sister/Application/Admin/Model/IndexModel.class.php 第 15 行.
SQL: SHOW COLUMNS FROM `pt_type` [ RunTime:0.0007s ]
SQL: SELECT * FROM `pt_type`  [ RunTime:0.0003s ]
SQL: SHOW COLUMNS FROM `pt_user` [ RunTime:0.0006s ]
SQL: SELECT COUNT(id) AS tp_count FROM `pt_user` LIMIT 1   [ RunTime:0.0418s ]
SQL: SHOW COLUMNS FROM `pt_news` [ RunTime:0.0101s ]
SQL: SELECT COUNT(id) AS tp_count FROM `pt_news` LIMIT 1   [ RunTime:0.0002s ]
INFO: [ view_parse ] --START--
INFO: [ template_filter ] --START--
INFO: Run Behavior\ContentReplaceBehavior [ RunTime:0.000118s ]
INFO: [ template_filter ] --END-- [ RunTime:0.000232s ]
NOTIC: [8] Use of undefined constant id - assumed 'id' /Data/webapps/sister/Application/Runtime/Cache/Admin/b595b808c2ebeeeb0478ffc30bb4e87a.php 第 66 行.
INFO: Run Behavior\ParseTemplateBehavior [ RunTime:0.031428s ]
INFO: [ view_parse ] --END-- [ RunTime:0.031536s ]
INFO: [ view_filter ] --START--
INFO: Run Behavior\WriteHtmlCacheBehavior [ RunTime:0.000204s ]
INFO: [ view_filter ] --END-- [ RunTime:0.000293s ]
INFO: [ app_end ] --START--
INFO: Run Behavior\ShowPageTraceBehavior [ RunTime:0.000491s ]
INFO: [ app_end ] --END-- [ RunTime:0.000551s ]

[ 2015-12-02T12:43:45+08:00 ] 114.240.250.233 /admin_china.php/News/index.html
INFO: [ app_init ] --START--
INFO: Run Behavior\BuildLiteBehavior [ RunTime:0.000020s ]
INFO: [ app_init ] --END-- [ RunTime:0.000433s ]
INFO: [ app_begin ] --START--
INFO: Run Behavior\ReadHtmlCacheBehavior [ RunTime:0.000595s ]
INFO: [ app_begin ] --END-- [ RunTime:0.000674s ]
NOTIC: [2048] Declaration of Admin\Controller\NewsController::show() should be compatible with Think\Controller::show($content, $charset = '', $contentType = '', $prefix = '') /Data/webapps/sister/Application/Admin/Controller/NewsController.class.php 第 4 行.
SQL: SHOW COLUMNS FROM `pt_user` [ RunTime:0.0200s ]
NOTIC: [8] Use of undefined constant DECODE - assumed 'DECODE' /Data/webapps/sister/Application/Admin/Controller/IndexController.class.php 第 16 行.
NOTIC: [8] Use of undefined constant AUTHKEY - assumed 'AUTHKEY' /Data/webapps/sister/Application/Admin/Model/IndexModel.class.php 第 15 行.
NOTIC: [8] Use of undefined constant DECODE - assumed 'DECODE' /Data/webapps/sister/Application/Admin/Controller/IndexController.class.php 第 17 行.
NOTIC: [8] Use of undefined constant AUTHKEY - assumed 'AUTHKEY' /Data/webapps/sister/Application/Admin/Model/IndexModel.class.php 第 15 行.
SQL: SHOW COLUMNS FROM `pt_type` [ RunTime:0.0078s ]
SQL: SELECT * FROM `pt_type`  [ RunTime:0.0002s ]
SQL: SHOW COLUMNS FROM `pt_news` [ RunTime:0.0133s ]
SQL: SELECT * FROM `pt_type`  [ RunTime:0.0002s ]
SQL: SELECT * FROM `pt_news` ORDER BY id DESC LIMIT 0,20   [ RunTime:0.0004s ]
SQL: SELECT COUNT(*) AS tp_count FROM `pt_news` LIMIT 1   [ RunTime:0.0001s ]
INFO: [ view_parse ] --START--
INFO: [ template_filter ] --START--
INFO: Run Behavior\ContentReplaceBehavior [ RunTime:0.000081s ]
INFO: [ template_filter ] --END-- [ RunTime:0.000166s ]
NOTIC: [8] Use of undefined constant id - assumed 'id' /Data/webapps/sister/Application/Runtime/Cache/Admin/36087655c6ab8580337cdc45b35a926d.php 第 80 行.
INFO: Run Behavior\ParseTemplateBehavior [ RunTime:0.029489s ]
INFO: [ view_parse ] --END-- [ RunTime:0.029572s ]
INFO: [ view_filter ] --START--
INFO: Run Behavior\WriteHtmlCacheBehavior [ RunTime:0.000149s ]
INFO: [ view_filter ] --END-- [ RunTime:0.000212s ]
INFO: [ app_end ] --START--
INFO: Run Behavior\ShowPageTraceBehavior [ RunTime:0.000479s ]
INFO: [ app_end ] --END-- [ RunTime:0.000535s ]

[ 2015-12-02T12:43:49+08:00 ] 114.240.250.233 /admin_china.php/User/index.html
INFO: [ app_init ] --START--
INFO: Run Behavior\BuildLiteBehavior [ RunTime:0.000023s ]
INFO: [ app_init ] --END-- [ RunTime:0.000518s ]
INFO: [ app_begin ] --START--
INFO: Run Behavior\ReadHtmlCacheBehavior [ RunTime:0.000686s ]
INFO: [ app_begin ] --END-- [ RunTime:0.000778s ]
NOTIC: [2048] Declaration of Admin\Controller\UserController::show() should be compatible with Think\Controller::show($content, $charset = '', $contentType = '', $prefix = '') /Data/webapps/sister/Application/Admin/Controller/UserController.class.php 第 4 行.
SQL: SHOW COLUMNS FROM `pt_user` [ RunTime:0.0006s ]
NOTIC: [8] Use of undefined constant DECODE - assumed 'DECODE' /Data/webapps/sister/Application/Admin/Controller/IndexController.class.php 第 16 行.
NOTIC: [8] Use of undefined constant AUTHKEY - assumed 'AUTHKEY' /Data/webapps/sister/Application/Admin/Model/IndexModel.class.php 第 15 行.
NOTIC: [8] Use of undefined constant DECODE - assumed 'DECODE' /Data/webapps/sister/Application/Admin/Controller/IndexController.class.php 第 17 行.
NOTIC: [8] Use of undefined constant AUTHKEY - assumed 'AUTHKEY' /Data/webapps/sister/Application/Admin/Model/IndexModel.class.php 第 15 行.
SQL: SHOW COLUMNS FROM `pt_type` [ RunTime:0.0004s ]
SQL: SELECT * FROM `pt_type`  [ RunTime:0.0002s ]
SQL: SHOW COLUMNS FROM `pt_user` [ RunTime:0.0005s ]
SQL: SELECT * FROM `pt_user` ORDER BY id DESC LIMIT 0,15   [ RunTime:0.0002s ]
SQL: SELECT COUNT(*) AS tp_count FROM `pt_user` LIMIT 1   [ RunTime:0.0001s ]
INFO: [ view_parse ] --START--
INFO: [ template_filter ] --START--
INFO: Run Behavior\ContentReplaceBehavior [ RunTime:0.000101s ]
INFO: [ template_filter ] --END-- [ RunTime:0.000159s ]
NOTIC: [8] Use of undefined constant id - assumed 'id' /Data/webapps/sister/Application/Runtime/Cache/Admin/65e605872ed5d34210f5b33beb13f5a3.php 第 81 行.
INFO: Run Behavior\ParseTemplateBehavior [ RunTime:0.015773s ]
INFO: [ view_parse ] --END-- [ RunTime:0.015838s ]
INFO: [ view_filter ] --START--
INFO: Run Behavior\WriteHtmlCacheBehavior [ RunTime:0.000127s ]
INFO: [ view_filter ] --END-- [ RunTime:0.000176s ]
INFO: [ app_end ] --START--
INFO: Run Behavior\ShowPageTraceBehavior [ RunTime:0.000477s ]
INFO: [ app_end ] --END-- [ RunTime:0.000532s ]

[ 2015-12-02T12:43:50+08:00 ] 114.240.250.233 /admin_china.php
INFO: [ app_init ] --START--
INFO: Run Behavior\BuildLiteBehavior [ RunTime:0.000016s ]
INFO: [ app_init ] --END-- [ RunTime:0.000347s ]
INFO: [ app_begin ] --START--
INFO: Run Behavior\ReadHtmlCacheBehavior [ RunTime:0.000409s ]
INFO: [ app_begin ] --END-- [ RunTime:0.000464s ]
SQL: SHOW COLUMNS FROM `pt_user` [ RunTime:0.0136s ]
NOTIC: [8] Use of undefined constant DECODE - assumed 'DECODE' /Data/webapps/sister/Application/Admin/Controller/IndexController.class.php 第 16 行.
NOTIC: [8] Use of undefined constant AUTHKEY - assumed 'AUTHKEY' /Data/webapps/sister/Application/Admin/Model/IndexModel.class.php 第 15 行.
NOTIC: [8] Use of undefined constant DECODE - assumed 'DECODE' /Data/webapps/sister/Application/Admin/Controller/IndexController.class.php 第 17 行.
NOTIC: [8] Use of undefined constant AUTHKEY - assumed 'AUTHKEY' /Data/webapps/sister/Application/Admin/Model/IndexModel.class.php 第 15 行.
SQL: SHOW COLUMNS FROM `pt_type` [ RunTime:0.0189s ]
SQL: SELECT * FROM `pt_type`  [ RunTime:0.0002s ]
SQL: SHOW COLUMNS FROM `pt_user` [ RunTime:0.0007s ]
SQL: SELECT COUNT(id) AS tp_count FROM `pt_user` LIMIT 1   [ RunTime:0.0001s ]
SQL: SHOW COLUMNS FROM `pt_news` [ RunTime:0.0006s ]
SQL: SELECT COUNT(id) AS tp_count FROM `pt_news` LIMIT 1   [ RunTime:0.0001s ]
INFO: [ view_parse ] --START--
INFO: [ template_filter ] --START--
INFO: Run Behavior\ContentReplaceBehavior [ RunTime:0.000072s ]
INFO: [ template_filter ] --END-- [ RunTime:0.000139s ]
NOTIC: [8] Use of undefined constant id - assumed 'id' /Data/webapps/sister/Application/Runtime/Cache/Admin/b595b808c2ebeeeb0478ffc30bb4e87a.php 第 66 行.
INFO: Run Behavior\ParseTemplateBehavior [ RunTime:0.016426s ]
INFO: [ view_parse ] --END-- [ RunTime:0.016500s ]
INFO: [ view_filter ] --START--
INFO: Run Behavior\WriteHtmlCacheBehavior [ RunTime:0.000122s ]
INFO: [ view_filter ] --END-- [ RunTime:0.000174s ]
INFO: [ app_end ] --START--
INFO: Run Behavior\ShowPageTraceBehavior [ RunTime:0.000467s ]
INFO: [ app_end ] --END-- [ RunTime:0.000525s ]

[ 2015-12-02T12:44:02+08:00 ] 114.240.250.233 /admin_china.php/Type/index.html
INFO: [ app_init ] --START--
INFO: Run Behavior\BuildLiteBehavior [ RunTime:0.000015s ]
INFO: [ app_init ] --END-- [ RunTime:0.000335s ]
INFO: [ app_begin ] --START--
INFO: Run Behavior\ReadHtmlCacheBehavior [ RunTime:0.000439s ]
INFO: [ app_begin ] --END-- [ RunTime:0.000500s ]
SQL: SHOW COLUMNS FROM `pt_user` [ RunTime:0.0096s ]
NOTIC: [8] Use of undefined constant DECODE - assumed 'DECODE' /Data/webapps/sister/Application/Admin/Controller/IndexController.class.php 第 16 行.
NOTIC: [8] Use of undefined constant AUTHKEY - assumed 'AUTHKEY' /Data/webapps/sister/Application/Admin/Model/IndexModel.class.php 第 15 行.
NOTIC: [8] Use of undefined constant DECODE - assumed 'DECODE' /Data/webapps/sister/Application/Admin/Controller/IndexController.class.php 第 17 行.
NOTIC: [8] Use of undefined constant AUTHKEY - assumed 'AUTHKEY' /Data/webapps/sister/Application/Admin/Model/IndexModel.class.php 第 15 行.
SQL: SHOW COLUMNS FROM `pt_type` [ RunTime:0.0172s ]
SQL: SELECT * FROM `pt_type`  [ RunTime:0.0002s ]
SQL: SELECT * FROM `pt_type`  [ RunTime:0.0002s ]
INFO: [ view_parse ] --START--
INFO: [ template_filter ] --START--
INFO: Run Behavior\ContentReplaceBehavior [ RunTime:0.000085s ]
INFO: [ template_filter ] --END-- [ RunTime:0.000155s ]
NOTIC: [8] Use of undefined constant id - assumed 'id' /Data/webapps/sister/Application/Runtime/Cache/Admin/3b6e6feb5346d731534a67390cc3c121.php 第 81 行.
INFO: Run Behavior\ParseTemplateBehavior [ RunTime:0.016341s ]
INFO: [ view_parse ] --END-- [ RunTime:0.016398s ]
INFO: [ view_filter ] --START--
INFO: Run Behavior\WriteHtmlCacheBehavior [ RunTime:0.000110s ]
INFO: [ view_filter ] --END-- [ RunTime:0.000171s ]
INFO: [ app_end ] --START--
INFO: Run Behavior\ShowPageTraceBehavior [ RunTime:0.000431s ]
INFO: [ app_end ] --END-- [ RunTime:0.000488s ]

[ 2015-12-02T12:44:05+08:00 ] 114.240.250.233 /admin_china.php/News/index.html
INFO: [ app_init ] --START--
INFO: Run Behavior\BuildLiteBehavior [ RunTime:0.000024s ]
INFO: [ app_init ] --END-- [ RunTime:0.000512s ]
INFO: [ app_begin ] --START--
INFO: Run Behavior\ReadHtmlCacheBehavior [ RunTime:0.000685s ]
INFO: [ app_begin ] --END-- [ RunTime:0.000790s ]
NOTIC: [2048] Declaration of Admin\Controller\NewsController::show() should be compatible with Think\Controller::show($content, $charset = '', $contentType = '', $prefix = '') /Data/webapps/sister/Application/Admin/Controller/NewsController.class.php 第 4 行.
SQL: SHOW COLUMNS FROM `pt_user` [ RunTime:0.0009s ]
NOTIC: [8] Use of undefined constant DECODE - assumed 'DECODE' /Data/webapps/sister/Application/Admin/Controller/IndexController.class.php 第 16 行.
NOTIC: [8] Use of undefined constant AUTHKEY - assumed 'AUTHKEY' /Data/webapps/sister/Application/Admin/Model/IndexModel.class.php 第 15 行.
NOTIC: [8] Use of undefined constant DECODE - assumed 'DECODE' /Data/webapps/sister/Application/Admin/Controller/IndexController.class.php 第 17 行.
NOTIC: [8] Use of undefined constant AUTHKEY - assumed 'AUTHKEY' /Data/webapps/sister/Application/Admin/Model/IndexModel.class.php 第 15 行.
SQL: SHOW COLUMNS FROM `pt_type` [ RunTime:0.0004s ]
SQL: SELECT * FROM `pt_type`  [ RunTime:0.0001s ]
SQL: SHOW COLUMNS FROM `pt_news` [ RunTime:0.0004s ]
SQL: SELECT * FROM `pt_type`  [ RunTime:0.0001s ]
SQL: SELECT * FROM `pt_news` ORDER BY id DESC LIMIT 0,20   [ RunTime:0.0003s ]
SQL: SELECT COUNT(*) AS tp_count FROM `pt_news` LIMIT 1   [ RunTime:0.0001s ]
INFO: [ view_parse ] --START--
INFO: [ template_filter ] --START--
INFO: Run Behavior\ContentReplaceBehavior [ RunTime:0.000076s ]
INFO: [ template_filter ] --END-- [ RunTime:0.000142s ]
NOTIC: [8] Use of undefined constant id - assumed 'id' /Data/webapps/sister/Application/Runtime/Cache/Admin/36087655c6ab8580337cdc45b35a926d.php 第 80 行.
INFO: Run Behavior\ParseTemplateBehavior [ RunTime:0.060093s ]
INFO: [ view_parse ] --END-- [ RunTime:0.060197s ]
INFO: [ view_filter ] --START--
INFO: Run Behavior\WriteHtmlCacheBehavior [ RunTime:0.000221s ]
INFO: [ view_filter ] --END-- [ RunTime:0.000309s ]
INFO: [ app_end ] --START--
INFO: Run Behavior\ShowPageTraceBehavior [ RunTime:0.000723s ]
INFO: [ app_end ] --END-- [ RunTime:0.000813s ]

[ 2015-12-02T12:44:16+08:00 ] 114.240.250.233 /admin_china.php/News/delete/id/303
INFO: [ app_init ] --START--
INFO: Run Behavior\BuildLiteBehavior [ RunTime:0.000016s ]
INFO: [ app_init ] --END-- [ RunTime:0.000339s ]
INFO: [ app_begin ] --START--
INFO: Run Behavior\ReadHtmlCacheBehavior [ RunTime:0.000437s ]
INFO: [ app_begin ] --END-- [ RunTime:0.000506s ]
NOTIC: [2048] Declaration of Admin\Controller\NewsController::show() should be compatible with Think\Controller::show($content, $charset = '', $contentType = '', $prefix = '') /Data/webapps/sister/Application/Admin/Controller/NewsController.class.php 第 4 行.
SQL: SHOW COLUMNS FROM `pt_user` [ RunTime:0.0148s ]
NOTIC: [8] Use of undefined constant DECODE - assumed 'DECODE' /Data/webapps/sister/Application/Admin/Controller/IndexController.class.php 第 16 行.
NOTIC: [8] Use of undefined constant AUTHKEY - assumed 'AUTHKEY' /Data/webapps/sister/Application/Admin/Model/IndexModel.class.php 第 15 行.
NOTIC: [8] Use of undefined constant DECODE - assumed 'DECODE' /Data/webapps/sister/Application/Admin/Controller/IndexController.class.php 第 17 行.
NOTIC: [8] Use of undefined constant AUTHKEY - assumed 'AUTHKEY' /Data/webapps/sister/Application/Admin/Model/IndexModel.class.php 第 15 行.
SQL: SHOW COLUMNS FROM `pt_type` [ RunTime:0.0103s ]
SQL: SELECT * FROM `pt_type`  [ RunTime:0.0004s ]
SQL: SHOW COLUMNS FROM `pt_news` [ RunTime:0.0007s ]
SQL: DELETE FROM `pt_news` WHERE `id` = 303 [ RunTime:0.0005s ]
INFO: [ view_parse ] --START--
INFO: [ template_filter ] --START--
INFO: Run Behavior\ContentReplaceBehavior [ RunTime:0.000047s ]
INFO: [ template_filter ] --END-- [ RunTime:0.000131s ]
INFO: Run Behavior\ParseTemplateBehavior [ RunTime:0.019672s ]
INFO: [ view_parse ] --END-- [ RunTime:0.019783s ]
INFO: [ view_filter ] --START--
INFO: Run Behavior\WriteHtmlCacheBehavior [ RunTime:0.000188s ]
INFO: [ view_filter ] --END-- [ RunTime:0.000295s ]

[ 2015-12-02T12:44:17+08:00 ] 114.240.250.233 /admin_china.php/news/index.html
INFO: [ app_init ] --START--
INFO: Run Behavior\BuildLiteBehavior [ RunTime:0.000064s ]
INFO: [ app_init ] --END-- [ RunTime:0.000389s ]
INFO: [ app_begin ] --START--
INFO: Run Behavior\ReadHtmlCacheBehavior [ RunTime:0.000426s ]
INFO: [ app_begin ] --END-- [ RunTime:0.000485s ]
NOTIC: [2048] Declaration of Admin\Controller\NewsController::show() should be compatible with Think\Controller::show($content, $charset = '', $contentType = '', $prefix = '') /Data/webapps/sister/Application/Admin/Controller/NewsController.class.php 第 4 行.
SQL: SHOW COLUMNS FROM `pt_user` [ RunTime:0.0006s ]
NOTIC: [8] Use of undefined constant DECODE - assumed 'DECODE' /Data/webapps/sister/Application/Admin/Controller/IndexController.class.php 第 16 行.
NOTIC: [8] Use of undefined constant AUTHKEY - assumed 'AUTHKEY' /Data/webapps/sister/Application/Admin/Model/IndexModel.class.php 第 15 行.
NOTIC: [8] Use of undefined constant DECODE - assumed 'DECODE' /Data/webapps/sister/Application/Admin/Controller/IndexController.class.php 第 17 行.
NOTIC: [8] Use of undefined constant AUTHKEY - assumed 'AUTHKEY' /Data/webapps/sister/Application/Admin/Model/IndexModel.class.php 第 15 行.
SQL: SHOW COLUMNS FROM `pt_type` [ RunTime:0.0004s ]
SQL: SELECT * FROM `pt_type`  [ RunTime:0.0001s ]
SQL: SHOW COLUMNS FROM `pt_news` [ RunTime:0.0004s ]
SQL: SELECT * FROM `pt_type`  [ RunTime:0.0001s ]
SQL: SELECT * FROM `pt_news` ORDER BY id DESC LIMIT 0,20   [ RunTime:0.0003s ]
SQL: SELECT COUNT(*) AS tp_count FROM `pt_news` LIMIT 1   [ RunTime:0.0001s ]
INFO: [ view_parse ] --START--
INFO: [ template_filter ] --START--
INFO: Run Behavior\ContentReplaceBehavior [ RunTime:0.000078s ]
INFO: [ template_filter ] --END-- [ RunTime:0.000143s ]
NOTIC: [8] Use of undefined constant id - assumed 'id' /Data/webapps/sister/Application/Runtime/Cache/Admin/36087655c6ab8580337cdc45b35a926d.php 第 80 行.
INFO: Run Behavior\ParseTemplateBehavior [ RunTime:0.030316s ]
INFO: [ view_parse ] --END-- [ RunTime:0.030379s ]
INFO: [ view_filter ] --START--
INFO: Run Behavior\WriteHtmlCacheBehavior [ RunTime:0.000133s ]
INFO: [ view_filter ] --END-- [ RunTime:0.000186s ]
INFO: [ app_end ] --START--
INFO: Run Behavior\ShowPageTraceBehavior [ RunTime:0.000452s ]
INFO: [ app_end ] --END-- [ RunTime:0.000509s ]

[ 2015-12-02T12:44:36+08:00 ] 114.240.250.233 /admin_china.php/News/delete.html
INFO: [ app_init ] --START--
INFO: Run Behavior\BuildLiteBehavior [ RunTime:0.000025s ]
INFO: [ app_init ] --END-- [ RunTime:0.000513s ]
INFO: [ app_begin ] --START--
INFO: Run Behavior\ReadHtmlCacheBehavior [ RunTime:0.000647s ]
INFO: [ app_begin ] --END-- [ RunTime:0.000734s ]
NOTIC: [2048] Declaration of Admin\Controller\NewsController::show() should be compatible with Think\Controller::show($content, $charset = '', $contentType = '', $prefix = '') /Data/webapps/sister/Application/Admin/Controller/NewsController.class.php 第 4 行.
SQL: SHOW COLUMNS FROM `pt_user` [ RunTime:0.0252s ]
NOTIC: [8] Use of undefined constant DECODE - assumed 'DECODE' /Data/webapps/sister/Application/Admin/Controller/IndexController.class.php 第 16 行.
NOTIC: [8] Use of undefined constant AUTHKEY - assumed 'AUTHKEY' /Data/webapps/sister/Application/Admin/Model/IndexModel.class.php 第 15 行.
NOTIC: [8] Use of undefined constant DECODE - assumed 'DECODE' /Data/webapps/sister/Application/Admin/Controller/IndexController.class.php 第 17 行.
NOTIC: [8] Use of undefined constant AUTHKEY - assumed 'AUTHKEY' /Data/webapps/sister/Application/Admin/Model/IndexModel.class.php 第 15 行.
SQL: SHOW COLUMNS FROM `pt_type` [ RunTime:0.0006s ]
SQL: SELECT * FROM `pt_type`  [ RunTime:0.0002s ]
SQL: SHOW COLUMNS FROM `pt_news` [ RunTime:0.0004s ]
SQL: DELETE FROM `pt_news` WHERE `id` IN ('304','302','301') [ RunTime:0.0004s ]
INFO: [ view_parse ] --START--
INFO: [ template_filter ] --START--
INFO: Run Behavior\ContentReplaceBehavior [ RunTime:0.000111s ]
INFO: [ template_filter ] --END-- [ RunTime:0.000238s ]
INFO: Run Behavior\ParseTemplateBehavior [ RunTime:0.023046s ]
INFO: [ view_parse ] --END-- [ RunTime:0.023162s ]
INFO: [ view_filter ] --START--
INFO: Run Behavior\WriteHtmlCacheBehavior [ RunTime:0.000269s ]
INFO: [ view_filter ] --END-- [ RunTime:0.000386s ]

[ 2015-12-02T12:44:37+08:00 ] 114.240.250.233 /admin_china.php/news/index.html
INFO: [ app_init ] --START--
INFO: Run Behavior\BuildLiteBehavior [ RunTime:0.000023s ]
INFO: [ app_init ] --END-- [ RunTime:0.000566s ]
INFO: [ app_begin ] --START--
INFO: Run Behavior\ReadHtmlCacheBehavior [ RunTime:0.000675s ]
INFO: [ app_begin ] --END-- [ RunTime:0.000773s ]
NOTIC: [2048] Declaration of Admin\Controller\NewsController::show() should be compatible with Think\Controller::show($content, $charset = '', $contentType = '', $prefix = '') /Data/webapps/sister/Application/Admin/Controller/NewsController.class.php 第 4 行.
SQL: SHOW COLUMNS FROM `pt_user` [ RunTime:0.1186s ]
NOTIC: [8] Use of undefined constant DECODE - assumed 'DECODE' /Data/webapps/sister/Application/Admin/Controller/IndexController.class.php 第 16 行.
NOTIC: [8] Use of undefined constant AUTHKEY - assumed 'AUTHKEY' /Data/webapps/sister/Application/Admin/Model/IndexModel.class.php 第 15 行.
NOTIC: [8] Use of undefined constant DECODE - assumed 'DECODE' /Data/webapps/sister/Application/Admin/Controller/IndexController.class.php 第 17 行.
NOTIC: [8] Use of undefined constant AUTHKEY - assumed 'AUTHKEY' /Data/webapps/sister/Application/Admin/Model/IndexModel.class.php 第 15 行.
SQL: SHOW COLUMNS FROM `pt_type` [ RunTime:0.0005s ]
SQL: SELECT * FROM `pt_type`  [ RunTime:0.0002s ]
SQL: SHOW COLUMNS FROM `pt_news` [ RunTime:0.0004s ]
SQL: SELECT * FROM `pt_type`  [ RunTime:0.0001s ]
SQL: SELECT * FROM `pt_news` ORDER BY id DESC LIMIT 0,20   [ RunTime:0.0003s ]
SQL: SELECT COUNT(*) AS tp_count FROM `pt_news` LIMIT 1   [ RunTime:0.0001s ]
INFO: [ view_parse ] --START--
INFO: [ template_filter ] --START--
INFO: Run Behavior\ContentReplaceBehavior [ RunTime:0.000079s ]
INFO: [ template_filter ] --END-- [ RunTime:0.000146s ]
NOTIC: [8] Use of undefined constant id - assumed 'id' /Data/webapps/sister/Application/Runtime/Cache/Admin/36087655c6ab8580337cdc45b35a926d.php 第 80 行.
INFO: Run Behavior\ParseTemplateBehavior [ RunTime:0.316851s ]
INFO: [ view_parse ] --END-- [ RunTime:0.316935s ]
INFO: [ view_filter ] --START--
INFO: Run Behavior\WriteHtmlCacheBehavior [ RunTime:0.000148s ]
INFO: [ view_filter ] --END-- [ RunTime:0.000202s ]
INFO: [ app_end ] --START--
INFO: Run Behavior\ShowPageTraceBehavior [ RunTime:0.000465s ]
INFO: [ app_end ] --END-- [ RunTime:0.000520s ]

[ 2015-12-02T21:45:53+08:00 ] 114.240.250.233 /admin_china.php
INFO: [ app_init ] --START--
INFO: Run Behavior\BuildLiteBehavior [ RunTime:0.000016s ]
INFO: [ app_init ] --END-- [ RunTime:0.000333s ]
INFO: [ app_begin ] --START--
INFO: Run Behavior\ReadHtmlCacheBehavior [ RunTime:0.005326s ]
INFO: [ app_begin ] --END-- [ RunTime:0.005394s ]
INFO: [ view_parse ] --START--
INFO: [ template_filter ] --START--
INFO: Run Behavior\ContentReplaceBehavior [ RunTime:0.000068s ]
INFO: [ template_filter ] --END-- [ RunTime:0.000177s ]
INFO: Run Behavior\ParseTemplateBehavior [ RunTime:0.031834s ]
INFO: [ view_parse ] --END-- [ RunTime:0.031931s ]
INFO: [ view_filter ] --START--
INFO: Run Behavior\WriteHtmlCacheBehavior [ RunTime:0.004683s ]
INFO: [ view_filter ] --END-- [ RunTime:0.004768s ]

[ 2015-12-02T21:45:54+08:00 ] 114.240.250.233 /admin_china.php/login/index.html
INFO: [ app_init ] --START--
INFO: Run Behavior\BuildLiteBehavior [ RunTime:0.000017s ]
INFO: [ app_init ] --END-- [ RunTime:0.000359s ]
INFO: [ app_begin ] --START--
INFO: Run Behavior\ReadHtmlCacheBehavior [ RunTime:0.000446s ]
INFO: [ app_begin ] --END-- [ RunTime:0.000510s ]
SQL: SHOW COLUMNS FROM `pt_user` [ RunTime:0.0099s ]
INFO: [ view_parse ] --START--
INFO: [ template_filter ] --START--
INFO: Run Behavior\ContentReplaceBehavior [ RunTime:0.000075s ]
INFO: [ template_filter ] --END-- [ RunTime:0.000156s ]
INFO: Run Behavior\ParseTemplateBehavior [ RunTime:0.029424s ]
INFO: [ view_parse ] --END-- [ RunTime:0.029487s ]
INFO: [ view_filter ] --START--
INFO: Run Behavior\WriteHtmlCacheBehavior [ RunTime:0.000150s ]
INFO: [ view_filter ] --END-- [ RunTime:0.000201s ]
INFO: [ app_end ] --START--
INFO: Run Behavior\ShowPageTraceBehavior [ RunTime:0.001242s ]
INFO: [ app_end ] --END-- [ RunTime:0.001341s ]

[ 2015-12-02T21:45:55+08:00 ] 114.240.250.233 /admin_china.php/Login/verify.html
INFO: [ app_init ] --START--
INFO: Run Behavior\BuildLiteBehavior [ RunTime:0.000015s ]
INFO: [ app_init ] --END-- [ RunTime:0.000343s ]
INFO: [ app_begin ] --START--
INFO: Run Behavior\ReadHtmlCacheBehavior [ RunTime:0.000474s ]
INFO: [ app_begin ] --END-- [ RunTime:0.000532s ]
SQL: SHOW COLUMNS FROM `pt_user` [ RunTime:0.0062s ]
INFO: [ app_end ] --START--
INFO: Run Behavior\ShowPageTraceBehavior [ RunTime:0.000827s ]
INFO: [ app_end ] --END-- [ RunTime:0.000940s ]

[ 2015-12-02T21:46:00+08:00 ] 114.240.250.233 /admin_china.php/Login/verify/rnd/0.3090436509810388
INFO: [ app_init ] --START--
INFO: Run Behavior\BuildLiteBehavior [ RunTime:0.000017s ]
INFO: [ app_init ] --END-- [ RunTime:0.000344s ]
INFO: [ app_begin ] --START--
INFO: Run Behavior\ReadHtmlCacheBehavior [ RunTime:0.000476s ]
INFO: [ app_begin ] --END-- [ RunTime:0.000537s ]
SQL: SHOW COLUMNS FROM `pt_user` [ RunTime:0.0078s ]
INFO: [ app_end ] --START--
INFO: Run Behavior\ShowPageTraceBehavior [ RunTime:0.000720s ]
INFO: [ app_end ] --END-- [ RunTime:0.000816s ]

[ 2015-12-02T21:46:01+08:00 ] 114.240.250.233 /admin_china.php/Login/verify/rnd/0.8542591040022671
INFO: [ app_init ] --START--
INFO: Run Behavior\BuildLiteBehavior [ RunTime:0.000017s ]
INFO: [ app_init ] --END-- [ RunTime:0.000351s ]
INFO: [ app_begin ] --START--
INFO: Run Behavior\ReadHtmlCacheBehavior [ RunTime:0.000457s ]
INFO: [ app_begin ] --END-- [ RunTime:0.000521s ]
SQL: SHOW COLUMNS FROM `pt_user` [ RunTime:0.0051s ]
INFO: [ app_end ] --START--
INFO: Run Behavior\ShowPageTraceBehavior [ RunTime:0.000711s ]
INFO: [ app_end ] --END-- [ RunTime:0.000818s ]

[ 2015-12-02T21:46:02+08:00 ] 114.240.250.233 /admin_china.php/Login/verify/rnd/0.8016219267155975
INFO: [ app_init ] --START--
INFO: Run Behavior\BuildLiteBehavior [ RunTime:0.000015s ]
INFO: [ app_init ] --END-- [ RunTime:0.000334s ]
INFO: [ app_begin ] --START--
INFO: Run Behavior\ReadHtmlCacheBehavior [ RunTime:0.000432s ]
INFO: [ app_begin ] --END-- [ RunTime:0.000490s ]
SQL: SHOW COLUMNS FROM `pt_user` [ RunTime:0.0078s ]
INFO: [ app_end ] --START--
INFO: Run Behavior\ShowPageTraceBehavior [ RunTime:0.000552s ]
INFO: [ app_end ] --END-- [ RunTime:0.000629s ]

[ 2015-12-02T21:56:40+08:00 ] 114.240.250.233 /admin_china.php
INFO: [ app_init ] --START--
INFO: Run Behavior\BuildLiteBehavior [ RunTime:0.000015s ]
INFO: [ app_init ] --END-- [ RunTime:0.000337s ]
INFO: [ app_begin ] --START--
INFO: Run Behavior\ReadHtmlCacheBehavior [ RunTime:0.000440s ]
INFO: [ app_begin ] --END-- [ RunTime:0.000510s ]
INFO: [ view_parse ] --START--
INFO: [ template_filter ] --START--
INFO: Run Behavior\ContentReplaceBehavior [ RunTime:0.000057s ]
INFO: [ template_filter ] --END-- [ RunTime:0.000143s ]
INFO: Run Behavior\ParseTemplateBehavior [ RunTime:0.008437s ]
INFO: [ view_parse ] --END-- [ RunTime:0.008530s ]
INFO: [ view_filter ] --START--
INFO: Run Behavior\WriteHtmlCacheBehavior [ RunTime:0.000188s ]
INFO: [ view_filter ] --END-- [ RunTime:0.000263s ]

[ 2015-12-02T21:56:42+08:00 ] 114.240.250.233 /admin_china.php/login/index.html
INFO: [ app_init ] --START--
INFO: Run Behavior\BuildLiteBehavior [ RunTime:0.000015s ]
INFO: [ app_init ] --END-- [ RunTime:0.000337s ]
INFO: [ app_begin ] --START--
INFO: Run Behavior\ReadHtmlCacheBehavior [ RunTime:0.000432s ]
INFO: [ app_begin ] --END-- [ RunTime:0.000490s ]
SQL: SHOW COLUMNS FROM `pt_user` [ RunTime:0.0007s ]
INFO: [ view_parse ] --START--
INFO: [ template_filter ] --START--
INFO: Run Behavior\ContentReplaceBehavior [ RunTime:0.000058s ]
INFO: [ template_filter ] --END-- [ RunTime:0.000122s ]
INFO: Run Behavior\ParseTemplateBehavior [ RunTime:0.008466s ]
INFO: [ view_parse ] --END-- [ RunTime:0.008523s ]
INFO: [ view_filter ] --START--
INFO: Run Behavior\WriteHtmlCacheBehavior [ RunTime:0.000122s ]
INFO: [ view_filter ] --END-- [ RunTime:0.000173s ]
INFO: [ app_end ] --START--
INFO: Run Behavior\ShowPageTraceBehavior [ RunTime:0.000456s ]
INFO: [ app_end ] --END-- [ RunTime:0.000531s ]

[ 2015-12-02T21:56:42+08:00 ] 114.240.250.233 /admin_china.php/Login/verify.html
INFO: [ app_init ] --START--
INFO: Run Behavior\BuildLiteBehavior [ RunTime:0.000032s ]
INFO: [ app_init ] --END-- [ RunTime:0.000575s ]
INFO: [ app_begin ] --START--
INFO: Run Behavior\ReadHtmlCacheBehavior [ RunTime:0.000755s ]
INFO: [ app_begin ] --END-- [ RunTime:0.000849s ]
SQL: SHOW COLUMNS FROM `pt_user` [ RunTime:0.0010s ]
INFO: [ app_end ] --START--
INFO: Run Behavior\ShowPageTraceBehavior [ RunTime:0.000494s ]
INFO: [ app_end ] --END-- [ RunTime:0.000556s ]

[ 2015-12-02T21:56:44+08:00 ] 114.240.250.233 /admin_china.php/login/index.html
INFO: [ app_init ] --START--
INFO: Run Behavior\BuildLiteBehavior [ RunTime:0.000012s ]
INFO: [ app_init ] --END-- [ RunTime:0.001325s ]
INFO: [ app_begin ] --START--
INFO: Run Behavior\ReadHtmlCacheBehavior [ RunTime:0.000408s ]
INFO: [ app_begin ] --END-- [ RunTime:0.000461s ]
SQL: SHOW COLUMNS FROM `pt_user` [ RunTime:0.0009s ]
INFO: [ view_parse ] --START--
INFO: [ template_filter ] --START--
INFO: Run Behavior\ContentReplaceBehavior [ RunTime:0.000092s ]
INFO: [ template_filter ] --END-- [ RunTime:0.000202s ]
INFO: Run Behavior\ParseTemplateBehavior [ RunTime:0.013104s ]
INFO: [ view_parse ] --END-- [ RunTime:0.013189s ]
INFO: [ view_filter ] --START--
INFO: Run Behavior\WriteHtmlCacheBehavior [ RunTime:0.000165s ]
INFO: [ view_filter ] --END-- [ RunTime:0.000244s ]
INFO: [ app_end ] --START--
INFO: Run Behavior\ShowPageTraceBehavior [ RunTime:0.000723s ]
INFO: [ app_end ] --END-- [ RunTime:0.000812s ]

[ 2015-12-02T21:56:44+08:00 ] 114.240.250.233 /admin_china.php/Login/verify/rnd/0.9956266244022481
INFO: [ app_init ] --START--
INFO: Run Behavior\BuildLiteBehavior [ RunTime:0.000015s ]
INFO: [ app_init ] --END-- [ RunTime:0.000303s ]
INFO: [ app_begin ] --START--
INFO: Run Behavior\ReadHtmlCacheBehavior [ RunTime:0.001426s ]
INFO: [ app_begin ] --END-- [ RunTime:0.001486s ]
SQL: SHOW COLUMNS FROM `pt_user` [ RunTime:0.0008s ]
INFO: [ app_end ] --START--
INFO: Run Behavior\ShowPageTraceBehavior [ RunTime:0.000723s ]
INFO: [ app_end ] --END-- [ RunTime:0.000813s ]

[ 2015-12-02T21:56:44+08:00 ] 114.240.250.233 /admin_china.php/Login/verify.html
INFO: [ app_init ] --START--
INFO: Run Behavior\BuildLiteBehavior [ RunTime:0.000026s ]
INFO: [ app_init ] --END-- [ RunTime:0.000634s ]
INFO: [ app_begin ] --START--
INFO: Run Behavior\ReadHtmlCacheBehavior [ RunTime:0.000709s ]
INFO: [ app_begin ] --END-- [ RunTime:0.000799s ]
SQL: SHOW COLUMNS FROM `pt_user` [ RunTime:0.0008s ]
INFO: [ app_end ] --START--
INFO: Run Behavior\ShowPageTraceBehavior [ RunTime:0.001157s ]
INFO: [ app_end ] --END-- [ RunTime:0.001323s ]

[ 2015-12-02T21:56:45+08:00 ] 114.240.250.233 /admin_china.php/Login/verify/rnd/0.7627473054064882
INFO: [ app_init ] --START--
INFO: Run Behavior\BuildLiteBehavior [ RunTime:0.000028s ]
INFO: [ app_init ] --END-- [ RunTime:0.002552s ]
INFO: [ app_begin ] --START--
INFO: Run Behavior\ReadHtmlCacheBehavior [ RunTime:0.002421s ]
INFO: [ app_begin ] --END-- [ RunTime:0.002539s ]
SQL: SHOW COLUMNS FROM `pt_user` [ RunTime:0.0013s ]
INFO: [ app_end ] --START--
INFO: Run Behavior\ShowPageTraceBehavior [ RunTime:0.001078s ]
INFO: [ app_end ] --END-- [ RunTime:0.001204s ]

[ 2015-12-02T21:56:45+08:00 ] 114.240.250.233 /admin_china.php/login/index.html
INFO: [ app_init ] --START--
INFO: Run Behavior\BuildLiteBehavior [ RunTime:0.000019s ]
INFO: [ app_init ] --END-- [ RunTime:0.000414s ]
INFO: [ app_begin ] --START--
INFO: Run Behavior\ReadHtmlCacheBehavior [ RunTime:0.000468s ]
INFO: [ app_begin ] --END-- [ RunTime:0.000526s ]
SQL: SHOW COLUMNS FROM `pt_user` [ RunTime:0.0008s ]
INFO: [ view_parse ] --START--
INFO: [ template_filter ] --START--
INFO: Run Behavior\ContentReplaceBehavior [ RunTime:0.000108s ]
INFO: [ template_filter ] --END-- [ RunTime:0.000228s ]
INFO: Run Behavior\ParseTemplateBehavior [ RunTime:0.011428s ]
INFO: [ view_parse ] --END-- [ RunTime:0.011515s ]
INFO: [ view_filter ] --START--
INFO: Run Behavior\WriteHtmlCacheBehavior [ RunTime:0.000187s ]
INFO: [ view_filter ] --END-- [ RunTime:0.000279s ]
INFO: [ app_end ] --START--
INFO: Run Behavior\ShowPageTraceBehavior [ RunTime:0.000715s ]
INFO: [ app_end ] --END-- [ RunTime:0.000794s ]

[ 2015-12-02T21:56:45+08:00 ] 114.240.250.233 /admin_china.php/Login/verify.html
INFO: [ app_init ] --START--
INFO: Run Behavior\BuildLiteBehavior [ RunTime:0.000014s ]
INFO: [ app_init ] --END-- [ RunTime:0.000333s ]
INFO: [ app_begin ] --START--
INFO: Run Behavior\ReadHtmlCacheBehavior [ RunTime:0.000448s ]
INFO: [ app_begin ] --END-- [ RunTime:0.000509s ]
SQL: SHOW COLUMNS FROM `pt_user` [ RunTime:0.0008s ]
INFO: [ app_end ] --START--
INFO: Run Behavior\ShowPageTraceBehavior [ RunTime:0.000830s ]
INFO: [ app_end ] --END-- [ RunTime:0.000950s ]

[ 2015-12-02T21:56:48+08:00 ] 114.240.250.233 /admin_china.php/Login/verify/rnd/0.36559898653416356
INFO: [ app_init ] --START--
INFO: Run Behavior\BuildLiteBehavior [ RunTime:0.000014s ]
INFO: [ app_init ] --END-- [ RunTime:0.000326s ]
INFO: [ app_begin ] --START--
INFO: Run Behavior\ReadHtmlCacheBehavior [ RunTime:0.000440s ]
INFO: [ app_begin ] --END-- [ RunTime:0.000497s ]
SQL: SHOW COLUMNS FROM `pt_user` [ RunTime:0.0006s ]
INFO: [ app_end ] --START--
INFO: Run Behavior\ShowPageTraceBehavior [ RunTime:0.000465s ]
INFO: [ app_end ] --END-- [ RunTime:0.000524s ]

[ 2015-12-02T21:56:48+08:00 ] 114.240.250.233 /admin_china.php/Login/verify/rnd/0.34337754505553675
INFO: [ app_init ] --START--
INFO: Run Behavior\BuildLiteBehavior [ RunTime:0.000017s ]
INFO: [ app_init ] --END-- [ RunTime:0.000343s ]
INFO: [ app_begin ] --START--
INFO: Run Behavior\ReadHtmlCacheBehavior [ RunTime:0.000502s ]
INFO: [ app_begin ] --END-- [ RunTime:0.000560s ]
SQL: SHOW COLUMNS FROM `pt_user` [ RunTime:0.0007s ]
INFO: [ app_end ] --START--
INFO: Run Behavior\ShowPageTraceBehavior [ RunTime:0.000608s ]
INFO: [ app_end ] --END-- [ RunTime:0.000689s ]

[ 2015-12-02T21:56:49+08:00 ] 114.240.250.233 /admin_china.php/Login/verify/rnd/0.9827088541007608
INFO: [ app_init ] --START--
INFO: Run Behavior\BuildLiteBehavior [ RunTime:0.000022s ]
INFO: [ app_init ] --END-- [ RunTime:0.000531s ]
INFO: [ app_begin ] --START--
INFO: Run Behavior\ReadHtmlCacheBehavior [ RunTime:0.000441s ]
INFO: [ app_begin ] --END-- [ RunTime:0.000520s ]
SQL: SHOW COLUMNS FROM `pt_user` [ RunTime:0.0009s ]
INFO: [ app_end ] --START--
INFO: Run Behavior\ShowPageTraceBehavior [ RunTime:0.000754s ]
INFO: [ app_end ] --END-- [ RunTime:0.000851s ]

[ 2015-12-02T21:56:49+08:00 ] 114.240.250.233 /admin_china.php/login/index.html
INFO: [ app_init ] --START--
INFO: Run Behavior\BuildLiteBehavior [ RunTime:0.000016s ]
INFO: [ app_init ] --END-- [ RunTime:0.000326s ]
INFO: [ app_begin ] --START--
INFO: Run Behavior\ReadHtmlCacheBehavior [ RunTime:0.000465s ]
INFO: [ app_begin ] --END-- [ RunTime:0.000536s ]
SQL: SHOW COLUMNS FROM `pt_user` [ RunTime:0.0009s ]
INFO: [ view_parse ] --START--
INFO: [ template_filter ] --START--
INFO: Run Behavior\ContentReplaceBehavior [ RunTime:0.000106s ]
INFO: [ template_filter ] --END-- [ RunTime:0.000266s ]
INFO: Run Behavior\ParseTemplateBehavior [ RunTime:0.013608s ]
INFO: [ view_parse ] --END-- [ RunTime:0.013708s ]
INFO: [ view_filter ] --START--
INFO: Run Behavior\WriteHtmlCacheBehavior [ RunTime:0.000175s ]
INFO: [ view_filter ] --END-- [ RunTime:0.000256s ]
INFO: [ app_end ] --START--
INFO: Run Behavior\ShowPageTraceBehavior [ RunTime:0.000741s ]
INFO: [ app_end ] --END-- [ RunTime:0.000828s ]

[ 2015-12-02T21:56:49+08:00 ] 114.240.250.233 /admin_china.php/Login/verify.html
INFO: [ app_init ] --START--
INFO: Run Behavior\BuildLiteBehavior [ RunTime:0.000014s ]
INFO: [ app_init ] --END-- [ RunTime:0.000325s ]
INFO: [ app_begin ] --START--
INFO: Run Behavior\ReadHtmlCacheBehavior [ RunTime:0.000434s ]
INFO: [ app_begin ] --END-- [ RunTime:0.000493s ]
SQL: SHOW COLUMNS FROM `pt_user` [ RunTime:0.0006s ]
INFO: [ app_end ] --START--
INFO: Run Behavior\ShowPageTraceBehavior [ RunTime:0.000473s ]
INFO: [ app_end ] --END-- [ RunTime:0.000551s ]

